[0.016s] Invoking command in '/home/eleanorlow/Robo1_HAJE/build/robo1_haje': CMAKE_PREFIX_PATH=${CMAKE_PREFIX_PATH}:/home/eleanorlow/spcrob/ros_ws2/install/path_planner:/opt/ros/humble /usr/bin/cmake --build /home/eleanorlow/Robo1_HAJE/build/robo1_haje -- -j8 -l8
[0.047s] Invoked command in '/home/eleanorlow/Robo1_HAJE/build/robo1_haje' returned '0': CMAKE_PREFIX_PATH=${CMAKE_PREFIX_PATH}:/home/eleanorlow/spcrob/ros_ws2/install/path_planner:/opt/ros/humble /usr/bin/cmake --build /home/eleanorlow/Robo1_HAJE/build/robo1_haje -- -j8 -l8
[0.054s] Invoking command in '/home/eleanorlow/Robo1_HAJE/build/robo1_haje': CMAKE_PREFIX_PATH=${CMAKE_PREFIX_PATH}:/home/eleanorlow/spcrob/ros_ws2/install/path_planner:/opt/ros/humble /usr/bin/cmake --install /home/eleanorlow/Robo1_HAJE/build/robo1_haje
[0.059s] -- Install configuration: ""
[0.059s] -- Up-to-date: /home/eleanorlow/Robo1_HAJE/install/robo1_haje/share/robo1_haje/config
[0.059s] -- Up-to-date: /home/eleanorlow/Robo1_HAJE/install/robo1_haje/share/robo1_haje/config/gazebo_bridge.yaml
[0.059s] -- Up-to-date: /home/eleanorlow/Robo1_HAJE/install/robo1_haje/share/robo1_haje/config/robot_localization.yaml
[0.059s] -- Up-to-date: /home/eleanorlow/Robo1_HAJE/install/robo1_haje/share/robo1_haje/config/drone.rviz
[0.060s] -- Up-to-date: /home/eleanorlow/Robo1_HAJE/install/robo1_haje/share/robo1_haje/config/slam_params.yaml
[0.060s] -- Up-to-date: /home/eleanorlow/Robo1_HAJE/install/robo1_haje/share/robo1_haje/config/nav2_params.yaml
[0.060s] -- Up-to-date: /home/eleanorlow/Robo1_HAJE/install/robo1_haje/share/robo1_haje/launch
[0.060s] -- Installing: /home/eleanorlow/Robo1_HAJE/install/robo1_haje/share/robo1_haje/launch/launch.py
[0.060s] -- Up-to-date: /home/eleanorlow/Robo1_HAJE/install/robo1_haje/share/robo1_haje/launch/launch_2.py
[0.060s] -- Installing: /home/eleanorlow/Robo1_HAJE/install/robo1_haje/share/robo1_haje/launch/drone_ignition.launch.py
[0.060s] -- Installing: /home/eleanorlow/Robo1_HAJE/install/robo1_haje/share/robo1_haje/launch/drone_navigation.launch.py
[0.060s] -- Up-to-date: /home/eleanorlow/Robo1_HAJE/install/robo1_haje/share/robo1_haje/models
[0.060s] -- Up-to-date: /home/eleanorlow/Robo1_HAJE/install/robo1_haje/share/robo1_haje/models/palm_tree
[0.060s] -- Up-to-date: /home/eleanorlow/Robo1_HAJE/install/robo1_haje/share/robo1_haje/models/palm_tree/model.config
[0.060s] -- Up-to-date: /home/eleanorlow/Robo1_HAJE/install/robo1_haje/share/robo1_haje/models/palm_tree/meshes
[0.060s] -- Up-to-date: /home/eleanorlow/Robo1_HAJE/install/robo1_haje/share/robo1_haje/models/palm_tree/meshes/model
[0.060s] -- Up-to-date: /home/eleanorlow/Robo1_HAJE/install/robo1_haje/share/robo1_haje/models/palm_tree/meshes/model/__Wood_Lumber_ButtJoined_.jpg
[0.060s] -- Up-to-date: /home/eleanorlow/Robo1_HAJE/install/robo1_haje/share/robo1_haje/models/palm_tree/meshes/palm_tree.dae
[0.060s] -- Up-to-date: /home/eleanorlow/Robo1_HAJE/install/robo1_haje/share/robo1_haje/models/palm_tree/model.sdf
[0.060s] -- Up-to-date: /home/eleanorlow/Robo1_HAJE/install/robo1_haje/share/robo1_haje/models/forest_plane
[0.060s] -- Up-to-date: /home/eleanorlow/Robo1_HAJE/install/robo1_haje/share/robo1_haje/models/forest_plane/materials
[0.060s] -- Up-to-date: /home/eleanorlow/Robo1_HAJE/install/robo1_haje/share/robo1_haje/models/forest_plane/materials/textures
[0.060s] -- Up-to-date: /home/eleanorlow/Robo1_HAJE/install/robo1_haje/share/robo1_haje/models/forest_plane/materials/textures/leaf_litter.png
[0.060s] -- Up-to-date: /home/eleanorlow/Robo1_HAJE/install/robo1_haje/share/robo1_haje/models/forest_plane/materials/textures/empty_grass.png
[0.060s] -- Up-to-date: /home/eleanorlow/Robo1_HAJE/install/robo1_haje/share/robo1_haje/models/forest_plane/materials/textures/forest_overhead.png
[0.060s] -- Up-to-date: /home/eleanorlow/Robo1_HAJE/install/robo1_haje/share/robo1_haje/models/forest_plane/model.config
[0.060s] -- Up-to-date: /home/eleanorlow/Robo1_HAJE/install/robo1_haje/share/robo1_haje/models/forest_plane/model.sdf
[0.060s] -- Up-to-date: /home/eleanorlow/Robo1_HAJE/install/robo1_haje/share/robo1_haje/models/grass_plane
[0.061s] -- Up-to-date: /home/eleanorlow/Robo1_HAJE/install/robo1_haje/share/robo1_haje/models/grass_plane/materials
[0.061s] -- Up-to-date: /home/eleanorlow/Robo1_HAJE/install/robo1_haje/share/robo1_haje/models/grass_plane/materials/textures
[0.061s] -- Up-to-date: /home/eleanorlow/Robo1_HAJE/install/robo1_haje/share/robo1_haje/models/grass_plane/materials/textures/empty_grass.png
[0.061s] -- Up-to-date: /home/eleanorlow/Robo1_HAJE/install/robo1_haje/share/robo1_haje/models/grass_plane/model.config
[0.061s] -- Up-to-date: /home/eleanorlow/Robo1_HAJE/install/robo1_haje/share/robo1_haje/models/grass_plane/model.sdf
[0.061s] -- Up-to-date: /home/eleanorlow/Robo1_HAJE/install/robo1_haje/share/robo1_haje/models/forest_wall
[0.061s] -- Up-to-date: /home/eleanorlow/Robo1_HAJE/install/robo1_haje/share/robo1_haje/models/forest_wall/materials
[0.061s] -- Up-to-date: /home/eleanorlow/Robo1_HAJE/install/robo1_haje/share/robo1_haje/models/forest_wall/materials/textures
[0.061s] -- Up-to-date: /home/eleanorlow/Robo1_HAJE/install/robo1_haje/share/robo1_haje/models/forest_wall/materials/textures/forest_wall_transparent_small.png
[0.061s] -- Up-to-date: /home/eleanorlow/Robo1_HAJE/install/robo1_haje/share/robo1_haje/models/forest_wall/materials/textures/forest_wall.png
[0.061s] -- Up-to-date: /home/eleanorlow/Robo1_HAJE/install/robo1_haje/share/robo1_haje/models/forest_wall/materials/textures/forest_wall_transparent.png
[0.061s] -- Up-to-date: /home/eleanorlow/Robo1_HAJE/install/robo1_haje/share/robo1_haje/models/forest_wall/model.config
[0.061s] -- Up-to-date: /home/eleanorlow/Robo1_HAJE/install/robo1_haje/share/robo1_haje/models/forest_wall/model.sdf
[0.061s] -- Up-to-date: /home/eleanorlow/Robo1_HAJE/install/robo1_haje/share/robo1_haje/models/bush_3
[0.061s] -- Up-to-date: /home/eleanorlow/Robo1_HAJE/install/robo1_haje/share/robo1_haje/models/bush_3/model.config
[0.061s] -- Up-to-date: /home/eleanorlow/Robo1_HAJE/install/robo1_haje/share/robo1_haje/models/bush_3/meshes
[0.061s] -- Up-to-date: /home/eleanorlow/Robo1_HAJE/install/robo1_haje/share/robo1_haje/models/bush_3/meshes/bush_3.mtl
[0.061s] -- Up-to-date: /home/eleanorlow/Robo1_HAJE/install/robo1_haje/share/robo1_haje/models/bush_3/meshes/bush_3.obj
[0.061s] -- Up-to-date: /home/eleanorlow/Robo1_HAJE/install/robo1_haje/share/robo1_haje/models/bush_3/meshes/Summer_B.jpg
[0.061s] -- Up-to-date: /home/eleanorlow/Robo1_HAJE/install/robo1_haje/share/robo1_haje/models/bush_3/model.sdf
[0.061s] -- Up-to-date: /home/eleanorlow/Robo1_HAJE/install/robo1_haje/share/robo1_haje/models/tree_1
[0.061s] -- Up-to-date: /home/eleanorlow/Robo1_HAJE/install/robo1_haje/share/robo1_haje/models/tree_1/model.config
[0.062s] -- Up-to-date: /home/eleanorlow/Robo1_HAJE/install/robo1_haje/share/robo1_haje/models/tree_1/meshes
[0.062s] -- Up-to-date: /home/eleanorlow/Robo1_HAJE/install/robo1_haje/share/robo1_haje/models/tree_1/meshes/tree_1.mtl
[0.062s] -- Up-to-date: /home/eleanorlow/Robo1_HAJE/install/robo1_haje/share/robo1_haje/models/tree_1/meshes/tree_1.obj
[0.062s] -- Up-to-date: /home/eleanorlow/Robo1_HAJE/install/robo1_haje/share/robo1_haje/models/tree_1/meshes/Sonnerat.jpg
[0.062s] -- Up-to-date: /home/eleanorlow/Robo1_HAJE/install/robo1_haje/share/robo1_haje/models/tree_1/model.sdf
[0.062s] -- Up-to-date: /home/eleanorlow/Robo1_HAJE/install/robo1_haje/share/robo1_haje/models/tree_2
[0.062s] -- Up-to-date: /home/eleanorlow/Robo1_HAJE/install/robo1_haje/share/robo1_haje/models/tree_2/model.config
[0.062s] -- Up-to-date: /home/eleanorlow/Robo1_HAJE/install/robo1_haje/share/robo1_haje/models/tree_2/meshes
[0.062s] -- Up-to-date: /home/eleanorlow/Robo1_HAJE/install/robo1_haje/share/robo1_haje/models/tree_2/meshes/tree_2.obj
[0.062s] -- Up-to-date: /home/eleanorlow/Robo1_HAJE/install/robo1_haje/share/robo1_haje/models/tree_2/meshes/Walnut_L.jpg
[0.062s] -- Up-to-date: /home/eleanorlow/Robo1_HAJE/install/robo1_haje/share/robo1_haje/models/tree_2/meshes/tree_2.mtl
[0.062s] -- Up-to-date: /home/eleanorlow/Robo1_HAJE/install/robo1_haje/share/robo1_haje/models/tree_2/meshes/Mossy_Tr.jpg
[0.062s] -- Up-to-date: /home/eleanorlow/Robo1_HAJE/install/robo1_haje/share/robo1_haje/models/tree_2/model.sdf
[0.062s] -- Up-to-date: /home/eleanorlow/Robo1_HAJE/install/robo1_haje/share/robo1_haje/urdf
[0.062s] -- Up-to-date: /home/eleanorlow/Robo1_HAJE/install/robo1_haje/share/robo1_haje/urdf/meshes
[0.062s] -- Up-to-date: /home/eleanorlow/Robo1_HAJE/install/robo1_haje/share/robo1_haje/urdf/meshes/propeller_fl.dae
[0.062s] -- Up-to-date: /home/eleanorlow/Robo1_HAJE/install/robo1_haje/share/robo1_haje/urdf/meshes/propeller_fr.dae
[0.062s] -- Up-to-date: /home/eleanorlow/Robo1_HAJE/install/robo1_haje/share/robo1_haje/urdf/meshes/propeller_rl.dae
[0.062s] -- Up-to-date: /home/eleanorlow/Robo1_HAJE/install/robo1_haje/share/robo1_haje/urdf/meshes/propeller_rr.dae
[0.062s] -- Up-to-date: /home/eleanorlow/Robo1_HAJE/install/robo1_haje/share/robo1_haje/urdf/meshes/hull.dae
[0.062s] -- Up-to-date: /home/eleanorlow/Robo1_HAJE/install/robo1_haje/share/robo1_haje/urdf/common_properties.urdf.xacro
[0.062s] -- Up-to-date: /home/eleanorlow/Robo1_HAJE/install/robo1_haje/share/robo1_haje/urdf/drone.gazebo.xacro
[0.062s] -- Up-to-date: /home/eleanorlow/Robo1_HAJE/install/robo1_haje/share/robo1_haje/urdf/drone.urdf.xacro
[0.063s] -- Up-to-date: /home/eleanorlow/Robo1_HAJE/install/robo1_haje/share/robo1_haje/worlds
[0.063s] -- Up-to-date: /home/eleanorlow/Robo1_HAJE/install/robo1_haje/share/robo1_haje/worlds/simple_trees.sdf
[0.063s] -- Up-to-date: /home/eleanorlow/Robo1_HAJE/install/robo1_haje/share/robo1_haje/worlds/large_demo.sdf
[0.063s] -- Up-to-date: /home/eleanorlow/Robo1_HAJE/install/robo1_haje/share/robo1_haje/movement
[0.063s] -- Up-to-date: /home/eleanorlow/Robo1_HAJE/install/robo1_haje/share/robo1_haje/movement/Movement.h
[0.063s] -- Up-to-date: /home/eleanorlow/Robo1_HAJE/install/robo1_haje/share/robo1_haje/movement/Movement.py
[0.063s] -- Up-to-date: /home/eleanorlow/Robo1_HAJE/install/robo1_haje/share/robo1_haje/movement/Movement.cpp
[0.063s] -- Up-to-date: /home/eleanorlow/Robo1_HAJE/install/robo1_haje/share/robo1_haje/pathplanning
[0.063s] -- Up-to-date: /home/eleanorlow/Robo1_HAJE/install/robo1_haje/share/robo1_haje/pathplanning/graph.py
[0.063s] -- Up-to-date: /home/eleanorlow/Robo1_HAJE/install/robo1_haje/share/robo1_haje/pathplanning/PathPlanning.cpp
[0.063s] -- Up-to-date: /home/eleanorlow/Robo1_HAJE/install/robo1_haje/share/robo1_haje/pathplanning/PathPlanning.h
[0.063s] -- Up-to-date: /home/eleanorlow/Robo1_HAJE/install/robo1_haje/share/robo1_haje/firerisk
[0.063s] -- Up-to-date: /home/eleanorlow/Robo1_HAJE/install/robo1_haje/share/robo1_haje/firerisk/FireRisk.h
[0.063s] -- Up-to-date: /home/eleanorlow/Robo1_HAJE/install/robo1_haje/share/robo1_haje/firerisk/FireRisk.cpp
[0.063s] -- Up-to-date: /home/eleanorlow/Robo1_HAJE/install/robo1_haje/share/robo1_haje/detection
[0.063s] -- Up-to-date: /home/eleanorlow/Robo1_HAJE/install/robo1_haje/share/robo1_haje/detection/Detection.h
[0.063s] -- Up-to-date: /home/eleanorlow/Robo1_HAJE/install/robo1_haje/share/robo1_haje/detection/Detection.cpp
[0.063s] -- Up-to-date: /home/eleanorlow/Robo1_HAJE/install/robo1_haje/share/ament_index/resource_index/package_run_dependencies/robo1_haje
[0.063s] -- Up-to-date: /home/eleanorlow/Robo1_HAJE/install/robo1_haje/share/ament_index/resource_index/parent_prefix_path/robo1_haje
[0.064s] -- Up-to-date: /home/eleanorlow/Robo1_HAJE/install/robo1_haje/share/robo1_haje/environment/ament_prefix_path.sh
[0.064s] -- Up-to-date: /home/eleanorlow/Robo1_HAJE/install/robo1_haje/share/robo1_haje/environment/ament_prefix_path.dsv
[0.064s] -- Up-to-date: /home/eleanorlow/Robo1_HAJE/install/robo1_haje/share/robo1_haje/environment/path.sh
[0.064s] -- Up-to-date: /home/eleanorlow/Robo1_HAJE/install/robo1_haje/share/robo1_haje/environment/path.dsv
[0.064s] -- Up-to-date: /home/eleanorlow/Robo1_HAJE/install/robo1_haje/share/robo1_haje/local_setup.bash
[0.064s] -- Up-to-date: /home/eleanorlow/Robo1_HAJE/install/robo1_haje/share/robo1_haje/local_setup.sh
[0.064s] -- Up-to-date: /home/eleanorlow/Robo1_HAJE/install/robo1_haje/share/robo1_haje/local_setup.zsh
[0.064s] -- Up-to-date: /home/eleanorlow/Robo1_HAJE/install/robo1_haje/share/robo1_haje/local_setup.dsv
[0.064s] -- Installing: /home/eleanorlow/Robo1_HAJE/install/robo1_haje/share/robo1_haje/package.dsv
[0.064s] -- Up-to-date: /home/eleanorlow/Robo1_HAJE/install/robo1_haje/share/ament_index/resource_index/packages/robo1_haje
[0.064s] -- Up-to-date: /home/eleanorlow/Robo1_HAJE/install/robo1_haje/share/robo1_haje/cmake/robo1_hajeConfig.cmake
[0.064s] -- Up-to-date: /home/eleanorlow/Robo1_HAJE/install/robo1_haje/share/robo1_haje/cmake/robo1_hajeConfig-version.cmake
[0.064s] -- Up-to-date: /home/eleanorlow/Robo1_HAJE/install/robo1_haje/share/robo1_haje/package.xml
[0.065s] Invoked command in '/home/eleanorlow/Robo1_HAJE/build/robo1_haje' returned '0': CMAKE_PREFIX_PATH=${CMAKE_PREFIX_PATH}:/home/eleanorlow/spcrob/ros_ws2/install/path_planner:/opt/ros/humble /usr/bin/cmake --install /home/eleanorlow/Robo1_HAJE/build/robo1_haje
