[0.074s] DEBUG:colcon:Command line arguments: ['/usr/bin/colcon', 'build', '--symlink-install', '--packages-select', 'robo1_haje']
[0.074s] DEBUG:colcon:Parsed command line arguments: Namespace(log_base=None, log_level=None, verb_name='build', build_base='build', install_base='install', merge_install=False, symlink_install=True, test_result_base=None, continue_on_error=False, executor='parallel', parallel_workers=8, event_handlers=None, ignore_user_meta=False, metas=['./colcon.meta'], base_paths=['.'], packages_ignore=None, packages_ignore_regex=None, paths=None, packages_up_to=None, packages_up_to_regex=None, packages_above=None, packages_above_and_dependencies=None, packages_above_depth=None, packages_select_by_dep=None, packages_skip_by_dep=None, packages_skip_up_to=None, packages_select_build_failed=False, packages_skip_build_finished=False, packages_select_test_failures=False, packages_skip_test_passed=False, packages_select=['robo1_haje'], packages_skip=None, packages_select_regex=None, packages_skip_regex=None, packages_start=None, packages_end=None, allow_overriding=[], cmake_args=None, cmake_target=None, cmake_target_skip_unavailable=False, cmake_clean_cache=False, cmake_clean_first=False, cmake_force_configure=False, ament_cmake_args=None, catkin_cmake_args=None, catkin_skip_building_tests=False, mixin_files=None, mixin=None, verb_parser=<colcon_mixin.mixin.mixin_argument.MixinArgumentDecorator object at 0x73e80fe62a40>, verb_extension=<colcon_core.verb.build.BuildVerb object at 0x73e80fe62080>, main=<bound method BuildVerb.main of <colcon_core.verb.build.BuildVerb object at 0x73e80fe62080>>, mixin_verb=('build',))
[0.198s] Level 1:colcon.colcon_core.package_discovery:discover_packages(colcon_meta) check parameters
[0.198s] Level 1:colcon.colcon_core.package_discovery:discover_packages(recursive) check parameters
[0.198s] Level 1:colcon.colcon_core.package_discovery:discover_packages(ignore) check parameters
[0.198s] Level 1:colcon.colcon_core.package_discovery:discover_packages(path) check parameters
[0.198s] Level 1:colcon.colcon_core.package_discovery:discover_packages(colcon_meta) discover
[0.198s] Level 1:colcon.colcon_core.package_discovery:discover_packages(recursive) discover
[0.199s] INFO:colcon.colcon_core.package_discovery:Crawling recursively for packages in '/home/eleanorlow/robo1/src/Robo1_HAJE'
[0.199s] Level 1:colcon.colcon_core.package_identification:_identify(.) by extensions ['ignore', 'ignore_ament_install']
[0.199s] Level 1:colcon.colcon_core.package_identification:_identify(.) by extension 'ignore'
[0.199s] Level 1:colcon.colcon_core.package_identification:_identify(.) by extension 'ignore_ament_install'
[0.199s] Level 1:colcon.colcon_core.package_identification:_identify(.) by extensions ['colcon_pkg']
[0.199s] Level 1:colcon.colcon_core.package_identification:_identify(.) by extension 'colcon_pkg'
[0.199s] Level 1:colcon.colcon_core.package_identification:_identify(.) by extensions ['colcon_meta']
[0.199s] Level 1:colcon.colcon_core.package_identification:_identify(.) by extension 'colcon_meta'
[0.199s] Level 1:colcon.colcon_core.package_identification:_identify(.) by extensions ['ros']
[0.199s] Level 1:colcon.colcon_core.package_identification:_identify(.) by extension 'ros'
[0.208s] DEBUG:colcon.colcon_core.package_identification:Package '.' with type 'ros.ament_cmake' and name 'robo1_haje'
[0.208s] Level 1:colcon.colcon_core.package_discovery:discover_packages(recursive) using defaults
[0.208s] Level 1:colcon.colcon_core.package_discovery:discover_packages(ignore) discover
[0.208s] Level 1:colcon.colcon_core.package_discovery:discover_packages(ignore) using defaults
[0.208s] Level 1:colcon.colcon_core.package_discovery:discover_packages(path) discover
[0.208s] Level 1:colcon.colcon_core.package_discovery:discover_packages(path) using defaults
[0.230s] Level 1:colcon.colcon_core.package_discovery:discover_packages(prefix_path) check parameters
[0.230s] Level 1:colcon.colcon_core.package_discovery:discover_packages(prefix_path) discover
[0.231s] DEBUG:colcon.colcon_installed_package_information.package_discovery:Found 1 installed packages in /home/eleanorlow/robo1/install
[0.232s] DEBUG:colcon.colcon_installed_package_information.package_discovery:Found 398 installed packages in /opt/ros/humble
[0.233s] Level 1:colcon.colcon_core.package_discovery:discover_packages(prefix_path) using defaults
[0.263s] Level 5:colcon.colcon_core.verb:set package 'robo1_haje' build argument 'cmake_args' from command line to 'None'
[0.263s] Level 5:colcon.colcon_core.verb:set package 'robo1_haje' build argument 'cmake_target' from command line to 'None'
[0.263s] Level 5:colcon.colcon_core.verb:set package 'robo1_haje' build argument 'cmake_target_skip_unavailable' from command line to 'False'
[0.263s] Level 5:colcon.colcon_core.verb:set package 'robo1_haje' build argument 'cmake_clean_cache' from command line to 'False'
[0.263s] Level 5:colcon.colcon_core.verb:set package 'robo1_haje' build argument 'cmake_clean_first' from command line to 'False'
[0.263s] Level 5:colcon.colcon_core.verb:set package 'robo1_haje' build argument 'cmake_force_configure' from command line to 'False'
[0.263s] Level 5:colcon.colcon_core.verb:set package 'robo1_haje' build argument 'ament_cmake_args' from command line to 'None'
[0.263s] Level 5:colcon.colcon_core.verb:set package 'robo1_haje' build argument 'catkin_cmake_args' from command line to 'None'
[0.263s] Level 5:colcon.colcon_core.verb:set package 'robo1_haje' build argument 'catkin_skip_building_tests' from command line to 'False'
[0.263s] DEBUG:colcon.colcon_core.verb:Building package 'robo1_haje' with the following arguments: {'ament_cmake_args': None, 'build_base': '/home/eleanorlow/robo1/src/Robo1_HAJE/build/robo1_haje', 'catkin_cmake_args': None, 'catkin_skip_building_tests': False, 'cmake_args': None, 'cmake_clean_cache': False, 'cmake_clean_first': False, 'cmake_force_configure': False, 'cmake_target': None, 'cmake_target_skip_unavailable': False, 'install_base': '/home/eleanorlow/robo1/src/Robo1_HAJE/install/robo1_haje', 'merge_install': False, 'path': '/home/eleanorlow/robo1/src/Robo1_HAJE', 'symlink_install': True, 'test_result_base': None}
[0.263s] INFO:colcon.colcon_core.executor:Executing jobs using 'parallel' executor
[0.264s] DEBUG:colcon.colcon_parallel_executor.executor.parallel:run_until_complete
[0.264s] INFO:colcon.colcon_ros.task.ament_cmake.build:Building ROS package in '/home/eleanorlow/robo1/src/Robo1_HAJE' with build type 'ament_cmake'
[0.264s] INFO:colcon.colcon_cmake.task.cmake.build:Building CMake package in '/home/eleanorlow/robo1/src/Robo1_HAJE'
[0.265s] INFO:colcon.colcon_core.plugin_system:Skipping extension 'colcon_core.shell.bat': Not used on non-Windows systems
[0.265s] INFO:colcon.colcon_core.shell:Skip shell extension 'powershell' for command environment: Not usable outside of PowerShell
[0.265s] DEBUG:colcon.colcon_core.shell:Skip shell extension 'dsv' for command environment
[0.272s] DEBUG:colcon.colcon_core.event_handler.log_command:Invoking command in '/home/eleanorlow/robo1/src/Robo1_HAJE/build/robo1_haje': CMAKE_PREFIX_PATH=/home/eleanorlow/robo1/install/robo1_haje:/opt/ros/humble /usr/bin/cmake --build /home/eleanorlow/robo1/src/Robo1_HAJE/build/robo1_haje -- -j8 -l8
[0.512s] DEBUG:colcon.colcon_core.event_handler.log_command:Invoked command in '/home/eleanorlow/robo1/src/Robo1_HAJE/build/robo1_haje' returned '0': CMAKE_PREFIX_PATH=/home/eleanorlow/robo1/install/robo1_haje:/opt/ros/humble /usr/bin/cmake --build /home/eleanorlow/robo1/src/Robo1_HAJE/build/robo1_haje -- -j8 -l8
[0.518s] DEBUG:colcon.colcon_core.event_handler.log_command:Invoking command in '/home/eleanorlow/robo1/src/Robo1_HAJE/build/robo1_haje': CMAKE_PREFIX_PATH=/home/eleanorlow/robo1/install/robo1_haje:/opt/ros/humble /usr/bin/cmake --install /home/eleanorlow/robo1/src/Robo1_HAJE/build/robo1_haje
[0.567s] Level 1:colcon.colcon_core.environment:create_environment_scripts_only(robo1_haje)
[0.568s] DEBUG:colcon.colcon_core.event_handler.log_command:Invoked command in '/home/eleanorlow/robo1/src/Robo1_HAJE/build/robo1_haje' returned '0': CMAKE_PREFIX_PATH=/home/eleanorlow/robo1/install/robo1_haje:/opt/ros/humble /usr/bin/cmake --install /home/eleanorlow/robo1/src/Robo1_HAJE/build/robo1_haje
[0.569s] Level 1:colcon.colcon_core.environment:checking '/home/eleanorlow/robo1/src/Robo1_HAJE/install/robo1_haje' for CMake module files
[0.569s] Level 1:colcon.colcon_core.environment:checking '/home/eleanorlow/robo1/src/Robo1_HAJE/install/robo1_haje' for CMake config files
[0.570s] Level 1:colcon.colcon_core.shell:create_environment_hook('robo1_haje', 'cmake_prefix_path')
[0.570s] INFO:colcon.colcon_core.shell:Creating environment hook '/home/eleanorlow/robo1/src/Robo1_HAJE/install/robo1_haje/share/robo1_haje/hook/cmake_prefix_path.ps1'
[0.570s] INFO:colcon.colcon_core.shell:Creating environment descriptor '/home/eleanorlow/robo1/src/Robo1_HAJE/install/robo1_haje/share/robo1_haje/hook/cmake_prefix_path.dsv'
[0.571s] INFO:colcon.colcon_core.shell:Creating environment hook '/home/eleanorlow/robo1/src/Robo1_HAJE/install/robo1_haje/share/robo1_haje/hook/cmake_prefix_path.sh'
[0.571s] Level 1:colcon.colcon_core.environment:checking '/home/eleanorlow/robo1/src/Robo1_HAJE/install/robo1_haje/lib'
[0.571s] Level 1:colcon.colcon_core.environment:checking '/home/eleanorlow/robo1/src/Robo1_HAJE/install/robo1_haje/bin'
[0.571s] Level 1:colcon.colcon_core.environment:checking '/home/eleanorlow/robo1/src/Robo1_HAJE/install/robo1_haje/lib/pkgconfig/robo1_haje.pc'
[0.571s] Level 1:colcon.colcon_core.environment:checking '/home/eleanorlow/robo1/src/Robo1_HAJE/install/robo1_haje/lib/python3.10/site-packages'
[0.572s] Level 1:colcon.colcon_core.environment:checking '/home/eleanorlow/robo1/src/Robo1_HAJE/install/robo1_haje/bin'
[0.572s] INFO:colcon.colcon_core.shell:Creating package script '/home/eleanorlow/robo1/src/Robo1_HAJE/install/robo1_haje/share/robo1_haje/package.ps1'
[0.572s] INFO:colcon.colcon_core.shell:Creating package descriptor '/home/eleanorlow/robo1/src/Robo1_HAJE/install/robo1_haje/share/robo1_haje/package.dsv'
[0.573s] INFO:colcon.colcon_core.shell:Creating package script '/home/eleanorlow/robo1/src/Robo1_HAJE/install/robo1_haje/share/robo1_haje/package.sh'
[0.573s] INFO:colcon.colcon_core.shell:Creating package script '/home/eleanorlow/robo1/src/Robo1_HAJE/install/robo1_haje/share/robo1_haje/package.bash'
[0.574s] INFO:colcon.colcon_core.shell:Creating package script '/home/eleanorlow/robo1/src/Robo1_HAJE/install/robo1_haje/share/robo1_haje/package.zsh'
[0.574s] Level 1:colcon.colcon_core.environment:create_file_with_runtime_dependencies(/home/eleanorlow/robo1/src/Robo1_HAJE/install/robo1_haje/share/colcon-core/packages/robo1_haje)
[0.575s] Level 1:colcon.colcon_core.environment:create_environment_scripts_only(robo1_haje)
[0.575s] Level 1:colcon.colcon_core.environment:checking '/home/eleanorlow/robo1/src/Robo1_HAJE/install/robo1_haje' for CMake module files
[0.575s] Level 1:colcon.colcon_core.environment:checking '/home/eleanorlow/robo1/src/Robo1_HAJE/install/robo1_haje' for CMake config files
[0.575s] Level 1:colcon.colcon_core.shell:create_environment_hook('robo1_haje', 'cmake_prefix_path')
[0.575s] INFO:colcon.colcon_core.shell:Creating environment hook '/home/eleanorlow/robo1/src/Robo1_HAJE/install/robo1_haje/share/robo1_haje/hook/cmake_prefix_path.ps1'
[0.576s] INFO:colcon.colcon_core.shell:Creating environment descriptor '/home/eleanorlow/robo1/src/Robo1_HAJE/install/robo1_haje/share/robo1_haje/hook/cmake_prefix_path.dsv'
[0.576s] INFO:colcon.colcon_core.shell:Creating environment hook '/home/eleanorlow/robo1/src/Robo1_HAJE/install/robo1_haje/share/robo1_haje/hook/cmake_prefix_path.sh'
[0.576s] Level 1:colcon.colcon_core.environment:checking '/home/eleanorlow/robo1/src/Robo1_HAJE/install/robo1_haje/lib'
[0.576s] Level 1:colcon.colcon_core.environment:checking '/home/eleanorlow/robo1/src/Robo1_HAJE/install/robo1_haje/bin'
[0.576s] Level 1:colcon.colcon_core.environment:checking '/home/eleanorlow/robo1/src/Robo1_HAJE/install/robo1_haje/lib/pkgconfig/robo1_haje.pc'
[0.576s] Level 1:colcon.colcon_core.environment:checking '/home/eleanorlow/robo1/src/Robo1_HAJE/install/robo1_haje/lib/python3.10/site-packages'
[0.577s] Level 1:colcon.colcon_core.environment:checking '/home/eleanorlow/robo1/src/Robo1_HAJE/install/robo1_haje/bin'
[0.577s] INFO:colcon.colcon_core.shell:Creating package script '/home/eleanorlow/robo1/src/Robo1_HAJE/install/robo1_haje/share/robo1_haje/package.ps1'
[0.577s] INFO:colcon.colcon_core.shell:Creating package descriptor '/home/eleanorlow/robo1/src/Robo1_HAJE/install/robo1_haje/share/robo1_haje/package.dsv'
[0.577s] INFO:colcon.colcon_core.shell:Creating package script '/home/eleanorlow/robo1/src/Robo1_HAJE/install/robo1_haje/share/robo1_haje/package.sh'
[0.578s] INFO:colcon.colcon_core.shell:Creating package script '/home/eleanorlow/robo1/src/Robo1_HAJE/install/robo1_haje/share/robo1_haje/package.bash'
[0.578s] INFO:colcon.colcon_core.shell:Creating package script '/home/eleanorlow/robo1/src/Robo1_HAJE/install/robo1_haje/share/robo1_haje/package.zsh'
[0.578s] Level 1:colcon.colcon_core.environment:create_file_with_runtime_dependencies(/home/eleanorlow/robo1/src/Robo1_HAJE/install/robo1_haje/share/colcon-core/packages/robo1_haje)
[0.579s] DEBUG:colcon.colcon_parallel_executor.executor.parallel:closing loop
[0.579s] DEBUG:colcon.colcon_parallel_executor.executor.parallel:loop closed
[0.579s] DEBUG:colcon.colcon_parallel_executor.executor.parallel:run_until_complete finished with '0'
[0.579s] DEBUG:colcon.colcon_core.event_reactor:joining thread
[0.582s] INFO:colcon.colcon_core.plugin_system:Skipping extension 'colcon_notification.desktop_notification.terminal_notifier': Not used on non-Darwin systems
[0.582s] INFO:colcon.colcon_core.plugin_system:Skipping extension 'colcon_notification.desktop_notification.win32': Not used on non-Windows systems
[0.582s] INFO:colcon.colcon_notification.desktop_notification:Sending desktop notification using 'notify2'
[0.590s] DEBUG:colcon.colcon_core.event_reactor:joined thread
[0.590s] INFO:colcon.colcon_core.shell:Creating prefix script '/home/eleanorlow/robo1/src/Robo1_HAJE/install/local_setup.ps1'
[0.591s] INFO:colcon.colcon_core.shell:Creating prefix util module '/home/eleanorlow/robo1/src/Robo1_HAJE/install/_local_setup_util_ps1.py'
[0.592s] INFO:colcon.colcon_core.shell:Creating prefix chain script '/home/eleanorlow/robo1/src/Robo1_HAJE/install/setup.ps1'
[0.593s] INFO:colcon.colcon_core.shell:Creating prefix script '/home/eleanorlow/robo1/src/Robo1_HAJE/install/local_setup.sh'
[0.594s] INFO:colcon.colcon_core.shell:Creating prefix util module '/home/eleanorlow/robo1/src/Robo1_HAJE/install/_local_setup_util_sh.py'
[0.594s] INFO:colcon.colcon_core.shell:Creating prefix chain script '/home/eleanorlow/robo1/src/Robo1_HAJE/install/setup.sh'
[0.595s] INFO:colcon.colcon_core.shell:Creating prefix script '/home/eleanorlow/robo1/src/Robo1_HAJE/install/local_setup.bash'
[0.595s] INFO:colcon.colcon_core.shell:Creating prefix chain script '/home/eleanorlow/robo1/src/Robo1_HAJE/install/setup.bash'
[0.596s] INFO:colcon.colcon_core.shell:Creating prefix script '/home/eleanorlow/robo1/src/Robo1_HAJE/install/local_setup.zsh'
[0.596s] INFO:colcon.colcon_core.shell:Creating prefix chain script '/home/eleanorlow/robo1/src/Robo1_HAJE/install/setup.zsh'
