[0.009s] Invoking command in '/home/eleanorlow/robo1/Robo1_HAJE/build/robo1_haje': CMAKE_PREFIX_PATH=/home/eleanorlow/robo1/install/stage_ros2:/home/eleanorlow/spcrob/ros_ws/install/particle_filter_localisation:/home/eleanorlow/spcrob/pythonTutorial/colcon_ws/install/python_tutorial:/opt/ros/humble:/home/eleanorlow/robo1/install/stage:/home/eleanorlow/robo1/install/robo1_haje:/home/eleanorlow/spcrob/ros_ws/install/stage_ros2:/home/eleanorlow/spcrob/ros_ws/install/stage /usr/bin/cmake --build /home/eleanorlow/robo1/Robo1_HAJE/build/robo1_haje -- -j8 -l8
[0.142s] [35m[1mConsolidate compiler generated dependencies of target Movement[0m
[0.166s] [100%] Built target Movement
[0.183s] Invoked command in '/home/eleanorlow/robo1/Robo1_HAJE/build/robo1_haje' returned '0': CMAKE_PREFIX_PATH=/home/eleanorlow/robo1/install/stage_ros2:/home/eleanorlow/spcrob/ros_ws/install/particle_filter_localisation:/home/eleanorlow/spcrob/pythonTutorial/colcon_ws/install/python_tutorial:/opt/ros/humble:/home/eleanorlow/robo1/install/stage:/home/eleanorlow/robo1/install/robo1_haje:/home/eleanorlow/spcrob/ros_ws/install/stage_ros2:/home/eleanorlow/spcrob/ros_ws/install/stage /usr/bin/cmake --build /home/eleanorlow/robo1/Robo1_HAJE/build/robo1_haje -- -j8 -l8
[0.217s] Invoking command in '/home/eleanorlow/robo1/Robo1_HAJE/build/robo1_haje': CMAKE_PREFIX_PATH=/home/eleanorlow/robo1/install/stage_ros2:/home/eleanorlow/spcrob/ros_ws/install/particle_filter_localisation:/home/eleanorlow/spcrob/pythonTutorial/colcon_ws/install/python_tutorial:/opt/ros/humble:/home/eleanorlow/robo1/install/stage:/home/eleanorlow/robo1/install/robo1_haje:/home/eleanorlow/spcrob/ros_ws/install/stage_ros2:/home/eleanorlow/spcrob/ros_ws/install/stage /usr/bin/cmake --install /home/eleanorlow/robo1/Robo1_HAJE/build/robo1_haje
[0.224s] -- Install configuration: ""
[0.224s] -- Up-to-date: /home/eleanorlow/robo1/Robo1_HAJE/install/robo1_haje/share/robo1_haje/launch
[0.225s] -- Up-to-date: /home/eleanorlow/robo1/Robo1_HAJE/install/robo1_haje/share/robo1_haje/launch/launch.py
[0.242s] -- Up-to-date: /home/eleanorlow/robo1/Robo1_HAJE/install/robo1_haje/lib/robo1_haje/Movement
[0.256s] -- Up-to-date: /home/eleanorlow/robo1/Robo1_HAJE/install/robo1_haje/share/ament_index/resource_index/package_run_dependencies/robo1_haje
[0.257s] -- Up-to-date: /home/eleanorlow/robo1/Robo1_HAJE/install/robo1_haje/share/ament_index/resource_index/parent_prefix_path/robo1_haje
[0.257s] -- Up-to-date: /home/eleanorlow/robo1/Robo1_HAJE/install/robo1_haje/share/robo1_haje/environment/ament_prefix_path.sh
[0.258s] -- Up-to-date: /home/eleanorlow/robo1/Robo1_HAJE/install/robo1_haje/share/robo1_haje/environment/ament_prefix_path.dsv
[0.258s] -- Up-to-date: /home/eleanorlow/robo1/Robo1_HAJE/install/robo1_haje/share/robo1_haje/environment/path.sh
[0.258s] -- Up-to-date: /home/eleanorlow/robo1/Robo1_HAJE/install/robo1_haje/share/robo1_haje/environment/path.dsv
[0.258s] -- Up-to-date: /home/eleanorlow/robo1/Robo1_HAJE/install/robo1_haje/share/robo1_haje/local_setup.bash
[0.258s] -- Up-to-date: /home/eleanorlow/robo1/Robo1_HAJE/install/robo1_haje/share/robo1_haje/local_setup.sh
[0.258s] -- Up-to-date: /home/eleanorlow/robo1/Robo1_HAJE/install/robo1_haje/share/robo1_haje/local_setup.zsh
[0.259s] -- Up-to-date: /home/eleanorlow/robo1/Robo1_HAJE/install/robo1_haje/share/robo1_haje/local_setup.dsv
[0.259s] -- Installing: /home/eleanorlow/robo1/Robo1_HAJE/install/robo1_haje/share/robo1_haje/package.dsv
[0.259s] -- Up-to-date: /home/eleanorlow/robo1/Robo1_HAJE/install/robo1_haje/share/ament_index/resource_index/packages/robo1_haje
[0.259s] -- Up-to-date: /home/eleanorlow/robo1/Robo1_HAJE/install/robo1_haje/share/robo1_haje/cmake/robo1_hajeConfig.cmake
[0.259s] -- Up-to-date: /home/eleanorlow/robo1/Robo1_HAJE/install/robo1_haje/share/robo1_haje/cmake/robo1_hajeConfig-version.cmake
[0.259s] -- Up-to-date: /home/eleanorlow/robo1/Robo1_HAJE/install/robo1_haje/share/robo1_haje/package.xml
[0.261s] Invoked command in '/home/eleanorlow/robo1/Robo1_HAJE/build/robo1_haje' returned '0': CMAKE_PREFIX_PATH=/home/eleanorlow/robo1/install/stage_ros2:/home/eleanorlow/spcrob/ros_ws/install/particle_filter_localisation:/home/eleanorlow/spcrob/pythonTutorial/colcon_ws/install/python_tutorial:/opt/ros/humble:/home/eleanorlow/robo1/install/stage:/home/eleanorlow/robo1/install/robo1_haje:/home/eleanorlow/spcrob/ros_ws/install/stage_ros2:/home/eleanorlow/spcrob/ros_ws/install/stage /usr/bin/cmake --install /home/eleanorlow/robo1/Robo1_HAJE/build/robo1_haje
