[0.008s] Invoking command in '/home/eleanorlow/Robo1_HAJE/build/robo1_haje': CMAKE_PREFIX_PATH=${CMAKE_PREFIX_PATH}:/home/eleanorlow/spcrob/ros_ws2/install/path_planner:/opt/ros/humble /usr/bin/cmake /home/eleanorlow/Robo1_HAJE/src -DCMAKE_INSTALL_PREFIX=/home/eleanorlow/Robo1_HAJE/install/robo1_haje
[0.046s] -- The C compiler identification is GNU 11.4.0
[0.090s] -- The CXX compiler identification is GNU 11.4.0
[0.095s] -- Detecting C compiler ABI info
[0.153s] -- Detecting C compiler ABI info - done
[0.160s] -- Check for working C compiler: /usr/bin/cc - skipped
[0.160s] -- Detecting C compile features
[0.160s] -- Detecting C compile features - done
[0.163s] -- Detecting CXX compiler ABI info
[0.222s] -- Detecting CXX compiler ABI info - done
[0.230s] -- Check for working CXX compiler: /usr/bin/c++ - skipped
[0.230s] -- Detecting CXX compile features
[0.231s] -- Detecting CXX compile features - done
[0.233s] -- Found ament_cmake: 1.3.12 (/opt/ros/humble/share/ament_cmake/cmake)
[0.338s] -- Found Python3: /usr/bin/python3 (found version "3.10.12") found components: Interpreter 
[0.402s] -- Found rclcpp: 16.0.14 (/opt/ros/humble/share/rclcpp/cmake)
[0.433s] -- Found rosidl_generator_c: 3.1.7 (/opt/ros/humble/share/rosidl_generator_c/cmake)
[0.437s] -- Found rosidl_adapter: 3.1.7 (/opt/ros/humble/share/rosidl_adapter/cmake)
[0.443s] -- Found rosidl_generator_cpp: 3.1.7 (/opt/ros/humble/share/rosidl_generator_cpp/cmake)
[0.452s] -- Using all available rosidl_typesupport_c: rosidl_typesupport_fastrtps_c;rosidl_typesupport_introspection_c
[0.463s] -- Using all available rosidl_typesupport_cpp: rosidl_typesupport_fastrtps_cpp;rosidl_typesupport_introspection_cpp
[0.493s] -- Found rmw_implementation_cmake: 6.1.2 (/opt/ros/humble/share/rmw_implementation_cmake/cmake)
[0.495s] -- Found rmw_fastrtps_cpp: 6.2.8 (/opt/ros/humble/share/rmw_fastrtps_cpp/cmake)
[0.556s] -- Found OpenSSL: /usr/lib/x86_64-linux-gnu/libcrypto.so (found version "3.0.2")  
[0.578s] -- Found FastRTPS: /opt/ros/humble/include  
[0.607s] -- Using RMW implementation 'rmw_fastrtps_cpp' as default
[0.613s] -- Looking for pthread.h
[0.665s] -- Looking for pthread.h - found
[0.665s] -- Performing Test CMAKE_HAVE_LIBC_PTHREAD
[0.722s] -- Performing Test CMAKE_HAVE_LIBC_PTHREAD - Success
[0.723s] -- Found Threads: TRUE  
[0.759s] -- Found nav2_msgs: 1.1.18 (/opt/ros/humble/share/nav2_msgs/cmake)
[0.812s] -- Found rclcpp_action: 16.0.14 (/opt/ros/humble/share/rclcpp_action/cmake)
[0.820s] -- Found rosidl_default_generators: 1.2.0 (/opt/ros/humble/share/rosidl_default_generators/cmake)
[0.827s] -- Found ros_ign_interfaces: 0.244.20 (/opt/ros/humble/share/ros_ign_interfaces/cmake)
[0.856s] [31mCMake Error at CMakeLists.txt:34 (install):
[0.856s]   install TARGETS given target "DIRECTORY" which does not exist.
[0.856s] 
[0.856s] [0m
[0.857s] -- Found ament_lint_auto: 0.12.14 (/opt/ros/humble/share/ament_lint_auto/cmake)
[0.926s] -- Added test 'copyright' to check source files copyright and LICENSE
[0.929s] -- Added test 'cppcheck' to perform static code analysis on C / C++ code
[0.929s] -- Configured cppcheck include dirs: 
[0.929s] -- Configured cppcheck exclude dirs and/or files: 
[0.931s] -- Added test 'cpplint' to check C / C++ code against the Google style
[0.931s] -- Configured cpplint exclude dirs and/or files: 
[0.932s] -- Added test 'flake8' to check Python code syntax and style conventions
[0.934s] -- Added test 'lint_cmake' to check CMake code style
[0.935s] -- Added test 'pep257' to check Python code against some of the docstring style conventions in PEP 257
[0.937s] -- Added test 'uncrustify' to check C / C++ code style
[0.937s] -- Configured uncrustify additional arguments: 
[0.938s] -- Added test 'xmllint' to check XML markup files
[0.939s] -- Configuring incomplete, errors occurred!
[0.939s] See also "/home/eleanorlow/Robo1_HAJE/build/robo1_haje/CMakeFiles/CMakeOutput.log".
[0.946s] Invoked command in '/home/eleanorlow/Robo1_HAJE/build/robo1_haje' returned '1': CMAKE_PREFIX_PATH=${CMAKE_PREFIX_PATH}:/home/eleanorlow/spcrob/ros_ws2/install/path_planner:/opt/ros/humble /usr/bin/cmake /home/eleanorlow/Robo1_HAJE/src -DCMAKE_INSTALL_PREFIX=/home/eleanorlow/Robo1_HAJE/install/robo1_haje
