-- Found ament_cmake: 1.3.12 (/opt/ros/humble/share/ament_cmake/cmake)
-- Found rclcpp: 16.0.14 (/opt/ros/humble/share/rclcpp/cmake)
-- Found rosidl_generator_c: 3.1.7 (/opt/ros/humble/share/rosidl_generator_c/cmake)
-- Found rosidl_adapter: 3.1.7 (/opt/ros/humble/share/rosidl_adapter/cmake)
-- Found rosidl_generator_cpp: 3.1.7 (/opt/ros/humble/share/rosidl_generator_cpp/cmake)
-- Using all available rosidl_typesupport_c: rosidl_typesupport_fastrtps_c;rosidl_typesupport_introspection_c
-- Using all available rosidl_typesupport_cpp: rosidl_typesupport_fastrtps_cpp;rosidl_typesupport_introspection_cpp
-- Found rmw_implementation_cmake: 6.1.2 (/opt/ros/humble/share/rmw_implementation_cmake/cmake)
-- Found rmw_fastrtps_cpp: 6.2.8 (/opt/ros/humble/share/rmw_fastrtps_cpp/cmake)
-- Using RMW implementation 'rmw_fastrtps_cpp' as default
-- Found nav2_msgs: 1.1.18 (/opt/ros/humble/share/nav2_msgs/cmake)
-- Found rclcpp_action: 16.0.14 (/opt/ros/humble/share/rclcpp_action/cmake)
-- Found rosidl_default_generators: 1.2.0 (/opt/ros/humble/share/rosidl_default_generators/cmake)
-- Found ros_ign_interfaces: 0.244.20 (/opt/ros/humble/share/ros_ign_interfaces/cmake)
-- Found ament_lint_auto: 0.12.14 (/opt/ros/humble/share/ament_lint_auto/cmake)
-- Added test 'copyright' to check source files copyright and LICENSE
-- Added test 'cppcheck' to perform static code analysis on C / C++ code
-- Configured cppcheck include dirs: 
-- Configured cppcheck exclude dirs and/or files: 
-- Added test 'cpplint' to check C / C++ code against the Google style
-- Configured cpplint exclude dirs and/or files: 
-- Added test 'flake8' to check Python code syntax and style conventions
-- Added test 'lint_cmake' to check CMake code style
-- Added test 'pep257' to check Python code against some of the docstring style conventions in PEP 257
-- Added test 'uncrustify' to check C / C++ code style
-- Configured uncrustify additional arguments: 
-- Added test 'xmllint' to check XML markup files
-- Configuring done
-- Generating done
-- Build files have been written to: /home/eleanorlow/Robo1_HAJE/build/robo1_haje
-- Install configuration: ""
-- Installing: /home/eleanorlow/Robo1_HAJE/install/robo1_haje/share/robo1_haje/config
-- Installing: /home/eleanorlow/Robo1_HAJE/install/robo1_haje/share/robo1_haje/config/gazebo_bridge.yaml
-- Installing: /home/eleanorlow/Robo1_HAJE/install/robo1_haje/share/robo1_haje/config/robot_localization.yaml
-- Installing: /home/eleanorlow/Robo1_HAJE/install/robo1_haje/share/robo1_haje/config/drone.rviz
-- Installing: /home/eleanorlow/Robo1_HAJE/install/robo1_haje/share/robo1_haje/config/slam_params.yaml
-- Installing: /home/eleanorlow/Robo1_HAJE/install/robo1_haje/share/robo1_haje/config/nav2_params.yaml
-- Installing: /home/eleanorlow/Robo1_HAJE/install/robo1_haje/share/robo1_haje/launch
-- Installing: /home/eleanorlow/Robo1_HAJE/install/robo1_haje/share/robo1_haje/launch/launch.py
-- Installing: /home/eleanorlow/Robo1_HAJE/install/robo1_haje/share/robo1_haje/launch/launch_2.py
-- Installing: /home/eleanorlow/Robo1_HAJE/install/robo1_haje/share/robo1_haje/launch/drone_ignition.launch.py
-- Installing: /home/eleanorlow/Robo1_HAJE/install/robo1_haje/share/robo1_haje/launch/drone_navigation.launch.py
-- Installing: /home/eleanorlow/Robo1_HAJE/install/robo1_haje/share/robo1_haje/models
-- Installing: /home/eleanorlow/Robo1_HAJE/install/robo1_haje/share/robo1_haje/models/palm_tree
-- Installing: /home/eleanorlow/Robo1_HAJE/install/robo1_haje/share/robo1_haje/models/palm_tree/model.config
-- Installing: /home/eleanorlow/Robo1_HAJE/install/robo1_haje/share/robo1_haje/models/palm_tree/meshes
-- Installing: /home/eleanorlow/Robo1_HAJE/install/robo1_haje/share/robo1_haje/models/palm_tree/meshes/model
-- Installing: /home/eleanorlow/Robo1_HAJE/install/robo1_haje/share/robo1_haje/models/palm_tree/meshes/model/__Wood_Lumber_ButtJoined_.jpg
-- Installing: /home/eleanorlow/Robo1_HAJE/install/robo1_haje/share/robo1_haje/models/palm_tree/meshes/palm_tree.dae
-- Installing: /home/eleanorlow/Robo1_HAJE/install/robo1_haje/share/robo1_haje/models/palm_tree/model.sdf
-- Installing: /home/eleanorlow/Robo1_HAJE/install/robo1_haje/share/robo1_haje/models/forest_plane
-- Installing: /home/eleanorlow/Robo1_HAJE/install/robo1_haje/share/robo1_haje/models/forest_plane/materials
-- Installing: /home/eleanorlow/Robo1_HAJE/install/robo1_haje/share/robo1_haje/models/forest_plane/materials/textures
-- Installing: /home/eleanorlow/Robo1_HAJE/install/robo1_haje/share/robo1_haje/models/forest_plane/materials/textures/leaf_litter.png
-- Installing: /home/eleanorlow/Robo1_HAJE/install/robo1_haje/share/robo1_haje/models/forest_plane/materials/textures/empty_grass.png
-- Installing: /home/eleanorlow/Robo1_HAJE/install/robo1_haje/share/robo1_haje/models/forest_plane/materials/textures/forest_overhead.png
-- Installing: /home/eleanorlow/Robo1_HAJE/install/robo1_haje/share/robo1_haje/models/forest_plane/model.config
-- Installing: /home/eleanorlow/Robo1_HAJE/install/robo1_haje/share/robo1_haje/models/forest_plane/model.sdf
-- Installing: /home/eleanorlow/Robo1_HAJE/install/robo1_haje/share/robo1_haje/models/grass_plane
-- Installing: /home/eleanorlow/Robo1_HAJE/install/robo1_haje/share/robo1_haje/models/grass_plane/materials
-- Installing: /home/eleanorlow/Robo1_HAJE/install/robo1_haje/share/robo1_haje/models/grass_plane/materials/textures
-- Installing: /home/eleanorlow/Robo1_HAJE/install/robo1_haje/share/robo1_haje/models/grass_plane/materials/textures/empty_grass.png
-- Installing: /home/eleanorlow/Robo1_HAJE/install/robo1_haje/share/robo1_haje/models/grass_plane/model.config
-- Installing: /home/eleanorlow/Robo1_HAJE/install/robo1_haje/share/robo1_haje/models/grass_plane/model.sdf
-- Installing: /home/eleanorlow/Robo1_HAJE/install/robo1_haje/share/robo1_haje/models/forest_wall
-- Installing: /home/eleanorlow/Robo1_HAJE/install/robo1_haje/share/robo1_haje/models/forest_wall/materials
-- Installing: /home/eleanorlow/Robo1_HAJE/install/robo1_haje/share/robo1_haje/models/forest_wall/materials/textures
-- Installing: /home/eleanorlow/Robo1_HAJE/install/robo1_haje/share/robo1_haje/models/forest_wall/materials/textures/forest_wall_transparent_small.png
-- Installing: /home/eleanorlow/Robo1_HAJE/install/robo1_haje/share/robo1_haje/models/forest_wall/materials/textures/forest_wall.png
-- Installing: /home/eleanorlow/Robo1_HAJE/install/robo1_haje/share/robo1_haje/models/forest_wall/materials/textures/forest_wall_transparent.png
-- Installing: /home/eleanorlow/Robo1_HAJE/install/robo1_haje/share/robo1_haje/models/forest_wall/model.config
-- Installing: /home/eleanorlow/Robo1_HAJE/install/robo1_haje/share/robo1_haje/models/forest_wall/model.sdf
-- Installing: /home/eleanorlow/Robo1_HAJE/install/robo1_haje/share/robo1_haje/models/bush_3
-- Installing: /home/eleanorlow/Robo1_HAJE/install/robo1_haje/share/robo1_haje/models/bush_3/model.config
-- Installing: /home/eleanorlow/Robo1_HAJE/install/robo1_haje/share/robo1_haje/models/bush_3/meshes
-- Installing: /home/eleanorlow/Robo1_HAJE/install/robo1_haje/share/robo1_haje/models/bush_3/meshes/bush_3.mtl
-- Installing: /home/eleanorlow/Robo1_HAJE/install/robo1_haje/share/robo1_haje/models/bush_3/meshes/bush_3.obj
-- Installing: /home/eleanorlow/Robo1_HAJE/install/robo1_haje/share/robo1_haje/models/bush_3/meshes/Summer_B.jpg
-- Installing: /home/eleanorlow/Robo1_HAJE/install/robo1_haje/share/robo1_haje/models/bush_3/model.sdf
-- Installing: /home/eleanorlow/Robo1_HAJE/install/robo1_haje/share/robo1_haje/models/tree_1
-- Installing: /home/eleanorlow/Robo1_HAJE/install/robo1_haje/share/robo1_haje/models/tree_1/model.config
-- Installing: /home/eleanorlow/Robo1_HAJE/install/robo1_haje/share/robo1_haje/models/tree_1/meshes
-- Installing: /home/eleanorlow/Robo1_HAJE/install/robo1_haje/share/robo1_haje/models/tree_1/meshes/tree_1.mtl
-- Installing: /home/eleanorlow/Robo1_HAJE/install/robo1_haje/share/robo1_haje/models/tree_1/meshes/tree_1.obj
-- Installing: /home/eleanorlow/Robo1_HAJE/install/robo1_haje/share/robo1_haje/models/tree_1/meshes/Sonnerat.jpg
-- Installing: /home/eleanorlow/Robo1_HAJE/install/robo1_haje/share/robo1_haje/models/tree_1/model.sdf
-- Installing: /home/eleanorlow/Robo1_HAJE/install/robo1_haje/share/robo1_haje/models/tree_2
-- Installing: /home/eleanorlow/Robo1_HAJE/install/robo1_haje/share/robo1_haje/models/tree_2/model.config
-- Installing: /home/eleanorlow/Robo1_HAJE/install/robo1_haje/share/robo1_haje/models/tree_2/meshes
-- Installing: /home/eleanorlow/Robo1_HAJE/install/robo1_haje/share/robo1_haje/models/tree_2/meshes/tree_2.obj
-- Installing: /home/eleanorlow/Robo1_HAJE/install/robo1_haje/share/robo1_haje/models/tree_2/meshes/Walnut_L.jpg
-- Installing: /home/eleanorlow/Robo1_HAJE/install/robo1_haje/share/robo1_haje/models/tree_2/meshes/tree_2.mtl
-- Installing: /home/eleanorlow/Robo1_HAJE/install/robo1_haje/share/robo1_haje/models/tree_2/meshes/Mossy_Tr.jpg
-- Installing: /home/eleanorlow/Robo1_HAJE/install/robo1_haje/share/robo1_haje/models/tree_2/model.sdf
-- Installing: /home/eleanorlow/Robo1_HAJE/install/robo1_haje/share/robo1_haje/urdf
-- Installing: /home/eleanorlow/Robo1_HAJE/install/robo1_haje/share/robo1_haje/urdf/meshes
-- Installing: /home/eleanorlow/Robo1_HAJE/install/robo1_haje/share/robo1_haje/urdf/meshes/propeller_fl.dae
-- Installing: /home/eleanorlow/Robo1_HAJE/install/robo1_haje/share/robo1_haje/urdf/meshes/propeller_fr.dae
-- Installing: /home/eleanorlow/Robo1_HAJE/install/robo1_haje/share/robo1_haje/urdf/meshes/propeller_rl.dae
-- Installing: /home/eleanorlow/Robo1_HAJE/install/robo1_haje/share/robo1_haje/urdf/meshes/propeller_rr.dae
-- Installing: /home/eleanorlow/Robo1_HAJE/install/robo1_haje/share/robo1_haje/urdf/meshes/hull.dae
-- Installing: /home/eleanorlow/Robo1_HAJE/install/robo1_haje/share/robo1_haje/urdf/common_properties.urdf.xacro
-- Installing: /home/eleanorlow/Robo1_HAJE/install/robo1_haje/share/robo1_haje/urdf/drone.gazebo.xacro
-- Installing: /home/eleanorlow/Robo1_HAJE/install/robo1_haje/share/robo1_haje/urdf/drone.urdf.xacro
-- Installing: /home/eleanorlow/Robo1_HAJE/install/robo1_haje/share/robo1_haje/worlds
-- Installing: /home/eleanorlow/Robo1_HAJE/install/robo1_haje/share/robo1_haje/worlds/simple_trees.sdf
-- Installing: /home/eleanorlow/Robo1_HAJE/install/robo1_haje/share/robo1_haje/worlds/large_demo.sdf
-- Installing: /home/eleanorlow/Robo1_HAJE/install/robo1_haje/share/robo1_haje/movement
-- Installing: /home/eleanorlow/Robo1_HAJE/install/robo1_haje/share/robo1_haje/movement/Movement.h
-- Installing: /home/eleanorlow/Robo1_HAJE/install/robo1_haje/share/robo1_haje/movement/Movement.py
-- Installing: /home/eleanorlow/Robo1_HAJE/install/robo1_haje/share/robo1_haje/movement/Movement.cpp
-- Installing: /home/eleanorlow/Robo1_HAJE/install/robo1_haje/share/robo1_haje/pathplanning
-- Installing: /home/eleanorlow/Robo1_HAJE/install/robo1_haje/share/robo1_haje/pathplanning/PathPlanning.cpp
-- Installing: /home/eleanorlow/Robo1_HAJE/install/robo1_haje/share/robo1_haje/pathplanning/PathPlanning.h
-- Installing: /home/eleanorlow/Robo1_HAJE/install/robo1_haje/share/robo1_haje/firerisk
-- Installing: /home/eleanorlow/Robo1_HAJE/install/robo1_haje/share/robo1_haje/firerisk/FireRisk.h
-- Installing: /home/eleanorlow/Robo1_HAJE/install/robo1_haje/share/robo1_haje/firerisk/FireRisk.cpp
-- Installing: /home/eleanorlow/Robo1_HAJE/install/robo1_haje/share/robo1_haje/detection
-- Installing: /home/eleanorlow/Robo1_HAJE/install/robo1_haje/share/robo1_haje/detection/Detection.h
-- Installing: /home/eleanorlow/Robo1_HAJE/install/robo1_haje/share/robo1_haje/detection/Detection.cpp
-- Installing: /home/eleanorlow/Robo1_HAJE/install/robo1_haje/share/ament_index/resource_index/package_run_dependencies/robo1_haje
-- Installing: /home/eleanorlow/Robo1_HAJE/install/robo1_haje/share/ament_index/resource_index/parent_prefix_path/robo1_haje
-- Installing: /home/eleanorlow/Robo1_HAJE/install/robo1_haje/share/robo1_haje/environment/ament_prefix_path.sh
-- Installing: /home/eleanorlow/Robo1_HAJE/install/robo1_haje/share/robo1_haje/environment/ament_prefix_path.dsv
-- Installing: /home/eleanorlow/Robo1_HAJE/install/robo1_haje/share/robo1_haje/environment/path.sh
-- Installing: /home/eleanorlow/Robo1_HAJE/install/robo1_haje/share/robo1_haje/environment/path.dsv
-- Installing: /home/eleanorlow/Robo1_HAJE/install/robo1_haje/share/robo1_haje/local_setup.bash
-- Installing: /home/eleanorlow/Robo1_HAJE/install/robo1_haje/share/robo1_haje/local_setup.sh
-- Installing: /home/eleanorlow/Robo1_HAJE/install/robo1_haje/share/robo1_haje/local_setup.zsh
-- Installing: /home/eleanorlow/Robo1_HAJE/install/robo1_haje/share/robo1_haje/local_setup.dsv
-- Installing: /home/eleanorlow/Robo1_HAJE/install/robo1_haje/share/robo1_haje/package.dsv
-- Installing: /home/eleanorlow/Robo1_HAJE/install/robo1_haje/share/ament_index/resource_index/packages/robo1_haje
-- Installing: /home/eleanorlow/Robo1_HAJE/install/robo1_haje/share/robo1_haje/cmake/robo1_hajeConfig.cmake
-- Installing: /home/eleanorlow/Robo1_HAJE/install/robo1_haje/share/robo1_haje/cmake/robo1_hajeConfig-version.cmake
-- Installing: /home/eleanorlow/Robo1_HAJE/install/robo1_haje/share/robo1_haje/package.xml
