-- The C compiler identification is GNU 11.4.0
-- The CXX compiler identification is GNU 11.4.0
-- Detecting C compiler ABI info
-- Detecting C compiler ABI info - done
-- Check for working C compiler: /usr/bin/cc - skipped
-- Detecting C compile features
-- Detecting C compile features - done
-- Detecting CXX compiler ABI info
-- Detecting CXX compiler ABI info - done
-- Check for working CXX compiler: /usr/bin/c++ - skipped
-- Detecting CXX compile features
-- Detecting CXX compile features - done
-- Found ament_cmake: 1.3.12 (/opt/ros/humble/share/ament_cmake/cmake)
-- Found Python3: /usr/bin/python3 (found version "3.10.12") found components: Interpreter 
-- Found rclcpp: 16.0.14 (/opt/ros/humble/share/rclcpp/cmake)
-- Found rosidl_generator_c: 3.1.7 (/opt/ros/humble/share/rosidl_generator_c/cmake)
-- Found rosidl_adapter: 3.1.7 (/opt/ros/humble/share/rosidl_adapter/cmake)
-- Found rosidl_generator_cpp: 3.1.7 (/opt/ros/humble/share/rosidl_generator_cpp/cmake)
-- Using all available rosidl_typesupport_c: rosidl_typesupport_fastrtps_c;rosidl_typesupport_introspection_c
-- Using all available rosidl_typesupport_cpp: rosidl_typesupport_fastrtps_cpp;rosidl_typesupport_introspection_cpp
-- Found rmw_implementation_cmake: 6.1.2 (/opt/ros/humble/share/rmw_implementation_cmake/cmake)
-- Found rmw_fastrtps_cpp: 6.2.8 (/opt/ros/humble/share/rmw_fastrtps_cpp/cmake)
-- Found OpenSSL: /usr/lib/x86_64-linux-gnu/libcrypto.so (found version "3.0.2")  
-- Found FastRTPS: /opt/ros/humble/include  
-- Using RMW implementation 'rmw_fastrtps_cpp' as default
-- Looking for pthread.h
-- Looking for pthread.h - found
-- Performing Test CMAKE_HAVE_LIBC_PTHREAD
-- Performing Test CMAKE_HAVE_LIBC_PTHREAD - Success
-- Found Threads: TRUE  
-- Found nav2_msgs: 1.1.18 (/opt/ros/humble/share/nav2_msgs/cmake)
-- Found rclcpp_action: 16.0.14 (/opt/ros/humble/share/rclcpp_action/cmake)
-- Found rosidl_default_generators: 1.2.0 (/opt/ros/humble/share/rosidl_default_generators/cmake)
-- Configuring done
-- Generating done
-- Build files have been written to: /home/eleanorlow/robo1/Robo1_HAJE/build/robo1_haje
[ 50%] [32mBuilding CXX object CMakeFiles/Movement.dir/src/Movement.cpp.o[0m
[100%] [32m[1mLinking CXX executable Movement[0m
[100%] Built target Movement
-- Install configuration: ""
-- Installing: /home/eleanorlow/robo1/Robo1_HAJE/install/robo1_haje/share/robo1_haje/launch
-- Installing: /home/eleanorlow/robo1/Robo1_HAJE/install/robo1_haje/share/robo1_haje/launch/launch.py
-- Installing: /home/eleanorlow/robo1/Robo1_HAJE/install/robo1_haje/lib/robo1_haje/Movement
-- Set runtime path of "/home/eleanorlow/robo1/Robo1_HAJE/install/robo1_haje/lib/robo1_haje/Movement" to ""
-- Installing: /home/eleanorlow/robo1/Robo1_HAJE/install/robo1_haje/share/ament_index/resource_index/package_run_dependencies/robo1_haje
-- Installing: /home/eleanorlow/robo1/Robo1_HAJE/install/robo1_haje/share/ament_index/resource_index/parent_prefix_path/robo1_haje
-- Installing: /home/eleanorlow/robo1/Robo1_HAJE/install/robo1_haje/share/robo1_haje/environment/ament_prefix_path.sh
-- Installing: /home/eleanorlow/robo1/Robo1_HAJE/install/robo1_haje/share/robo1_haje/environment/ament_prefix_path.dsv
-- Installing: /home/eleanorlow/robo1/Robo1_HAJE/install/robo1_haje/share/robo1_haje/environment/path.sh
-- Installing: /home/eleanorlow/robo1/Robo1_HAJE/install/robo1_haje/share/robo1_haje/environment/path.dsv
-- Installing: /home/eleanorlow/robo1/Robo1_HAJE/install/robo1_haje/share/robo1_haje/local_setup.bash
-- Installing: /home/eleanorlow/robo1/Robo1_HAJE/install/robo1_haje/share/robo1_haje/local_setup.sh
-- Installing: /home/eleanorlow/robo1/Robo1_HAJE/install/robo1_haje/share/robo1_haje/local_setup.zsh
-- Installing: /home/eleanorlow/robo1/Robo1_HAJE/install/robo1_haje/share/robo1_haje/local_setup.dsv
-- Installing: /home/eleanorlow/robo1/Robo1_HAJE/install/robo1_haje/share/robo1_haje/package.dsv
-- Installing: /home/eleanorlow/robo1/Robo1_HAJE/install/robo1_haje/share/ament_index/resource_index/packages/robo1_haje
-- Installing: /home/eleanorlow/robo1/Robo1_HAJE/install/robo1_haje/share/robo1_haje/cmake/robo1_hajeConfig.cmake
-- Installing: /home/eleanorlow/robo1/Robo1_HAJE/install/robo1_haje/share/robo1_haje/cmake/robo1_hajeConfig-version.cmake
-- Installing: /home/eleanorlow/robo1/Robo1_HAJE/install/robo1_haje/share/robo1_haje/package.xml
