[0.007s] Invoking command in '/home/eleanorlow/robo1/Robo1_HAJE/build/robo1_haje': CMAKE_PREFIX_PATH=/home/eleanorlow/robo1/install/stage_ros2:/home/eleanorlow/spcrob/ros_ws/install/particle_filter_localisation:/home/eleanorlow/spcrob/pythonTutorial/colcon_ws/install/python_tutorial:/opt/ros/humble:/home/eleanorlow/robo1/install/stage:/home/eleanorlow/robo1/install/robo1_haje:/home/eleanorlow/spcrob/ros_ws/install/stage_ros2:/home/eleanorlow/spcrob/ros_ws/install/stage /usr/bin/cmake /home/eleanorlow/robo1/Robo1_HAJE -DCMAKE_INSTALL_PREFIX=/home/eleanorlow/robo1/Robo1_HAJE/install/robo1_haje
[0.792s] -- The C compiler identification is GNU 11.4.0
[1.545s] -- The CXX compiler identification is GNU 11.4.0
[1.573s] -- Detecting C compiler ABI info
[1.731s] -- Detecting C compiler ABI info - done
[1.744s] -- Check for working C compiler: /usr/bin/cc - skipped
[1.745s] -- Detecting C compile features
[1.759s] -- Detecting C compile features - done
[1.768s] -- Detecting CXX compiler ABI info
[1.900s] -- Detecting CXX compiler ABI info - done
[1.908s] -- Check for working CXX compiler: /usr/bin/c++ - skipped
[1.908s] -- Detecting CXX compile features
[1.908s] -- Detecting CXX compile features - done
[1.956s] -- Found ament_cmake: 1.3.12 (/opt/ros/humble/share/ament_cmake/cmake)
[2.184s] -- Found Python3: /usr/bin/python3 (found version "3.10.12") found components: Interpreter 
[2.456s] -- Found rclcpp: 16.0.14 (/opt/ros/humble/share/rclcpp/cmake)
[2.675s] -- Found rosidl_generator_c: 3.1.7 (/opt/ros/humble/share/rosidl_generator_c/cmake)
[2.714s] -- Found rosidl_adapter: 3.1.7 (/opt/ros/humble/share/rosidl_adapter/cmake)
[2.741s] -- Found rosidl_generator_cpp: 3.1.7 (/opt/ros/humble/share/rosidl_generator_cpp/cmake)
[2.814s] -- Using all available rosidl_typesupport_c: rosidl_typesupport_fastrtps_c;rosidl_typesupport_introspection_c
[2.869s] -- Using all available rosidl_typesupport_cpp: rosidl_typesupport_fastrtps_cpp;rosidl_typesupport_introspection_cpp
[3.005s] -- Found rmw_implementation_cmake: 6.1.2 (/opt/ros/humble/share/rmw_implementation_cmake/cmake)
[3.045s] -- Found rmw_fastrtps_cpp: 6.2.8 (/opt/ros/humble/share/rmw_fastrtps_cpp/cmake)
[3.314s] -- Found OpenSSL: /usr/lib/x86_64-linux-gnu/libcrypto.so (found version "3.0.2")  
[3.359s] -- Found FastRTPS: /opt/ros/humble/include  
[3.387s] -- Using RMW implementation 'rmw_fastrtps_cpp' as default
[3.425s] -- Looking for pthread.h
[3.700s] -- Looking for pthread.h - found
[3.700s] -- Performing Test CMAKE_HAVE_LIBC_PTHREAD
[3.762s] -- Performing Test CMAKE_HAVE_LIBC_PTHREAD - Success
[3.762s] -- Found Threads: TRUE  
[3.889s] -- Found nav2_msgs: 1.1.18 (/opt/ros/humble/share/nav2_msgs/cmake)
[4.049s] -- Found rclcpp_action: 16.0.14 (/opt/ros/humble/share/rclcpp_action/cmake)
[4.082s] -- Found rosidl_default_generators: 1.2.0 (/opt/ros/humble/share/rosidl_default_generators/cmake)
[4.153s] -- Configuring done
[4.160s] -- Generating done
[4.164s] -- Build files have been written to: /home/eleanorlow/robo1/Robo1_HAJE/build/robo1_haje
[4.171s] Invoked command in '/home/eleanorlow/robo1/Robo1_HAJE/build/robo1_haje' returned '0': CMAKE_PREFIX_PATH=/home/eleanorlow/robo1/install/stage_ros2:/home/eleanorlow/spcrob/ros_ws/install/particle_filter_localisation:/home/eleanorlow/spcrob/pythonTutorial/colcon_ws/install/python_tutorial:/opt/ros/humble:/home/eleanorlow/robo1/install/stage:/home/eleanorlow/robo1/install/robo1_haje:/home/eleanorlow/spcrob/ros_ws/install/stage_ros2:/home/eleanorlow/spcrob/ros_ws/install/stage /usr/bin/cmake /home/eleanorlow/robo1/Robo1_HAJE -DCMAKE_INSTALL_PREFIX=/home/eleanorlow/robo1/Robo1_HAJE/install/robo1_haje
[4.172s] Invoking command in '/home/eleanorlow/robo1/Robo1_HAJE/build/robo1_haje': CMAKE_PREFIX_PATH=/home/eleanorlow/robo1/install/stage_ros2:/home/eleanorlow/spcrob/ros_ws/install/particle_filter_localisation:/home/eleanorlow/spcrob/pythonTutorial/colcon_ws/install/python_tutorial:/opt/ros/humble:/home/eleanorlow/robo1/install/stage:/home/eleanorlow/robo1/install/robo1_haje:/home/eleanorlow/spcrob/ros_ws/install/stage_ros2:/home/eleanorlow/spcrob/ros_ws/install/stage /usr/bin/cmake --build /home/eleanorlow/robo1/Robo1_HAJE/build/robo1_haje -- -j8 -l8
[4.215s] [ 50%] [32mBuilding CXX object CMakeFiles/Movement.dir/src/Movement.cpp.o[0m
[9.139s] [100%] [32m[1mLinking CXX executable Movement[0m
[9.788s] [100%] Built target Movement
[9.796s] Invoked command in '/home/eleanorlow/robo1/Robo1_HAJE/build/robo1_haje' returned '0': CMAKE_PREFIX_PATH=/home/eleanorlow/robo1/install/stage_ros2:/home/eleanorlow/spcrob/ros_ws/install/particle_filter_localisation:/home/eleanorlow/spcrob/pythonTutorial/colcon_ws/install/python_tutorial:/opt/ros/humble:/home/eleanorlow/robo1/install/stage:/home/eleanorlow/robo1/install/robo1_haje:/home/eleanorlow/spcrob/ros_ws/install/stage_ros2:/home/eleanorlow/spcrob/ros_ws/install/stage /usr/bin/cmake --build /home/eleanorlow/robo1/Robo1_HAJE/build/robo1_haje -- -j8 -l8
[9.803s] Invoking command in '/home/eleanorlow/robo1/Robo1_HAJE/build/robo1_haje': CMAKE_PREFIX_PATH=/home/eleanorlow/robo1/install/stage_ros2:/home/eleanorlow/spcrob/ros_ws/install/particle_filter_localisation:/home/eleanorlow/spcrob/pythonTutorial/colcon_ws/install/python_tutorial:/opt/ros/humble:/home/eleanorlow/robo1/install/stage:/home/eleanorlow/robo1/install/robo1_haje:/home/eleanorlow/spcrob/ros_ws/install/stage_ros2:/home/eleanorlow/spcrob/ros_ws/install/stage /usr/bin/cmake --install /home/eleanorlow/robo1/Robo1_HAJE/build/robo1_haje
[9.808s] -- Install configuration: ""
[9.809s] -- Installing: /home/eleanorlow/robo1/Robo1_HAJE/install/robo1_haje/share/robo1_haje/launch
[9.809s] -- Installing: /home/eleanorlow/robo1/Robo1_HAJE/install/robo1_haje/share/robo1_haje/launch/launch.py
[9.809s] -- Installing: /home/eleanorlow/robo1/Robo1_HAJE/install/robo1_haje/lib/robo1_haje/Movement
[9.809s] -- Set runtime path of "/home/eleanorlow/robo1/Robo1_HAJE/install/robo1_haje/lib/robo1_haje/Movement" to ""
[9.809s] -- Installing: /home/eleanorlow/robo1/Robo1_HAJE/install/robo1_haje/share/ament_index/resource_index/package_run_dependencies/robo1_haje
[9.809s] -- Installing: /home/eleanorlow/robo1/Robo1_HAJE/install/robo1_haje/share/ament_index/resource_index/parent_prefix_path/robo1_haje
[9.809s] -- Installing: /home/eleanorlow/robo1/Robo1_HAJE/install/robo1_haje/share/robo1_haje/environment/ament_prefix_path.sh
[9.810s] -- Installing: /home/eleanorlow/robo1/Robo1_HAJE/install/robo1_haje/share/robo1_haje/environment/ament_prefix_path.dsv
[9.810s] -- Installing: /home/eleanorlow/robo1/Robo1_HAJE/install/robo1_haje/share/robo1_haje/environment/path.sh
[9.810s] -- Installing: /home/eleanorlow/robo1/Robo1_HAJE/install/robo1_haje/share/robo1_haje/environment/path.dsv
[9.810s] -- Installing: /home/eleanorlow/robo1/Robo1_HAJE/install/robo1_haje/share/robo1_haje/local_setup.bash
[9.810s] -- Installing: /home/eleanorlow/robo1/Robo1_HAJE/install/robo1_haje/share/robo1_haje/local_setup.sh
[9.810s] -- Installing: /home/eleanorlow/robo1/Robo1_HAJE/install/robo1_haje/share/robo1_haje/local_setup.zsh
[9.810s] -- Installing: /home/eleanorlow/robo1/Robo1_HAJE/install/robo1_haje/share/robo1_haje/local_setup.dsv
[9.810s] -- Installing: /home/eleanorlow/robo1/Robo1_HAJE/install/robo1_haje/share/robo1_haje/package.dsv
[9.810s] -- Installing: /home/eleanorlow/robo1/Robo1_HAJE/install/robo1_haje/share/ament_index/resource_index/packages/robo1_haje
[9.810s] -- Installing: /home/eleanorlow/robo1/Robo1_HAJE/install/robo1_haje/share/robo1_haje/cmake/robo1_hajeConfig.cmake
[9.810s] -- Installing: /home/eleanorlow/robo1/Robo1_HAJE/install/robo1_haje/share/robo1_haje/cmake/robo1_hajeConfig-version.cmake
[9.810s] -- Installing: /home/eleanorlow/robo1/Robo1_HAJE/install/robo1_haje/share/robo1_haje/package.xml
[9.812s] Invoked command in '/home/eleanorlow/robo1/Robo1_HAJE/build/robo1_haje' returned '0': CMAKE_PREFIX_PATH=/home/eleanorlow/robo1/install/stage_ros2:/home/eleanorlow/spcrob/ros_ws/install/particle_filter_localisation:/home/eleanorlow/spcrob/pythonTutorial/colcon_ws/install/python_tutorial:/opt/ros/humble:/home/eleanorlow/robo1/install/stage:/home/eleanorlow/robo1/install/robo1_haje:/home/eleanorlow/spcrob/ros_ws/install/stage_ros2:/home/eleanorlow/spcrob/ros_ws/install/stage /usr/bin/cmake --install /home/eleanorlow/robo1/Robo1_HAJE/build/robo1_haje
