[0.071s] DEBUG:colcon:Command line arguments: ['/usr/bin/colcon', 'build']
[0.071s] DEBUG:colcon:Parsed command line arguments: Namespace(log_base=None, log_level=None, verb_name='build', build_base='build', install_base='install', merge_install=False, symlink_install=False, test_result_base=None, continue_on_error=False, executor='parallel', parallel_workers=8, event_handlers=None, ignore_user_meta=False, metas=['./colcon.meta'], base_paths=['.'], packages_ignore=None, packages_ignore_regex=None, paths=None, packages_up_to=None, packages_up_to_regex=None, packages_above=None, packages_above_and_dependencies=None, packages_above_depth=None, packages_select_by_dep=None, packages_skip_by_dep=None, packages_skip_up_to=None, packages_select_build_failed=False, packages_skip_build_finished=False, packages_select_test_failures=False, packages_skip_test_passed=False, packages_select=None, packages_skip=None, packages_select_regex=None, packages_skip_regex=None, packages_start=None, packages_end=None, allow_overriding=[], cmake_args=None, cmake_target=None, cmake_target_skip_unavailable=False, cmake_clean_cache=False, cmake_clean_first=False, cmake_force_configure=False, ament_cmake_args=None, catkin_cmake_args=None, catkin_skip_building_tests=False, mixin_files=None, mixin=None, verb_parser=<colcon_mixin.mixin.mixin_argument.MixinArgumentDecorator object at 0x7981945660e0>, verb_extension=<colcon_core.verb.build.BuildVerb object at 0x798194565630>, main=<bound method BuildVerb.main of <colcon_core.verb.build.BuildVerb object at 0x798194565630>>, mixin_verb=('build',))
[0.176s] Level 1:colcon.colcon_core.package_discovery:discover_packages(colcon_meta) check parameters
[0.177s] Level 1:colcon.colcon_core.package_discovery:discover_packages(recursive) check parameters
[0.177s] Level 1:colcon.colcon_core.package_discovery:discover_packages(ignore) check parameters
[0.177s] Level 1:colcon.colcon_core.package_discovery:discover_packages(path) check parameters
[0.177s] Level 1:colcon.colcon_core.package_discovery:discover_packages(colcon_meta) discover
[0.177s] Level 1:colcon.colcon_core.package_discovery:discover_packages(recursive) discover
[0.177s] INFO:colcon.colcon_core.package_discovery:Crawling recursively for packages in '/home/eleanorlow/robo1/Robo1_HAJE'
[0.177s] Level 1:colcon.colcon_core.package_identification:_identify(.) by extensions ['ignore', 'ignore_ament_install']
[0.177s] Level 1:colcon.colcon_core.package_identification:_identify(.) by extension 'ignore'
[0.177s] Level 1:colcon.colcon_core.package_identification:_identify(.) by extension 'ignore_ament_install'
[0.177s] Level 1:colcon.colcon_core.package_identification:_identify(.) by extensions ['colcon_pkg']
[0.177s] Level 1:colcon.colcon_core.package_identification:_identify(.) by extension 'colcon_pkg'
[0.177s] Level 1:colcon.colcon_core.package_identification:_identify(.) by extensions ['colcon_meta']
[0.177s] Level 1:colcon.colcon_core.package_identification:_identify(.) by extension 'colcon_meta'
[0.177s] Level 1:colcon.colcon_core.package_identification:_identify(.) by extensions ['ros']
[0.177s] Level 1:colcon.colcon_core.package_identification:_identify(.) by extension 'ros'
[0.186s] DEBUG:colcon.colcon_core.package_identification:Package '.' with type 'ros.ament_cmake' and name 'robo1_haje'
[0.186s] Level 1:colcon.colcon_core.package_discovery:discover_packages(recursive) using defaults
[0.186s] Level 1:colcon.colcon_core.package_discovery:discover_packages(ignore) discover
[0.186s] Level 1:colcon.colcon_core.package_discovery:discover_packages(ignore) using defaults
[0.186s] Level 1:colcon.colcon_core.package_discovery:discover_packages(path) discover
[0.186s] Level 1:colcon.colcon_core.package_discovery:discover_packages(path) using defaults
[0.207s] Level 1:colcon.colcon_core.package_discovery:discover_packages(prefix_path) check parameters
[0.207s] Level 1:colcon.colcon_core.package_discovery:discover_packages(prefix_path) discover
[0.208s] DEBUG:colcon.colcon_installed_package_information.package_discovery:Found 3 installed packages in /home/eleanorlow/robo1/install
[0.209s] DEBUG:colcon.colcon_installed_package_information.package_discovery:Found 3 installed packages in /home/eleanorlow/spcrob/ros_ws/install
[0.209s] DEBUG:colcon.colcon_installed_package_information.package_discovery:Found 1 installed packages in /home/eleanorlow/spcrob/pythonTutorial/colcon_ws/install
[0.210s] DEBUG:colcon.colcon_installed_package_information.package_discovery:Found 313 installed packages in /opt/ros/humble
[0.211s] Level 1:colcon.colcon_core.package_discovery:discover_packages(prefix_path) using defaults
[0.237s] Level 5:colcon.colcon_core.verb:set package 'robo1_haje' build argument 'cmake_args' from command line to 'None'
[0.237s] Level 5:colcon.colcon_core.verb:set package 'robo1_haje' build argument 'cmake_target' from command line to 'None'
[0.237s] Level 5:colcon.colcon_core.verb:set package 'robo1_haje' build argument 'cmake_target_skip_unavailable' from command line to 'False'
[0.237s] Level 5:colcon.colcon_core.verb:set package 'robo1_haje' build argument 'cmake_clean_cache' from command line to 'False'
[0.237s] Level 5:colcon.colcon_core.verb:set package 'robo1_haje' build argument 'cmake_clean_first' from command line to 'False'
[0.237s] Level 5:colcon.colcon_core.verb:set package 'robo1_haje' build argument 'cmake_force_configure' from command line to 'False'
[0.237s] Level 5:colcon.colcon_core.verb:set package 'robo1_haje' build argument 'ament_cmake_args' from command line to 'None'
[0.237s] Level 5:colcon.colcon_core.verb:set package 'robo1_haje' build argument 'catkin_cmake_args' from command line to 'None'
[0.237s] Level 5:colcon.colcon_core.verb:set package 'robo1_haje' build argument 'catkin_skip_building_tests' from command line to 'False'
[0.237s] DEBUG:colcon.colcon_core.verb:Building package 'robo1_haje' with the following arguments: {'ament_cmake_args': None, 'build_base': '/home/eleanorlow/robo1/Robo1_HAJE/build/robo1_haje', 'catkin_cmake_args': None, 'catkin_skip_building_tests': False, 'cmake_args': None, 'cmake_clean_cache': False, 'cmake_clean_first': False, 'cmake_force_configure': False, 'cmake_target': None, 'cmake_target_skip_unavailable': False, 'install_base': '/home/eleanorlow/robo1/Robo1_HAJE/install/robo1_haje', 'merge_install': False, 'path': '/home/eleanorlow/robo1/Robo1_HAJE', 'symlink_install': False, 'test_result_base': None}
[0.237s] INFO:colcon.colcon_core.executor:Executing jobs using 'parallel' executor
[0.238s] DEBUG:colcon.colcon_parallel_executor.executor.parallel:run_until_complete
[0.238s] INFO:colcon.colcon_ros.task.ament_cmake.build:Building ROS package in '/home/eleanorlow/robo1/Robo1_HAJE' with build type 'ament_cmake'
[0.238s] INFO:colcon.colcon_cmake.task.cmake.build:Building CMake package in '/home/eleanorlow/robo1/Robo1_HAJE'
[0.239s] INFO:colcon.colcon_core.plugin_system:Skipping extension 'colcon_core.shell.bat': Not used on non-Windows systems
[0.239s] INFO:colcon.colcon_core.shell:Skip shell extension 'powershell' for command environment: Not usable outside of PowerShell
[0.240s] DEBUG:colcon.colcon_core.shell:Skip shell extension 'dsv' for command environment
[0.246s] DEBUG:colcon.colcon_core.event_handler.log_command:Invoking command in '/home/eleanorlow/robo1/Robo1_HAJE/build/robo1_haje': CMAKE_PREFIX_PATH=/home/eleanorlow/robo1/install/stage_ros2:/home/eleanorlow/spcrob/ros_ws/install/particle_filter_localisation:/home/eleanorlow/spcrob/pythonTutorial/colcon_ws/install/python_tutorial:/opt/ros/humble:/home/eleanorlow/robo1/install/stage:/home/eleanorlow/robo1/install/robo1_haje:/home/eleanorlow/spcrob/ros_ws/install/stage_ros2:/home/eleanorlow/spcrob/ros_ws/install/stage /usr/bin/cmake /home/eleanorlow/robo1/Robo1_HAJE -DCMAKE_INSTALL_PREFIX=/home/eleanorlow/robo1/Robo1_HAJE/install/robo1_haje
[4.410s] DEBUG:colcon.colcon_core.event_handler.log_command:Invoked command in '/home/eleanorlow/robo1/Robo1_HAJE/build/robo1_haje' returned '0': CMAKE_PREFIX_PATH=/home/eleanorlow/robo1/install/stage_ros2:/home/eleanorlow/spcrob/ros_ws/install/particle_filter_localisation:/home/eleanorlow/spcrob/pythonTutorial/colcon_ws/install/python_tutorial:/opt/ros/humble:/home/eleanorlow/robo1/install/stage:/home/eleanorlow/robo1/install/robo1_haje:/home/eleanorlow/spcrob/ros_ws/install/stage_ros2:/home/eleanorlow/spcrob/ros_ws/install/stage /usr/bin/cmake /home/eleanorlow/robo1/Robo1_HAJE -DCMAKE_INSTALL_PREFIX=/home/eleanorlow/robo1/Robo1_HAJE/install/robo1_haje
[4.411s] DEBUG:colcon.colcon_core.event_handler.log_command:Invoking command in '/home/eleanorlow/robo1/Robo1_HAJE/build/robo1_haje': CMAKE_PREFIX_PATH=/home/eleanorlow/robo1/install/stage_ros2:/home/eleanorlow/spcrob/ros_ws/install/particle_filter_localisation:/home/eleanorlow/spcrob/pythonTutorial/colcon_ws/install/python_tutorial:/opt/ros/humble:/home/eleanorlow/robo1/install/stage:/home/eleanorlow/robo1/install/robo1_haje:/home/eleanorlow/spcrob/ros_ws/install/stage_ros2:/home/eleanorlow/spcrob/ros_ws/install/stage /usr/bin/cmake --build /home/eleanorlow/robo1/Robo1_HAJE/build/robo1_haje -- -j8 -l8
[10.034s] DEBUG:colcon.colcon_core.event_handler.log_command:Invoked command in '/home/eleanorlow/robo1/Robo1_HAJE/build/robo1_haje' returned '0': CMAKE_PREFIX_PATH=/home/eleanorlow/robo1/install/stage_ros2:/home/eleanorlow/spcrob/ros_ws/install/particle_filter_localisation:/home/eleanorlow/spcrob/pythonTutorial/colcon_ws/install/python_tutorial:/opt/ros/humble:/home/eleanorlow/robo1/install/stage:/home/eleanorlow/robo1/install/robo1_haje:/home/eleanorlow/spcrob/ros_ws/install/stage_ros2:/home/eleanorlow/spcrob/ros_ws/install/stage /usr/bin/cmake --build /home/eleanorlow/robo1/Robo1_HAJE/build/robo1_haje -- -j8 -l8
[10.041s] DEBUG:colcon.colcon_core.event_handler.log_command:Invoking command in '/home/eleanorlow/robo1/Robo1_HAJE/build/robo1_haje': CMAKE_PREFIX_PATH=/home/eleanorlow/robo1/install/stage_ros2:/home/eleanorlow/spcrob/ros_ws/install/particle_filter_localisation:/home/eleanorlow/spcrob/pythonTutorial/colcon_ws/install/python_tutorial:/opt/ros/humble:/home/eleanorlow/robo1/install/stage:/home/eleanorlow/robo1/install/robo1_haje:/home/eleanorlow/spcrob/ros_ws/install/stage_ros2:/home/eleanorlow/spcrob/ros_ws/install/stage /usr/bin/cmake --install /home/eleanorlow/robo1/Robo1_HAJE/build/robo1_haje
[10.050s] Level 1:colcon.colcon_core.environment:create_environment_scripts_only(robo1_haje)
[10.050s] DEBUG:colcon.colcon_core.event_handler.log_command:Invoked command in '/home/eleanorlow/robo1/Robo1_HAJE/build/robo1_haje' returned '0': CMAKE_PREFIX_PATH=/home/eleanorlow/robo1/install/stage_ros2:/home/eleanorlow/spcrob/ros_ws/install/particle_filter_localisation:/home/eleanorlow/spcrob/pythonTutorial/colcon_ws/install/python_tutorial:/opt/ros/humble:/home/eleanorlow/robo1/install/stage:/home/eleanorlow/robo1/install/robo1_haje:/home/eleanorlow/spcrob/ros_ws/install/stage_ros2:/home/eleanorlow/spcrob/ros_ws/install/stage /usr/bin/cmake --install /home/eleanorlow/robo1/Robo1_HAJE/build/robo1_haje
[10.052s] Level 1:colcon.colcon_core.environment:checking '/home/eleanorlow/robo1/Robo1_HAJE/install/robo1_haje' for CMake module files
[10.052s] Level 1:colcon.colcon_core.environment:checking '/home/eleanorlow/robo1/Robo1_HAJE/install/robo1_haje' for CMake config files
[10.052s] Level 1:colcon.colcon_core.shell:create_environment_hook('robo1_haje', 'cmake_prefix_path')
[10.052s] INFO:colcon.colcon_core.shell:Creating environment hook '/home/eleanorlow/robo1/Robo1_HAJE/install/robo1_haje/share/robo1_haje/hook/cmake_prefix_path.ps1'
[10.053s] INFO:colcon.colcon_core.shell:Creating environment descriptor '/home/eleanorlow/robo1/Robo1_HAJE/install/robo1_haje/share/robo1_haje/hook/cmake_prefix_path.dsv'
[10.053s] INFO:colcon.colcon_core.shell:Creating environment hook '/home/eleanorlow/robo1/Robo1_HAJE/install/robo1_haje/share/robo1_haje/hook/cmake_prefix_path.sh'
[10.054s] Level 1:colcon.colcon_core.environment:checking '/home/eleanorlow/robo1/Robo1_HAJE/install/robo1_haje/lib'
[10.054s] Level 1:colcon.colcon_core.environment:checking '/home/eleanorlow/robo1/Robo1_HAJE/install/robo1_haje/bin'
[10.054s] Level 1:colcon.colcon_core.environment:checking '/home/eleanorlow/robo1/Robo1_HAJE/install/robo1_haje/lib/pkgconfig/robo1_haje.pc'
[10.054s] Level 1:colcon.colcon_core.environment:checking '/home/eleanorlow/robo1/Robo1_HAJE/install/robo1_haje/lib/python3.10/site-packages'
[10.054s] Level 1:colcon.colcon_core.environment:checking '/home/eleanorlow/robo1/Robo1_HAJE/install/robo1_haje/bin'
[10.054s] INFO:colcon.colcon_core.shell:Creating package script '/home/eleanorlow/robo1/Robo1_HAJE/install/robo1_haje/share/robo1_haje/package.ps1'
[10.055s] INFO:colcon.colcon_core.shell:Creating package descriptor '/home/eleanorlow/robo1/Robo1_HAJE/install/robo1_haje/share/robo1_haje/package.dsv'
[10.055s] INFO:colcon.colcon_core.shell:Creating package script '/home/eleanorlow/robo1/Robo1_HAJE/install/robo1_haje/share/robo1_haje/package.sh'
[10.056s] INFO:colcon.colcon_core.shell:Creating package script '/home/eleanorlow/robo1/Robo1_HAJE/install/robo1_haje/share/robo1_haje/package.bash'
[10.056s] INFO:colcon.colcon_core.shell:Creating package script '/home/eleanorlow/robo1/Robo1_HAJE/install/robo1_haje/share/robo1_haje/package.zsh'
[10.057s] Level 1:colcon.colcon_core.environment:create_file_with_runtime_dependencies(/home/eleanorlow/robo1/Robo1_HAJE/install/robo1_haje/share/colcon-core/packages/robo1_haje)
[10.057s] Level 1:colcon.colcon_core.environment:create_environment_scripts_only(robo1_haje)
[10.057s] Level 1:colcon.colcon_core.environment:checking '/home/eleanorlow/robo1/Robo1_HAJE/install/robo1_haje' for CMake module files
[10.057s] Level 1:colcon.colcon_core.environment:checking '/home/eleanorlow/robo1/Robo1_HAJE/install/robo1_haje' for CMake config files
[10.057s] Level 1:colcon.colcon_core.shell:create_environment_hook('robo1_haje', 'cmake_prefix_path')
[10.058s] INFO:colcon.colcon_core.shell:Creating environment hook '/home/eleanorlow/robo1/Robo1_HAJE/install/robo1_haje/share/robo1_haje/hook/cmake_prefix_path.ps1'
[10.058s] INFO:colcon.colcon_core.shell:Creating environment descriptor '/home/eleanorlow/robo1/Robo1_HAJE/install/robo1_haje/share/robo1_haje/hook/cmake_prefix_path.dsv'
[10.058s] INFO:colcon.colcon_core.shell:Creating environment hook '/home/eleanorlow/robo1/Robo1_HAJE/install/robo1_haje/share/robo1_haje/hook/cmake_prefix_path.sh'
[10.058s] Level 1:colcon.colcon_core.environment:checking '/home/eleanorlow/robo1/Robo1_HAJE/install/robo1_haje/lib'
[10.058s] Level 1:colcon.colcon_core.environment:checking '/home/eleanorlow/robo1/Robo1_HAJE/install/robo1_haje/bin'
[10.058s] Level 1:colcon.colcon_core.environment:checking '/home/eleanorlow/robo1/Robo1_HAJE/install/robo1_haje/lib/pkgconfig/robo1_haje.pc'
[10.059s] Level 1:colcon.colcon_core.environment:checking '/home/eleanorlow/robo1/Robo1_HAJE/install/robo1_haje/lib/python3.10/site-packages'
[10.059s] Level 1:colcon.colcon_core.environment:checking '/home/eleanorlow/robo1/Robo1_HAJE/install/robo1_haje/bin'
[10.059s] INFO:colcon.colcon_core.shell:Creating package script '/home/eleanorlow/robo1/Robo1_HAJE/install/robo1_haje/share/robo1_haje/package.ps1'
[10.059s] INFO:colcon.colcon_core.shell:Creating package descriptor '/home/eleanorlow/robo1/Robo1_HAJE/install/robo1_haje/share/robo1_haje/package.dsv'
[10.060s] INFO:colcon.colcon_core.shell:Creating package script '/home/eleanorlow/robo1/Robo1_HAJE/install/robo1_haje/share/robo1_haje/package.sh'
[10.060s] INFO:colcon.colcon_core.shell:Creating package script '/home/eleanorlow/robo1/Robo1_HAJE/install/robo1_haje/share/robo1_haje/package.bash'
[10.060s] INFO:colcon.colcon_core.shell:Creating package script '/home/eleanorlow/robo1/Robo1_HAJE/install/robo1_haje/share/robo1_haje/package.zsh'
[10.060s] Level 1:colcon.colcon_core.environment:create_file_with_runtime_dependencies(/home/eleanorlow/robo1/Robo1_HAJE/install/robo1_haje/share/colcon-core/packages/robo1_haje)
[10.061s] DEBUG:colcon.colcon_parallel_executor.executor.parallel:closing loop
[10.061s] DEBUG:colcon.colcon_parallel_executor.executor.parallel:loop closed
[10.061s] DEBUG:colcon.colcon_parallel_executor.executor.parallel:run_until_complete finished with '0'
[10.061s] DEBUG:colcon.colcon_core.event_reactor:joining thread
[10.064s] INFO:colcon.colcon_core.plugin_system:Skipping extension 'colcon_notification.desktop_notification.terminal_notifier': Not used on non-Darwin systems
[10.064s] INFO:colcon.colcon_core.plugin_system:Skipping extension 'colcon_notification.desktop_notification.win32': Not used on non-Windows systems
[10.065s] INFO:colcon.colcon_notification.desktop_notification:Sending desktop notification using 'notify2'
[10.073s] DEBUG:colcon.colcon_core.event_reactor:joined thread
[10.073s] INFO:colcon.colcon_core.shell:Creating prefix script '/home/eleanorlow/robo1/Robo1_HAJE/install/local_setup.ps1'
[10.074s] INFO:colcon.colcon_core.shell:Creating prefix util module '/home/eleanorlow/robo1/Robo1_HAJE/install/_local_setup_util_ps1.py'
[10.075s] INFO:colcon.colcon_core.shell:Creating prefix chain script '/home/eleanorlow/robo1/Robo1_HAJE/install/setup.ps1'
[10.076s] INFO:colcon.colcon_core.shell:Creating prefix script '/home/eleanorlow/robo1/Robo1_HAJE/install/local_setup.sh'
[10.076s] INFO:colcon.colcon_core.shell:Creating prefix util module '/home/eleanorlow/robo1/Robo1_HAJE/install/_local_setup_util_sh.py'
[10.076s] INFO:colcon.colcon_core.shell:Creating prefix chain script '/home/eleanorlow/robo1/Robo1_HAJE/install/setup.sh'
[10.077s] INFO:colcon.colcon_core.shell:Creating prefix script '/home/eleanorlow/robo1/Robo1_HAJE/install/local_setup.bash'
[10.077s] INFO:colcon.colcon_core.shell:Creating prefix chain script '/home/eleanorlow/robo1/Robo1_HAJE/install/setup.bash'
[10.078s] INFO:colcon.colcon_core.shell:Creating prefix script '/home/eleanorlow/robo1/Robo1_HAJE/install/local_setup.zsh'
[10.078s] INFO:colcon.colcon_core.shell:Creating prefix chain script '/home/eleanorlow/robo1/Robo1_HAJE/install/setup.zsh'
