-- Install configuration: ""
-- Up-to-date: /home/eleanorlow/Robo1_HAJE/install/robo1_haje/share/robo1_haje/config
-- Up-to-date: /home/eleanorlow/Robo1_HAJE/install/robo1_haje/share/robo1_haje/config/gazebo_bridge.yaml
-- Up-to-date: /home/eleanorlow/Robo1_HAJE/install/robo1_haje/share/robo1_haje/config/robot_localization.yaml
-- Up-to-date: /home/eleanorlow/Robo1_HAJE/install/robo1_haje/share/robo1_haje/config/drone.rviz
-- Up-to-date: /home/eleanorlow/Robo1_HAJE/install/robo1_haje/share/robo1_haje/config/slam_params.yaml
-- Up-to-date: /home/eleanorlow/Robo1_HAJE/install/robo1_haje/share/robo1_haje/config/nav2_params.yaml
-- Up-to-date: /home/eleanorlow/Robo1_HAJE/install/robo1_haje/share/robo1_haje/launch
-- Up-to-date: /home/eleanorlow/Robo1_HAJE/install/robo1_haje/share/robo1_haje/launch/launch.py
-- Up-to-date: /home/eleanorlow/Robo1_HAJE/install/robo1_haje/share/robo1_haje/launch/launch_2.py
-- Up-to-date: /home/eleanorlow/Robo1_HAJE/install/robo1_haje/share/robo1_haje/launch/drone_ignition.launch.py
-- Up-to-date: /home/eleanorlow/Robo1_HAJE/install/robo1_haje/share/robo1_haje/launch/drone_navigation.launch.py
-- Up-to-date: /home/eleanorlow/Robo1_HAJE/install/robo1_haje/share/robo1_haje/models
-- Up-to-date: /home/eleanorlow/Robo1_HAJE/install/robo1_haje/share/robo1_haje/models/palm_tree
-- Up-to-date: /home/eleanorlow/Robo1_HAJE/install/robo1_haje/share/robo1_haje/models/palm_tree/model.config
-- Up-to-date: /home/eleanorlow/Robo1_HAJE/install/robo1_haje/share/robo1_haje/models/palm_tree/meshes
-- Up-to-date: /home/eleanorlow/Robo1_HAJE/install/robo1_haje/share/robo1_haje/models/palm_tree/meshes/model
-- Up-to-date: /home/eleanorlow/Robo1_HAJE/install/robo1_haje/share/robo1_haje/models/palm_tree/meshes/model/__Wood_Lumber_ButtJoined_.jpg
-- Up-to-date: /home/eleanorlow/Robo1_HAJE/install/robo1_haje/share/robo1_haje/models/palm_tree/meshes/palm_tree.dae
-- Up-to-date: /home/eleanorlow/Robo1_HAJE/install/robo1_haje/share/robo1_haje/models/palm_tree/model.sdf
-- Up-to-date: /home/eleanorlow/Robo1_HAJE/install/robo1_haje/share/robo1_haje/models/forest_plane
-- Up-to-date: /home/eleanorlow/Robo1_HAJE/install/robo1_haje/share/robo1_haje/models/forest_plane/materials
-- Up-to-date: /home/eleanorlow/Robo1_HAJE/install/robo1_haje/share/robo1_haje/models/forest_plane/materials/textures
-- Up-to-date: /home/eleanorlow/Robo1_HAJE/install/robo1_haje/share/robo1_haje/models/forest_plane/materials/textures/leaf_litter.png
-- Up-to-date: /home/eleanorlow/Robo1_HAJE/install/robo1_haje/share/robo1_haje/models/forest_plane/materials/textures/empty_grass.png
-- Up-to-date: /home/eleanorlow/Robo1_HAJE/install/robo1_haje/share/robo1_haje/models/forest_plane/materials/textures/forest_overhead.png
-- Up-to-date: /home/eleanorlow/Robo1_HAJE/install/robo1_haje/share/robo1_haje/models/forest_plane/model.config
-- Up-to-date: /home/eleanorlow/Robo1_HAJE/install/robo1_haje/share/robo1_haje/models/forest_plane/model.sdf
-- Up-to-date: /home/eleanorlow/Robo1_HAJE/install/robo1_haje/share/robo1_haje/models/grass_plane
-- Up-to-date: /home/eleanorlow/Robo1_HAJE/install/robo1_haje/share/robo1_haje/models/grass_plane/materials
-- Up-to-date: /home/eleanorlow/Robo1_HAJE/install/robo1_haje/share/robo1_haje/models/grass_plane/materials/textures
-- Up-to-date: /home/eleanorlow/Robo1_HAJE/install/robo1_haje/share/robo1_haje/models/grass_plane/materials/textures/empty_grass.png
-- Up-to-date: /home/eleanorlow/Robo1_HAJE/install/robo1_haje/share/robo1_haje/models/grass_plane/model.config
-- Up-to-date: /home/eleanorlow/Robo1_HAJE/install/robo1_haje/share/robo1_haje/models/grass_plane/model.sdf
-- Up-to-date: /home/eleanorlow/Robo1_HAJE/install/robo1_haje/share/robo1_haje/models/forest_wall
-- Up-to-date: /home/eleanorlow/Robo1_HAJE/install/robo1_haje/share/robo1_haje/models/forest_wall/materials
-- Up-to-date: /home/eleanorlow/Robo1_HAJE/install/robo1_haje/share/robo1_haje/models/forest_wall/materials/textures
-- Up-to-date: /home/eleanorlow/Robo1_HAJE/install/robo1_haje/share/robo1_haje/models/forest_wall/materials/textures/forest_wall_transparent_small.png
-- Up-to-date: /home/eleanorlow/Robo1_HAJE/install/robo1_haje/share/robo1_haje/models/forest_wall/materials/textures/forest_wall.png
-- Up-to-date: /home/eleanorlow/Robo1_HAJE/install/robo1_haje/share/robo1_haje/models/forest_wall/materials/textures/forest_wall_transparent.png
-- Up-to-date: /home/eleanorlow/Robo1_HAJE/install/robo1_haje/share/robo1_haje/models/forest_wall/model.config
-- Up-to-date: /home/eleanorlow/Robo1_HAJE/install/robo1_haje/share/robo1_haje/models/forest_wall/model.sdf
-- Up-to-date: /home/eleanorlow/Robo1_HAJE/install/robo1_haje/share/robo1_haje/models/bush_3
-- Up-to-date: /home/eleanorlow/Robo1_HAJE/install/robo1_haje/share/robo1_haje/models/bush_3/model.config
-- Up-to-date: /home/eleanorlow/Robo1_HAJE/install/robo1_haje/share/robo1_haje/models/bush_3/meshes
-- Up-to-date: /home/eleanorlow/Robo1_HAJE/install/robo1_haje/share/robo1_haje/models/bush_3/meshes/bush_3.mtl
-- Up-to-date: /home/eleanorlow/Robo1_HAJE/install/robo1_haje/share/robo1_haje/models/bush_3/meshes/bush_3.obj
-- Up-to-date: /home/eleanorlow/Robo1_HAJE/install/robo1_haje/share/robo1_haje/models/bush_3/meshes/Summer_B.jpg
-- Up-to-date: /home/eleanorlow/Robo1_HAJE/install/robo1_haje/share/robo1_haje/models/bush_3/model.sdf
-- Up-to-date: /home/eleanorlow/Robo1_HAJE/install/robo1_haje/share/robo1_haje/models/tree_1
-- Up-to-date: /home/eleanorlow/Robo1_HAJE/install/robo1_haje/share/robo1_haje/models/tree_1/model.config
-- Up-to-date: /home/eleanorlow/Robo1_HAJE/install/robo1_haje/share/robo1_haje/models/tree_1/meshes
-- Up-to-date: /home/eleanorlow/Robo1_HAJE/install/robo1_haje/share/robo1_haje/models/tree_1/meshes/tree_1.mtl
-- Up-to-date: /home/eleanorlow/Robo1_HAJE/install/robo1_haje/share/robo1_haje/models/tree_1/meshes/tree_1.obj
-- Up-to-date: /home/eleanorlow/Robo1_HAJE/install/robo1_haje/share/robo1_haje/models/tree_1/meshes/Sonnerat.jpg
-- Up-to-date: /home/eleanorlow/Robo1_HAJE/install/robo1_haje/share/robo1_haje/models/tree_1/model.sdf
-- Up-to-date: /home/eleanorlow/Robo1_HAJE/install/robo1_haje/share/robo1_haje/models/tree_2
-- Up-to-date: /home/eleanorlow/Robo1_HAJE/install/robo1_haje/share/robo1_haje/models/tree_2/model.config
-- Up-to-date: /home/eleanorlow/Robo1_HAJE/install/robo1_haje/share/robo1_haje/models/tree_2/meshes
-- Up-to-date: /home/eleanorlow/Robo1_HAJE/install/robo1_haje/share/robo1_haje/models/tree_2/meshes/tree_2.obj
-- Up-to-date: /home/eleanorlow/Robo1_HAJE/install/robo1_haje/share/robo1_haje/models/tree_2/meshes/Walnut_L.jpg
-- Up-to-date: /home/eleanorlow/Robo1_HAJE/install/robo1_haje/share/robo1_haje/models/tree_2/meshes/tree_2.mtl
-- Up-to-date: /home/eleanorlow/Robo1_HAJE/install/robo1_haje/share/robo1_haje/models/tree_2/meshes/Mossy_Tr.jpg
-- Up-to-date: /home/eleanorlow/Robo1_HAJE/install/robo1_haje/share/robo1_haje/models/tree_2/model.sdf
-- Up-to-date: /home/eleanorlow/Robo1_HAJE/install/robo1_haje/share/robo1_haje/urdf
-- Up-to-date: /home/eleanorlow/Robo1_HAJE/install/robo1_haje/share/robo1_haje/urdf/meshes
-- Up-to-date: /home/eleanorlow/Robo1_HAJE/install/robo1_haje/share/robo1_haje/urdf/meshes/propeller_fl.dae
-- Up-to-date: /home/eleanorlow/Robo1_HAJE/install/robo1_haje/share/robo1_haje/urdf/meshes/propeller_fr.dae
-- Up-to-date: /home/eleanorlow/Robo1_HAJE/install/robo1_haje/share/robo1_haje/urdf/meshes/propeller_rl.dae
-- Up-to-date: /home/eleanorlow/Robo1_HAJE/install/robo1_haje/share/robo1_haje/urdf/meshes/propeller_rr.dae
-- Up-to-date: /home/eleanorlow/Robo1_HAJE/install/robo1_haje/share/robo1_haje/urdf/meshes/hull.dae
-- Up-to-date: /home/eleanorlow/Robo1_HAJE/install/robo1_haje/share/robo1_haje/urdf/common_properties.urdf.xacro
-- Up-to-date: /home/eleanorlow/Robo1_HAJE/install/robo1_haje/share/robo1_haje/urdf/drone.gazebo.xacro
-- Up-to-date: /home/eleanorlow/Robo1_HAJE/install/robo1_haje/share/robo1_haje/urdf/drone.urdf.xacro
-- Up-to-date: /home/eleanorlow/Robo1_HAJE/install/robo1_haje/share/robo1_haje/worlds
-- Up-to-date: /home/eleanorlow/Robo1_HAJE/install/robo1_haje/share/robo1_haje/worlds/simple_trees.sdf
-- Up-to-date: /home/eleanorlow/Robo1_HAJE/install/robo1_haje/share/robo1_haje/worlds/large_demo.sdf
-- Up-to-date: /home/eleanorlow/Robo1_HAJE/install/robo1_haje/share/robo1_haje/movement
-- Up-to-date: /home/eleanorlow/Robo1_HAJE/install/robo1_haje/share/robo1_haje/movement/Movement.h
-- Up-to-date: /home/eleanorlow/Robo1_HAJE/install/robo1_haje/share/robo1_haje/movement/Movement.py
-- Up-to-date: /home/eleanorlow/Robo1_HAJE/install/robo1_haje/share/robo1_haje/movement/Movement.cpp
-- Up-to-date: /home/eleanorlow/Robo1_HAJE/install/robo1_haje/share/robo1_haje/pathplanning
-- Installing: /home/eleanorlow/Robo1_HAJE/install/robo1_haje/share/robo1_haje/pathplanning/graph.py
-- Up-to-date: /home/eleanorlow/Robo1_HAJE/install/robo1_haje/share/robo1_haje/pathplanning/PathPlanning.cpp
-- Up-to-date: /home/eleanorlow/Robo1_HAJE/install/robo1_haje/share/robo1_haje/pathplanning/PathPlanning.h
-- Up-to-date: /home/eleanorlow/Robo1_HAJE/install/robo1_haje/share/robo1_haje/firerisk
-- Up-to-date: /home/eleanorlow/Robo1_HAJE/install/robo1_haje/share/robo1_haje/firerisk/FireRisk.h
-- Up-to-date: /home/eleanorlow/Robo1_HAJE/install/robo1_haje/share/robo1_haje/firerisk/FireRisk.cpp
-- Up-to-date: /home/eleanorlow/Robo1_HAJE/install/robo1_haje/share/robo1_haje/detection
-- Up-to-date: /home/eleanorlow/Robo1_HAJE/install/robo1_haje/share/robo1_haje/detection/Detection.h
-- Up-to-date: /home/eleanorlow/Robo1_HAJE/install/robo1_haje/share/robo1_haje/detection/Detection.cpp
-- Up-to-date: /home/eleanorlow/Robo1_HAJE/install/robo1_haje/share/ament_index/resource_index/package_run_dependencies/robo1_haje
-- Up-to-date: /home/eleanorlow/Robo1_HAJE/install/robo1_haje/share/ament_index/resource_index/parent_prefix_path/robo1_haje
-- Up-to-date: /home/eleanorlow/Robo1_HAJE/install/robo1_haje/share/robo1_haje/environment/ament_prefix_path.sh
-- Up-to-date: /home/eleanorlow/Robo1_HAJE/install/robo1_haje/share/robo1_haje/environment/ament_prefix_path.dsv
-- Up-to-date: /home/eleanorlow/Robo1_HAJE/install/robo1_haje/share/robo1_haje/environment/path.sh
-- Up-to-date: /home/eleanorlow/Robo1_HAJE/install/robo1_haje/share/robo1_haje/environment/path.dsv
-- Up-to-date: /home/eleanorlow/Robo1_HAJE/install/robo1_haje/share/robo1_haje/local_setup.bash
-- Up-to-date: /home/eleanorlow/Robo1_HAJE/install/robo1_haje/share/robo1_haje/local_setup.sh
-- Up-to-date: /home/eleanorlow/Robo1_HAJE/install/robo1_haje/share/robo1_haje/local_setup.zsh
-- Up-to-date: /home/eleanorlow/Robo1_HAJE/install/robo1_haje/share/robo1_haje/local_setup.dsv
-- Up-to-date: /home/eleanorlow/Robo1_HAJE/install/robo1_haje/share/robo1_haje/package.dsv
-- Up-to-date: /home/eleanorlow/Robo1_HAJE/install/robo1_haje/share/ament_index/resource_index/packages/robo1_haje
-- Up-to-date: /home/eleanorlow/Robo1_HAJE/install/robo1_haje/share/robo1_haje/cmake/robo1_hajeConfig.cmake
-- Up-to-date: /home/eleanorlow/Robo1_HAJE/install/robo1_haje/share/robo1_haje/cmake/robo1_hajeConfig-version.cmake
-- Up-to-date: /home/eleanorlow/Robo1_HAJE/install/robo1_haje/share/robo1_haje/package.xml
