[0.008s] Invoking command in '/home/eleanorlow/Robo1_HAJE/build/robo1_haje': CMAKE_PREFIX_PATH=${CMAKE_PREFIX_PATH}:/home/eleanorlow/spcrob/ros_ws2/install/path_planner:/opt/ros/humble /usr/bin/cmake /home/eleanorlow/Robo1_HAJE/src -DCMAKE_INSTALL_PREFIX=/home/eleanorlow/Robo1_HAJE/install/robo1_haje
[0.016s] -- Found ament_cmake: 1.3.12 (/opt/ros/humble/share/ament_cmake/cmake)
[0.101s] -- Found rclcpp: 16.0.14 (/opt/ros/humble/share/rclcpp/cmake)
[0.121s] -- Found rosidl_generator_c: 3.1.7 (/opt/ros/humble/share/rosidl_generator_c/cmake)
[0.122s] -- Found rosidl_adapter: 3.1.7 (/opt/ros/humble/share/rosidl_adapter/cmake)
[0.126s] -- Found rosidl_generator_cpp: 3.1.7 (/opt/ros/humble/share/rosidl_generator_cpp/cmake)
[0.134s] -- Using all available rosidl_typesupport_c: rosidl_typesupport_fastrtps_c;rosidl_typesupport_introspection_c
[0.142s] -- Using all available rosidl_typesupport_cpp: rosidl_typesupport_fastrtps_cpp;rosidl_typesupport_introspection_cpp
[0.163s] -- Found rmw_implementation_cmake: 6.1.2 (/opt/ros/humble/share/rmw_implementation_cmake/cmake)
[0.164s] -- Found rmw_fastrtps_cpp: 6.2.8 (/opt/ros/humble/share/rmw_fastrtps_cpp/cmake)
[0.232s] -- Using RMW implementation 'rmw_fastrtps_cpp' as default
[0.265s] -- Found nav2_msgs: 1.1.18 (/opt/ros/humble/share/nav2_msgs/cmake)
[0.312s] -- Found rclcpp_action: 16.0.14 (/opt/ros/humble/share/rclcpp_action/cmake)
[0.318s] -- Found rosidl_default_generators: 1.2.0 (/opt/ros/humble/share/rosidl_default_generators/cmake)
[0.322s] -- Found ros_ign_interfaces: 0.244.20 (/opt/ros/humble/share/ros_ign_interfaces/cmake)
[0.351s] [31mCMake Error at CMakeLists.txt:34 (install):
[0.351s]   install TARGETS given target "DIRECTORY" which does not exist.
[0.351s] 
[0.351s] [0m
[0.351s] -- Found ament_lint_auto: 0.12.14 (/opt/ros/humble/share/ament_lint_auto/cmake)
[0.397s] -- Added test 'copyright' to check source files copyright and LICENSE
[0.399s] -- Added test 'cppcheck' to perform static code analysis on C / C++ code
[0.399s] -- Configured cppcheck include dirs: 
[0.399s] -- Configured cppcheck exclude dirs and/or files: 
[0.402s] -- Added test 'cpplint' to check C / C++ code against the Google style
[0.402s] -- Configured cpplint exclude dirs and/or files: 
[0.402s] -- Added test 'flake8' to check Python code syntax and style conventions
[0.403s] -- Added test 'lint_cmake' to check CMake code style
[0.404s] -- Added test 'pep257' to check Python code against some of the docstring style conventions in PEP 257
[0.406s] -- Added test 'uncrustify' to check C / C++ code style
[0.406s] -- Configured uncrustify additional arguments: 
[0.407s] -- Added test 'xmllint' to check XML markup files
[0.407s] -- Configuring incomplete, errors occurred!
[0.407s] See also "/home/eleanorlow/Robo1_HAJE/build/robo1_haje/CMakeFiles/CMakeOutput.log".
[0.413s] Invoked command in '/home/eleanorlow/Robo1_HAJE/build/robo1_haje' returned '1': CMAKE_PREFIX_PATH=${CMAKE_PREFIX_PATH}:/home/eleanorlow/spcrob/ros_ws2/install/path_planner:/opt/ros/humble /usr/bin/cmake /home/eleanorlow/Robo1_HAJE/src -DCMAKE_INSTALL_PREFIX=/home/eleanorlow/Robo1_HAJE/install/robo1_haje
