[ 50%] Built target ament_cmake_python_symlink_robo1_haje
[ 50%] Built target ament_cmake_python_symlink_robo1_haje_setup
[100%] Built target tree_detector
running egg_info
writing robo1_haje.egg-info/PKG-INFO
writing dependency_links to robo1_haje.egg-info/dependency_links.txt
writing top-level names to robo1_haje.egg-info/top_level.txt
reading manifest file 'robo1_haje.egg-info/SOURCES.txt'
writing manifest file 'robo1_haje.egg-info/SOURCES.txt'
[100%] Built target ament_cmake_python_build_robo1_haje_egg
-- Install configuration: ""
-- Execute custom install script
-- Up-to-date symlink: /home/eleanorlow/robo1/src/Robo1_HAJE/install/robo1_haje/share/robo1_haje/environment/pythonpath.sh
-- Up-to-date symlink: /home/eleanorlow/robo1/src/Robo1_HAJE/install/robo1_haje/share/robo1_haje/environment/pythonpath.dsv
-- Up-to-date symlink: /home/eleanorlow/robo1/src/Robo1_HAJE/install/robo1_haje/local/lib/python3.10/dist-packages/robo1_haje-1.0.3-py3.10.egg-info/PKG-INFO
-- Up-to-date symlink: /home/eleanorlow/robo1/src/Robo1_HAJE/install/robo1_haje/local/lib/python3.10/dist-packages/robo1_haje-1.0.3-py3.10.egg-info/SOURCES.txt
-- Up-to-date symlink: /home/eleanorlow/robo1/src/Robo1_HAJE/install/robo1_haje/local/lib/python3.10/dist-packages/robo1_haje-1.0.3-py3.10.egg-info/dependency_links.txt
-- Up-to-date symlink: /home/eleanorlow/robo1/src/Robo1_HAJE/install/robo1_haje/local/lib/python3.10/dist-packages/robo1_haje-1.0.3-py3.10.egg-info/top_level.txt
-- Up-to-date symlink: /home/eleanorlow/robo1/src/Robo1_HAJE/install/robo1_haje/local/lib/python3.10/dist-packages/robo1_haje/__init__.py
-- Up-to-date symlink: /home/eleanorlow/robo1/src/Robo1_HAJE/install/robo1_haje/local/lib/python3.10/dist-packages/robo1_haje/fireRiskCreateMap.py
-- Up-to-date symlink: /home/eleanorlow/robo1/src/Robo1_HAJE/install/robo1_haje/local/lib/python3.10/dist-packages/robo1_haje/fireriskMap.py
-- Up-to-date symlink: /home/eleanorlow/robo1/src/Robo1_HAJE/install/robo1_haje/local/lib/python3.10/dist-packages/robo1_haje/movement_node.py
-- Up-to-date symlink: /home/eleanorlow/robo1/src/Robo1_HAJE/install/robo1_haje/lib/robo1_haje/movement_node.py
-- Up-to-date symlink: /home/eleanorlow/robo1/src/Robo1_HAJE/install/robo1_haje/lib/robo1_haje/fireRiskCreateMap.py
-- Up-to-date symlink: /home/eleanorlow/robo1/src/Robo1_HAJE/install/robo1_haje/lib/robo1_haje/tree_detector
-- Up-to-date symlink: /home/eleanorlow/robo1/src/Robo1_HAJE/install/robo1_haje/share/robo1_haje/config/drone.rviz
-- Up-to-date symlink: /home/eleanorlow/robo1/src/Robo1_HAJE/install/robo1_haje/share/robo1_haje/config/gazebo_bridge.yaml
-- Up-to-date symlink: /home/eleanorlow/robo1/src/Robo1_HAJE/install/robo1_haje/share/robo1_haje/config/movement_params.yaml
-- Up-to-date symlink: /home/eleanorlow/robo1/src/Robo1_HAJE/install/robo1_haje/share/robo1_haje/config/nav2_params.yaml
-- Up-to-date symlink: /home/eleanorlow/robo1/src/Robo1_HAJE/install/robo1_haje/share/robo1_haje/config/robot_localization.yaml
-- Up-to-date symlink: /home/eleanorlow/robo1/src/Robo1_HAJE/install/robo1_haje/share/robo1_haje/config/slam_params.yaml
-- Up-to-date symlink: /home/eleanorlow/robo1/src/Robo1_HAJE/install/robo1_haje/share/robo1_haje/launch/drone_ignition.launch.py
-- Up-to-date symlink: /home/eleanorlow/robo1/src/Robo1_HAJE/install/robo1_haje/share/robo1_haje/launch/drone_navigation.launch.py
-- Up-to-date symlink: /home/eleanorlow/robo1/src/Robo1_HAJE/install/robo1_haje/share/robo1_haje/launch/launch.py
-- Up-to-date symlink: /home/eleanorlow/robo1/src/Robo1_HAJE/install/robo1_haje/share/robo1_haje/launch/launch_2.py
-- Up-to-date symlink: /home/eleanorlow/robo1/src/Robo1_HAJE/install/robo1_haje/share/robo1_haje/launch/sim.launch.py
-- Up-to-date symlink: /home/eleanorlow/robo1/src/Robo1_HAJE/install/robo1_haje/share/robo1_haje/models/bush_3/meshes/Summer_B.jpg
-- Up-to-date symlink: /home/eleanorlow/robo1/src/Robo1_HAJE/install/robo1_haje/share/robo1_haje/models/bush_3/meshes/bush_3.mtl
-- Up-to-date symlink: /home/eleanorlow/robo1/src/Robo1_HAJE/install/robo1_haje/share/robo1_haje/models/bush_3/meshes/bush_3.obj
-- Up-to-date symlink: /home/eleanorlow/robo1/src/Robo1_HAJE/install/robo1_haje/share/robo1_haje/models/bush_3/model.config
-- Up-to-date symlink: /home/eleanorlow/robo1/src/Robo1_HAJE/install/robo1_haje/share/robo1_haje/models/bush_3/model.sdf
-- Up-to-date symlink: /home/eleanorlow/robo1/src/Robo1_HAJE/install/robo1_haje/share/robo1_haje/models/forest_plane/materials/textures/empty_grass.png
-- Up-to-date symlink: /home/eleanorlow/robo1/src/Robo1_HAJE/install/robo1_haje/share/robo1_haje/models/forest_plane/materials/textures/forest_overhead.png
-- Up-to-date symlink: /home/eleanorlow/robo1/src/Robo1_HAJE/install/robo1_haje/share/robo1_haje/models/forest_plane/materials/textures/leaf_litter.png
-- Up-to-date symlink: /home/eleanorlow/robo1/src/Robo1_HAJE/install/robo1_haje/share/robo1_haje/models/forest_plane/model.config
-- Up-to-date symlink: /home/eleanorlow/robo1/src/Robo1_HAJE/install/robo1_haje/share/robo1_haje/models/forest_plane/model.sdf
-- Up-to-date symlink: /home/eleanorlow/robo1/src/Robo1_HAJE/install/robo1_haje/share/robo1_haje/models/forest_wall/materials/textures/forest_wall.png
-- Up-to-date symlink: /home/eleanorlow/robo1/src/Robo1_HAJE/install/robo1_haje/share/robo1_haje/models/forest_wall/materials/textures/forest_wall_transparent.png
-- Up-to-date symlink: /home/eleanorlow/robo1/src/Robo1_HAJE/install/robo1_haje/share/robo1_haje/models/forest_wall/materials/textures/forest_wall_transparent_small.png
-- Up-to-date symlink: /home/eleanorlow/robo1/src/Robo1_HAJE/install/robo1_haje/share/robo1_haje/models/forest_wall/model.config
-- Up-to-date symlink: /home/eleanorlow/robo1/src/Robo1_HAJE/install/robo1_haje/share/robo1_haje/models/forest_wall/model.sdf
-- Up-to-date symlink: /home/eleanorlow/robo1/src/Robo1_HAJE/install/robo1_haje/share/robo1_haje/models/grass_plane/materials/textures/empty_grass.png
-- Up-to-date symlink: /home/eleanorlow/robo1/src/Robo1_HAJE/install/robo1_haje/share/robo1_haje/models/grass_plane/model.config
-- Up-to-date symlink: /home/eleanorlow/robo1/src/Robo1_HAJE/install/robo1_haje/share/robo1_haje/models/grass_plane/model.sdf
-- Up-to-date symlink: /home/eleanorlow/robo1/src/Robo1_HAJE/install/robo1_haje/share/robo1_haje/models/palm_tree/meshes/model/__Wood_Lumber_ButtJoined_.jpg
-- Up-to-date symlink: /home/eleanorlow/robo1/src/Robo1_HAJE/install/robo1_haje/share/robo1_haje/models/palm_tree/meshes/palm_tree.dae
-- Up-to-date symlink: /home/eleanorlow/robo1/src/Robo1_HAJE/install/robo1_haje/share/robo1_haje/models/palm_tree/model.config
-- Up-to-date symlink: /home/eleanorlow/robo1/src/Robo1_HAJE/install/robo1_haje/share/robo1_haje/models/palm_tree/model.sdf
-- Up-to-date symlink: /home/eleanorlow/robo1/src/Robo1_HAJE/install/robo1_haje/share/robo1_haje/models/tree_1/meshes/Sonnerat.jpg
-- Up-to-date symlink: /home/eleanorlow/robo1/src/Robo1_HAJE/install/robo1_haje/share/robo1_haje/models/tree_1/meshes/tree_1.mtl
-- Up-to-date symlink: /home/eleanorlow/robo1/src/Robo1_HAJE/install/robo1_haje/share/robo1_haje/models/tree_1/meshes/tree_1.obj
-- Up-to-date symlink: /home/eleanorlow/robo1/src/Robo1_HAJE/install/robo1_haje/share/robo1_haje/models/tree_1/model.config
-- Up-to-date symlink: /home/eleanorlow/robo1/src/Robo1_HAJE/install/robo1_haje/share/robo1_haje/models/tree_1/model.sdf
-- Up-to-date symlink: /home/eleanorlow/robo1/src/Robo1_HAJE/install/robo1_haje/share/robo1_haje/models/tree_2/meshes/Mossy_Tr.jpg
-- Up-to-date symlink: /home/eleanorlow/robo1/src/Robo1_HAJE/install/robo1_haje/share/robo1_haje/models/tree_2/meshes/Walnut_L.jpg
-- Up-to-date symlink: /home/eleanorlow/robo1/src/Robo1_HAJE/install/robo1_haje/share/robo1_haje/models/tree_2/meshes/tree_2.mtl
-- Up-to-date symlink: /home/eleanorlow/robo1/src/Robo1_HAJE/install/robo1_haje/share/robo1_haje/models/tree_2/meshes/tree_2.obj
-- Up-to-date symlink: /home/eleanorlow/robo1/src/Robo1_HAJE/install/robo1_haje/share/robo1_haje/models/tree_2/model.config
-- Up-to-date symlink: /home/eleanorlow/robo1/src/Robo1_HAJE/install/robo1_haje/share/robo1_haje/models/tree_2/model.sdf
-- Up-to-date symlink: /home/eleanorlow/robo1/src/Robo1_HAJE/install/robo1_haje/share/robo1_haje/urdf/common_properties.urdf.xacro
-- Up-to-date symlink: /home/eleanorlow/robo1/src/Robo1_HAJE/install/robo1_haje/share/robo1_haje/urdf/drone.gazebo.xacro
-- Up-to-date symlink: /home/eleanorlow/robo1/src/Robo1_HAJE/install/robo1_haje/share/robo1_haje/urdf/drone.urdf.xacro
-- Up-to-date symlink: /home/eleanorlow/robo1/src/Robo1_HAJE/install/robo1_haje/share/robo1_haje/urdf/meshes/hull.dae
-- Up-to-date symlink: /home/eleanorlow/robo1/src/Robo1_HAJE/install/robo1_haje/share/robo1_haje/urdf/meshes/propeller_fl.dae
-- Up-to-date symlink: /home/eleanorlow/robo1/src/Robo1_HAJE/install/robo1_haje/share/robo1_haje/urdf/meshes/propeller_fr.dae
-- Up-to-date symlink: /home/eleanorlow/robo1/src/Robo1_HAJE/install/robo1_haje/share/robo1_haje/urdf/meshes/propeller_rl.dae
-- Up-to-date symlink: /home/eleanorlow/robo1/src/Robo1_HAJE/install/robo1_haje/share/robo1_haje/urdf/meshes/propeller_rr.dae
-- Up-to-date symlink: /home/eleanorlow/robo1/src/Robo1_HAJE/install/robo1_haje/share/robo1_haje/urdf/model.config
-- Up-to-date symlink: /home/eleanorlow/robo1/src/Robo1_HAJE/install/robo1_haje/share/robo1_haje/urdf/model.sdf
-- Up-to-date symlink: /home/eleanorlow/robo1/src/Robo1_HAJE/install/robo1_haje/share/robo1_haje/worlds/large_demo.sdf
-- Up-to-date symlink: /home/eleanorlow/robo1/src/Robo1_HAJE/install/robo1_haje/share/robo1_haje/worlds/simple_trees.sdf
-- Up-to-date symlink: /home/eleanorlow/robo1/src/Robo1_HAJE/install/robo1_haje/share/robo1_haje/src/Detection.cpp
-- Up-to-date symlink: /home/eleanorlow/robo1/src/Robo1_HAJE/install/robo1_haje/share/robo1_haje/src/Detection.h
-- Up-to-date symlink: /home/eleanorlow/robo1/src/Robo1_HAJE/install/robo1_haje/share/robo1_haje/src/__pycache__/fireRiskgraph.cpython-310.pyc
-- Up-to-date symlink: /home/eleanorlow/robo1/src/Robo1_HAJE/install/robo1_haje/share/robo1_haje/src/__pycache__/fireriskMap.cpython-310.pyc
-- Up-to-date symlink: /home/eleanorlow/robo1/src/Robo1_HAJE/install/robo1_haje/share/ament_index/resource_index/package_run_dependencies/robo1_haje
-- Up-to-date symlink: /home/eleanorlow/robo1/src/Robo1_HAJE/install/robo1_haje/share/ament_index/resource_index/parent_prefix_path/robo1_haje
-- Up-to-date symlink: /home/eleanorlow/robo1/src/Robo1_HAJE/install/robo1_haje/share/robo1_haje/environment/ament_prefix_path.sh
-- Up-to-date symlink: /home/eleanorlow/robo1/src/Robo1_HAJE/install/robo1_haje/share/robo1_haje/environment/ament_prefix_path.dsv
-- Up-to-date symlink: /home/eleanorlow/robo1/src/Robo1_HAJE/install/robo1_haje/share/robo1_haje/environment/path.sh
-- Up-to-date symlink: /home/eleanorlow/robo1/src/Robo1_HAJE/install/robo1_haje/share/robo1_haje/environment/path.dsv
-- Up-to-date symlink: /home/eleanorlow/robo1/src/Robo1_HAJE/install/robo1_haje/share/robo1_haje/local_setup.bash
-- Up-to-date symlink: /home/eleanorlow/robo1/src/Robo1_HAJE/install/robo1_haje/share/robo1_haje/local_setup.sh
-- Up-to-date symlink: /home/eleanorlow/robo1/src/Robo1_HAJE/install/robo1_haje/share/robo1_haje/local_setup.zsh
-- Up-to-date symlink: /home/eleanorlow/robo1/src/Robo1_HAJE/install/robo1_haje/share/robo1_haje/local_setup.dsv
-- Symlinking: /home/eleanorlow/robo1/src/Robo1_HAJE/install/robo1_haje/share/robo1_haje/package.dsv
-- Up-to-date symlink: /home/eleanorlow/robo1/src/Robo1_HAJE/install/robo1_haje/share/ament_index/resource_index/packages/robo1_haje
-- Up-to-date symlink: /home/eleanorlow/robo1/src/Robo1_HAJE/install/robo1_haje/share/robo1_haje/cmake/robo1_hajeConfig.cmake
-- Up-to-date symlink: /home/eleanorlow/robo1/src/Robo1_HAJE/install/robo1_haje/share/robo1_haje/cmake/robo1_hajeConfig-version.cmake
-- Up-to-date symlink: /home/eleanorlow/robo1/src/Robo1_HAJE/install/robo1_haje/share/robo1_haje/package.xml
Listing '/home/eleanorlow/robo1/src/Robo1_HAJE/install/robo1_haje/local/lib/python3.10/dist-packages/robo1_haje'...
Compiling '/home/eleanorlow/robo1/src/Robo1_HAJE/install/robo1_haje/local/lib/python3.10/dist-packages/robo1_haje/fireriskMap.py'...
