-- The C compiler identification is GNU 11.4.0
-- The CXX compiler identification is GNU 11.4.0
-- Detecting C compiler ABI info
-- Detecting C compiler ABI info - done
-- Check for working C compiler: /usr/bin/cc - skipped
-- Detecting C compile features
-- Detecting C compile features - done
-- Detecting CXX compiler ABI info
-- Detecting CXX compiler ABI info - done
-- Check for working CXX compiler: /usr/bin/c++ - skipped
-- Detecting CXX compile features
-- Detecting CXX compile features - done
-- Found ament_cmake: 1.3.12 (/opt/ros/humble/share/ament_cmake/cmake)
-- Found Python3: /usr/bin/python3 (found version "3.10.12") found components: Interpreter 
-- Override CMake install command with custom implementation using symlinks instead of copying resources
-- Found rclcpp: 16.0.15 (/opt/ros/humble/share/rclcpp/cmake)
-- Found rosidl_generator_c: 3.1.7 (/opt/ros/humble/share/rosidl_generator_c/cmake)
-- Found rosidl_adapter: 3.1.7 (/opt/ros/humble/share/rosidl_adapter/cmake)
-- Found rosidl_generator_cpp: 3.1.7 (/opt/ros/humble/share/rosidl_generator_cpp/cmake)
-- Using all available rosidl_typesupport_c: rosidl_typesupport_fastrtps_c;rosidl_typesupport_introspection_c
-- Using all available rosidl_typesupport_cpp: rosidl_typesupport_fastrtps_cpp;rosidl_typesupport_introspection_cpp
-- Found rmw_implementation_cmake: 6.1.2 (/opt/ros/humble/share/rmw_implementation_cmake/cmake)
-- Found rmw_fastrtps_cpp: 6.2.9 (/opt/ros/humble/share/rmw_fastrtps_cpp/cmake)
-- Found OpenSSL: /usr/lib/x86_64-linux-gnu/libcrypto.so (found version "3.0.2")  
-- Found FastRTPS: /opt/ros/humble/include  
-- Using RMW implementation 'rmw_fastrtps_cpp' as default
-- Looking for pthread.h
-- Looking for pthread.h - found
-- Performing Test CMAKE_HAVE_LIBC_PTHREAD
-- Performing Test CMAKE_HAVE_LIBC_PTHREAD - Success
-- Found Threads: TRUE  
-- Found nav2_msgs: 1.1.19 (/opt/ros/humble/share/nav2_msgs/cmake)
-- Found rclcpp_action: 16.0.15 (/opt/ros/humble/share/rclcpp_action/cmake)
-- Found rosidl_default_generators: 1.2.0 (/opt/ros/humble/share/rosidl_default_generators/cmake)
-- Found ros_ign_interfaces: 0.244.20 (/opt/ros/humble/share/ros_ign_interfaces/cmake)
-- Found sensor_msgs: 4.9.0 (/opt/ros/humble/share/sensor_msgs/cmake)
-- Found tf2: 0.25.16 (/opt/ros/humble/share/tf2/cmake)
-- Found tf2_geometry_msgs: 0.25.16 (/opt/ros/humble/share/tf2_geometry_msgs/cmake)
-- Found eigen3_cmake_module: 0.1.1 (/opt/ros/humble/share/eigen3_cmake_module/cmake)
-- Found Eigen3: TRUE (found version "3.4.0") 
-- Ensuring Eigen3 include directory is part of orocos-kdl CMake target
-- Found visualization_msgs: 4.9.0 (/opt/ros/humble/share/visualization_msgs/cmake)
-- Found cv_bridge: 3.2.1 (/opt/ros/humble/share/cv_bridge/cmake)
-- Found image_transport: 3.1.12 (/opt/ros/humble/share/image_transport/cmake)
-- Found OpenCV: /usr (found version "4.5.4") 
-- Found TinyXML2 via Config file: TinyXML2_DIR-NOTFOUND
-- Found ament_lint_auto: 0.12.14 (/opt/ros/humble/share/ament_lint_auto/cmake)
-- Added test 'copyright' to check source files copyright and LICENSE
-- Added test 'cppcheck' to perform static code analysis on C / C++ code
-- Configured cppcheck include dirs: /home/eleanorlow/robo1/src/Robo1_HAJE/src
-- Configured cppcheck exclude dirs and/or files: 
-- Added test 'cpplint' to check C / C++ code against the Google style
-- Configured cpplint exclude dirs and/or files: 
-- Added test 'flake8' to check Python code syntax and style conventions
-- Added test 'lint_cmake' to check CMake code style
-- Added test 'pep257' to check Python code against some of the docstring style conventions in PEP 257
-- Added test 'uncrustify' to check C / C++ code style
-- Configured uncrustify additional arguments: 
-- Added test 'xmllint' to check XML markup files
-- Configuring done
-- Generating done
-- Build files have been written to: /home/eleanorlow/robo1/src/Robo1_HAJE/build/robo1_haje
[ 50%] [32mBuilding CXX object CMakeFiles/tree_detector.dir/src/Detection.cpp.o[0m
[ 50%] Built target ament_cmake_python_symlink_robo1_haje
[ 50%] Built target ament_cmake_python_symlink_robo1_haje_setup
running egg_info
creating robo1_haje.egg-info
writing robo1_haje.egg-info/PKG-INFO
writing dependency_links to robo1_haje.egg-info/dependency_links.txt
writing top-level names to robo1_haje.egg-info/top_level.txt
writing manifest file 'robo1_haje.egg-info/SOURCES.txt'
reading manifest file 'robo1_haje.egg-info/SOURCES.txt'
writing manifest file 'robo1_haje.egg-info/SOURCES.txt'
[ 50%] Built target ament_cmake_python_build_robo1_haje_egg
[100%] [32m[1mLinking CXX executable tree_detector[0m
[100%] Built target tree_detector
-- Install configuration: ""
-- Execute custom install script
-- Symlinking: /home/eleanorlow/robo1/src/Robo1_HAJE/install/robo1_haje/share/robo1_haje/environment/pythonpath.sh
-- Symlinking: /home/eleanorlow/robo1/src/Robo1_HAJE/install/robo1_haje/share/robo1_haje/environment/pythonpath.dsv
-- Symlinking: /home/eleanorlow/robo1/src/Robo1_HAJE/install/robo1_haje/local/lib/python3.10/dist-packages/robo1_haje-1.0.3-py3.10.egg-info/PKG-INFO
-- Symlinking: /home/eleanorlow/robo1/src/Robo1_HAJE/install/robo1_haje/local/lib/python3.10/dist-packages/robo1_haje-1.0.3-py3.10.egg-info/SOURCES.txt
-- Symlinking: /home/eleanorlow/robo1/src/Robo1_HAJE/install/robo1_haje/local/lib/python3.10/dist-packages/robo1_haje-1.0.3-py3.10.egg-info/dependency_links.txt
-- Symlinking: /home/eleanorlow/robo1/src/Robo1_HAJE/install/robo1_haje/local/lib/python3.10/dist-packages/robo1_haje-1.0.3-py3.10.egg-info/top_level.txt
-- Symlinking: /home/eleanorlow/robo1/src/Robo1_HAJE/install/robo1_haje/local/lib/python3.10/dist-packages/robo1_haje/__init__.py
-- Symlinking: /home/eleanorlow/robo1/src/Robo1_HAJE/install/robo1_haje/local/lib/python3.10/dist-packages/robo1_haje/fireRiskCreateMap.py
-- Symlinking: /home/eleanorlow/robo1/src/Robo1_HAJE/install/robo1_haje/local/lib/python3.10/dist-packages/robo1_haje/fireriskMap.py
-- Symlinking: /home/eleanorlow/robo1/src/Robo1_HAJE/install/robo1_haje/local/lib/python3.10/dist-packages/robo1_haje/movement_node.py
-- Symlinking: /home/eleanorlow/robo1/src/Robo1_HAJE/install/robo1_haje/lib/robo1_haje/movement_node.py
-- Symlinking: /home/eleanorlow/robo1/src/Robo1_HAJE/install/robo1_haje/lib/robo1_haje/fireRiskCreateMap.py
-- Symlinking: /home/eleanorlow/robo1/src/Robo1_HAJE/install/robo1_haje/lib/robo1_haje/tree_detector
-- Symlinking: /home/eleanorlow/robo1/src/Robo1_HAJE/install/robo1_haje/share/robo1_haje/config/drone.rviz
-- Symlinking: /home/eleanorlow/robo1/src/Robo1_HAJE/install/robo1_haje/share/robo1_haje/config/gazebo_bridge.yaml
-- Symlinking: /home/eleanorlow/robo1/src/Robo1_HAJE/install/robo1_haje/share/robo1_haje/config/movement_params.yaml
-- Symlinking: /home/eleanorlow/robo1/src/Robo1_HAJE/install/robo1_haje/share/robo1_haje/config/nav2_params.yaml
-- Symlinking: /home/eleanorlow/robo1/src/Robo1_HAJE/install/robo1_haje/share/robo1_haje/config/robot_localization.yaml
-- Symlinking: /home/eleanorlow/robo1/src/Robo1_HAJE/install/robo1_haje/share/robo1_haje/config/slam_params.yaml
-- Symlinking: /home/eleanorlow/robo1/src/Robo1_HAJE/install/robo1_haje/share/robo1_haje/launch/drone_ignition.launch.py
-- Symlinking: /home/eleanorlow/robo1/src/Robo1_HAJE/install/robo1_haje/share/robo1_haje/launch/drone_navigation.launch.py
-- Symlinking: /home/eleanorlow/robo1/src/Robo1_HAJE/install/robo1_haje/share/robo1_haje/launch/launch.py
-- Symlinking: /home/eleanorlow/robo1/src/Robo1_HAJE/install/robo1_haje/share/robo1_haje/launch/launch_2.py
-- Symlinking: /home/eleanorlow/robo1/src/Robo1_HAJE/install/robo1_haje/share/robo1_haje/launch/sim.launch.py
-- Symlinking: /home/eleanorlow/robo1/src/Robo1_HAJE/install/robo1_haje/share/robo1_haje/models/bush_3/meshes/Summer_B.jpg
-- Symlinking: /home/eleanorlow/robo1/src/Robo1_HAJE/install/robo1_haje/share/robo1_haje/models/bush_3/meshes/bush_3.mtl
-- Symlinking: /home/eleanorlow/robo1/src/Robo1_HAJE/install/robo1_haje/share/robo1_haje/models/bush_3/meshes/bush_3.obj
-- Symlinking: /home/eleanorlow/robo1/src/Robo1_HAJE/install/robo1_haje/share/robo1_haje/models/bush_3/model.config
-- Symlinking: /home/eleanorlow/robo1/src/Robo1_HAJE/install/robo1_haje/share/robo1_haje/models/bush_3/model.sdf
-- Symlinking: /home/eleanorlow/robo1/src/Robo1_HAJE/install/robo1_haje/share/robo1_haje/models/forest_plane/materials/textures/empty_grass.png
-- Symlinking: /home/eleanorlow/robo1/src/Robo1_HAJE/install/robo1_haje/share/robo1_haje/models/forest_plane/materials/textures/forest_overhead.png
-- Symlinking: /home/eleanorlow/robo1/src/Robo1_HAJE/install/robo1_haje/share/robo1_haje/models/forest_plane/materials/textures/leaf_litter.png
-- Symlinking: /home/eleanorlow/robo1/src/Robo1_HAJE/install/robo1_haje/share/robo1_haje/models/forest_plane/model.config
-- Symlinking: /home/eleanorlow/robo1/src/Robo1_HAJE/install/robo1_haje/share/robo1_haje/models/forest_plane/model.sdf
-- Symlinking: /home/eleanorlow/robo1/src/Robo1_HAJE/install/robo1_haje/share/robo1_haje/models/forest_wall/materials/textures/forest_wall.png
-- Symlinking: /home/eleanorlow/robo1/src/Robo1_HAJE/install/robo1_haje/share/robo1_haje/models/forest_wall/materials/textures/forest_wall_transparent.png
-- Symlinking: /home/eleanorlow/robo1/src/Robo1_HAJE/install/robo1_haje/share/robo1_haje/models/forest_wall/materials/textures/forest_wall_transparent_small.png
-- Symlinking: /home/eleanorlow/robo1/src/Robo1_HAJE/install/robo1_haje/share/robo1_haje/models/forest_wall/model.config
-- Symlinking: /home/eleanorlow/robo1/src/Robo1_HAJE/install/robo1_haje/share/robo1_haje/models/forest_wall/model.sdf
-- Symlinking: /home/eleanorlow/robo1/src/Robo1_HAJE/install/robo1_haje/share/robo1_haje/models/grass_plane/materials/textures/empty_grass.png
-- Symlinking: /home/eleanorlow/robo1/src/Robo1_HAJE/install/robo1_haje/share/robo1_haje/models/grass_plane/model.config
-- Symlinking: /home/eleanorlow/robo1/src/Robo1_HAJE/install/robo1_haje/share/robo1_haje/models/grass_plane/model.sdf
-- Symlinking: /home/eleanorlow/robo1/src/Robo1_HAJE/install/robo1_haje/share/robo1_haje/models/palm_tree/meshes/model/__Wood_Lumber_ButtJoined_.jpg
-- Symlinking: /home/eleanorlow/robo1/src/Robo1_HAJE/install/robo1_haje/share/robo1_haje/models/palm_tree/meshes/palm_tree.dae
-- Symlinking: /home/eleanorlow/robo1/src/Robo1_HAJE/install/robo1_haje/share/robo1_haje/models/palm_tree/model.config
-- Symlinking: /home/eleanorlow/robo1/src/Robo1_HAJE/install/robo1_haje/share/robo1_haje/models/palm_tree/model.sdf
-- Symlinking: /home/eleanorlow/robo1/src/Robo1_HAJE/install/robo1_haje/share/robo1_haje/models/tree_1/meshes/Sonnerat.jpg
-- Symlinking: /home/eleanorlow/robo1/src/Robo1_HAJE/install/robo1_haje/share/robo1_haje/models/tree_1/meshes/tree_1.mtl
-- Symlinking: /home/eleanorlow/robo1/src/Robo1_HAJE/install/robo1_haje/share/robo1_haje/models/tree_1/meshes/tree_1.obj
-- Symlinking: /home/eleanorlow/robo1/src/Robo1_HAJE/install/robo1_haje/share/robo1_haje/models/tree_1/model.config
-- Symlinking: /home/eleanorlow/robo1/src/Robo1_HAJE/install/robo1_haje/share/robo1_haje/models/tree_1/model.sdf
-- Symlinking: /home/eleanorlow/robo1/src/Robo1_HAJE/install/robo1_haje/share/robo1_haje/models/tree_2/meshes/Mossy_Tr.jpg
-- Symlinking: /home/eleanorlow/robo1/src/Robo1_HAJE/install/robo1_haje/share/robo1_haje/models/tree_2/meshes/Walnut_L.jpg
-- Symlinking: /home/eleanorlow/robo1/src/Robo1_HAJE/install/robo1_haje/share/robo1_haje/models/tree_2/meshes/tree_2.mtl
-- Symlinking: /home/eleanorlow/robo1/src/Robo1_HAJE/install/robo1_haje/share/robo1_haje/models/tree_2/meshes/tree_2.obj
-- Symlinking: /home/eleanorlow/robo1/src/Robo1_HAJE/install/robo1_haje/share/robo1_haje/models/tree_2/model.config
-- Symlinking: /home/eleanorlow/robo1/src/Robo1_HAJE/install/robo1_haje/share/robo1_haje/models/tree_2/model.sdf
-- Symlinking: /home/eleanorlow/robo1/src/Robo1_HAJE/install/robo1_haje/share/robo1_haje/urdf/common_properties.urdf.xacro
-- Symlinking: /home/eleanorlow/robo1/src/Robo1_HAJE/install/robo1_haje/share/robo1_haje/urdf/drone.gazebo.xacro
-- Symlinking: /home/eleanorlow/robo1/src/Robo1_HAJE/install/robo1_haje/share/robo1_haje/urdf/drone.urdf.xacro
-- Symlinking: /home/eleanorlow/robo1/src/Robo1_HAJE/install/robo1_haje/share/robo1_haje/urdf/meshes/hull.dae
-- Symlinking: /home/eleanorlow/robo1/src/Robo1_HAJE/install/robo1_haje/share/robo1_haje/urdf/meshes/propeller_fl.dae
-- Symlinking: /home/eleanorlow/robo1/src/Robo1_HAJE/install/robo1_haje/share/robo1_haje/urdf/meshes/propeller_fr.dae
-- Symlinking: /home/eleanorlow/robo1/src/Robo1_HAJE/install/robo1_haje/share/robo1_haje/urdf/meshes/propeller_rl.dae
-- Symlinking: /home/eleanorlow/robo1/src/Robo1_HAJE/install/robo1_haje/share/robo1_haje/urdf/meshes/propeller_rr.dae
-- Symlinking: /home/eleanorlow/robo1/src/Robo1_HAJE/install/robo1_haje/share/robo1_haje/urdf/model.config
-- Symlinking: /home/eleanorlow/robo1/src/Robo1_HAJE/install/robo1_haje/share/robo1_haje/urdf/model.sdf
-- Symlinking: /home/eleanorlow/robo1/src/Robo1_HAJE/install/robo1_haje/share/robo1_haje/worlds/large_demo.sdf
-- Symlinking: /home/eleanorlow/robo1/src/Robo1_HAJE/install/robo1_haje/share/robo1_haje/worlds/simple_trees.sdf
-- Symlinking: /home/eleanorlow/robo1/src/Robo1_HAJE/install/robo1_haje/share/robo1_haje/src/Detection.cpp
-- Symlinking: /home/eleanorlow/robo1/src/Robo1_HAJE/install/robo1_haje/share/robo1_haje/src/Detection.h
-- Symlinking: /home/eleanorlow/robo1/src/Robo1_HAJE/install/robo1_haje/share/robo1_haje/src/__pycache__/fireRiskgraph.cpython-310.pyc
-- Symlinking: /home/eleanorlow/robo1/src/Robo1_HAJE/install/robo1_haje/share/robo1_haje/src/__pycache__/fireriskMap.cpython-310.pyc
-- Symlinking: /home/eleanorlow/robo1/src/Robo1_HAJE/install/robo1_haje/share/ament_index/resource_index/package_run_dependencies/robo1_haje
-- Symlinking: /home/eleanorlow/robo1/src/Robo1_HAJE/install/robo1_haje/share/ament_index/resource_index/parent_prefix_path/robo1_haje
-- Symlinking: /home/eleanorlow/robo1/src/Robo1_HAJE/install/robo1_haje/share/robo1_haje/environment/ament_prefix_path.sh
-- Symlinking: /home/eleanorlow/robo1/src/Robo1_HAJE/install/robo1_haje/share/robo1_haje/environment/ament_prefix_path.dsv
-- Symlinking: /home/eleanorlow/robo1/src/Robo1_HAJE/install/robo1_haje/share/robo1_haje/environment/path.sh
-- Symlinking: /home/eleanorlow/robo1/src/Robo1_HAJE/install/robo1_haje/share/robo1_haje/environment/path.dsv
-- Symlinking: /home/eleanorlow/robo1/src/Robo1_HAJE/install/robo1_haje/share/robo1_haje/local_setup.bash
-- Symlinking: /home/eleanorlow/robo1/src/Robo1_HAJE/install/robo1_haje/share/robo1_haje/local_setup.sh
-- Symlinking: /home/eleanorlow/robo1/src/Robo1_HAJE/install/robo1_haje/share/robo1_haje/local_setup.zsh
-- Symlinking: /home/eleanorlow/robo1/src/Robo1_HAJE/install/robo1_haje/share/robo1_haje/local_setup.dsv
-- Symlinking: /home/eleanorlow/robo1/src/Robo1_HAJE/install/robo1_haje/share/robo1_haje/package.dsv
-- Symlinking: /home/eleanorlow/robo1/src/Robo1_HAJE/install/robo1_haje/share/ament_index/resource_index/packages/robo1_haje
-- Symlinking: /home/eleanorlow/robo1/src/Robo1_HAJE/install/robo1_haje/share/robo1_haje/cmake/robo1_hajeConfig.cmake
-- Symlinking: /home/eleanorlow/robo1/src/Robo1_HAJE/install/robo1_haje/share/robo1_haje/cmake/robo1_hajeConfig-version.cmake
-- Symlinking: /home/eleanorlow/robo1/src/Robo1_HAJE/install/robo1_haje/share/robo1_haje/package.xml
Listing '/home/eleanorlow/robo1/src/Robo1_HAJE/install/robo1_haje/local/lib/python3.10/dist-packages/robo1_haje'...
Compiling '/home/eleanorlow/robo1/src/Robo1_HAJE/install/robo1_haje/local/lib/python3.10/dist-packages/robo1_haje/__init__.py'...
Compiling '/home/eleanorlow/robo1/src/Robo1_HAJE/install/robo1_haje/local/lib/python3.10/dist-packages/robo1_haje/fireRiskCreateMap.py'...
Compiling '/home/eleanorlow/robo1/src/Robo1_HAJE/install/robo1_haje/local/lib/python3.10/dist-packages/robo1_haje/fireriskMap.py'...
Compiling '/home/eleanorlow/robo1/src/Robo1_HAJE/install/robo1_haje/local/lib/python3.10/dist-packages/robo1_haje/movement_node.py'...
