[0.007s] Invoking command in '/home/eleanorlow/robo1/src/Robo1_HAJE/build/robo1_haje': CMAKE_PREFIX_PATH=/home/eleanorlow/robo1/install/robo1_haje:/opt/ros/humble /usr/bin/cmake /home/eleanorlow/robo1/src/Robo1_HAJE -DAMENT_CMAKE_SYMLINK_INSTALL=1 -DCMAKE_INSTALL_PREFIX=/home/eleanorlow/robo1/src/Robo1_HAJE/install/robo1_haje
[0.067s] -- The C compiler identification is GNU 11.4.0
[0.122s] -- The CXX compiler identification is GNU 11.4.0
[0.129s] -- Detecting C compiler ABI info
[0.179s] -- Detecting C compiler ABI info - done
[0.184s] -- Check for working C compiler: /usr/bin/cc - skipped
[0.185s] -- Detecting C compile features
[0.185s] -- Detecting C compile features - done
[0.187s] -- Detecting CXX compiler ABI info
[0.250s] -- Detecting CXX compiler ABI info - done
[0.256s] -- Check for working CXX compiler: /usr/bin/c++ - skipped
[0.256s] -- Detecting CXX compile features
[0.256s] -- Detecting CXX compile features - done
[0.260s] -- Found ament_cmake: 1.3.12 (/opt/ros/humble/share/ament_cmake/cmake)
[0.373s] -- Found Python3: /usr/bin/python3 (found version "3.10.12") found components: Interpreter 
[0.433s] -- Override CMake install command with custom implementation using symlinks instead of copying resources
[0.460s] -- Found rclcpp: 16.0.15 (/opt/ros/humble/share/rclcpp/cmake)
[0.502s] -- Found rosidl_generator_c: 3.1.7 (/opt/ros/humble/share/rosidl_generator_c/cmake)
[0.506s] -- Found rosidl_adapter: 3.1.7 (/opt/ros/humble/share/rosidl_adapter/cmake)
[0.514s] -- Found rosidl_generator_cpp: 3.1.7 (/opt/ros/humble/share/rosidl_generator_cpp/cmake)
[0.526s] -- Using all available rosidl_typesupport_c: rosidl_typesupport_fastrtps_c;rosidl_typesupport_introspection_c
[0.541s] -- Using all available rosidl_typesupport_cpp: rosidl_typesupport_fastrtps_cpp;rosidl_typesupport_introspection_cpp
[0.585s] -- Found rmw_implementation_cmake: 6.1.2 (/opt/ros/humble/share/rmw_implementation_cmake/cmake)
[0.588s] -- Found rmw_fastrtps_cpp: 6.2.9 (/opt/ros/humble/share/rmw_fastrtps_cpp/cmake)
[0.663s] -- Found OpenSSL: /usr/lib/x86_64-linux-gnu/libcrypto.so (found version "3.0.2")  
[0.688s] -- Found FastRTPS: /opt/ros/humble/include  
[0.716s] -- Using RMW implementation 'rmw_fastrtps_cpp' as default
[0.724s] -- Looking for pthread.h
[0.778s] -- Looking for pthread.h - found
[0.778s] -- Performing Test CMAKE_HAVE_LIBC_PTHREAD
[0.838s] -- Performing Test CMAKE_HAVE_LIBC_PTHREAD - Success
[0.839s] -- Found Threads: TRUE  
[0.884s] -- Found nav2_msgs: 1.1.19 (/opt/ros/humble/share/nav2_msgs/cmake)
[0.953s] -- Found rclcpp_action: 16.0.15 (/opt/ros/humble/share/rclcpp_action/cmake)
[0.962s] -- Found rosidl_default_generators: 1.2.0 (/opt/ros/humble/share/rosidl_default_generators/cmake)
[0.971s] -- Found ros_ign_interfaces: 0.244.20 (/opt/ros/humble/share/ros_ign_interfaces/cmake)
[1.004s] -- Found sensor_msgs: 4.9.0 (/opt/ros/humble/share/sensor_msgs/cmake)
[1.020s] -- Found tf2: 0.25.16 (/opt/ros/humble/share/tf2/cmake)
[1.028s] -- Found tf2_geometry_msgs: 0.25.16 (/opt/ros/humble/share/tf2_geometry_msgs/cmake)
[1.040s] -- Found eigen3_cmake_module: 0.1.1 (/opt/ros/humble/share/eigen3_cmake_module/cmake)
[1.041s] -- Found Eigen3: TRUE (found version "3.4.0") 
[1.041s] -- Ensuring Eigen3 include directory is part of orocos-kdl CMake target
[1.089s] -- Found visualization_msgs: 4.9.0 (/opt/ros/humble/share/visualization_msgs/cmake)
[1.105s] -- Found cv_bridge: 3.2.1 (/opt/ros/humble/share/cv_bridge/cmake)
[1.114s] -- Found image_transport: 3.1.12 (/opt/ros/humble/share/image_transport/cmake)
[1.132s] -- Found OpenCV: /usr (found version "4.5.4") 
[1.132s] -- Found TinyXML2 via Config file: TinyXML2_DIR-NOTFOUND
[1.195s] -- Found ament_lint_auto: 0.12.14 (/opt/ros/humble/share/ament_lint_auto/cmake)
[1.258s] -- Added test 'copyright' to check source files copyright and LICENSE
[1.303s] -- Added test 'cppcheck' to perform static code analysis on C / C++ code
[1.303s] -- Configured cppcheck include dirs: /home/eleanorlow/robo1/src/Robo1_HAJE/src
[1.303s] -- Configured cppcheck exclude dirs and/or files: 
[1.328s] -- Added test 'cpplint' to check C / C++ code against the Google style
[1.328s] -- Configured cpplint exclude dirs and/or files: 
[1.332s] -- Added test 'flake8' to check Python code syntax and style conventions
[1.339s] -- Added test 'lint_cmake' to check CMake code style
[1.342s] -- Added test 'pep257' to check Python code against some of the docstring style conventions in PEP 257
[1.367s] -- Added test 'uncrustify' to check C / C++ code style
[1.367s] -- Configured uncrustify additional arguments: 
[1.370s] -- Added test 'xmllint' to check XML markup files
[1.372s] -- Configuring done
[1.383s] -- Generating done
[1.387s] -- Build files have been written to: /home/eleanorlow/robo1/src/Robo1_HAJE/build/robo1_haje
[1.395s] Invoked command in '/home/eleanorlow/robo1/src/Robo1_HAJE/build/robo1_haje' returned '0': CMAKE_PREFIX_PATH=/home/eleanorlow/robo1/install/robo1_haje:/opt/ros/humble /usr/bin/cmake /home/eleanorlow/robo1/src/Robo1_HAJE -DAMENT_CMAKE_SYMLINK_INSTALL=1 -DCMAKE_INSTALL_PREFIX=/home/eleanorlow/robo1/src/Robo1_HAJE/install/robo1_haje
[1.396s] Invoking command in '/home/eleanorlow/robo1/src/Robo1_HAJE/build/robo1_haje': CMAKE_PREFIX_PATH=/home/eleanorlow/robo1/install/robo1_haje:/opt/ros/humble /usr/bin/cmake --build /home/eleanorlow/robo1/src/Robo1_HAJE/build/robo1_haje -- -j8 -l8
[1.430s] [ 50%] [32mBuilding CXX object CMakeFiles/tree_detector.dir/src/Detection.cpp.o[0m
[1.436s] [ 50%] Built target ament_cmake_python_symlink_robo1_haje
[1.436s] [ 50%] Built target ament_cmake_python_symlink_robo1_haje_setup
[1.617s] running egg_info
[1.617s] creating robo1_haje.egg-info
[1.617s] writing robo1_haje.egg-info/PKG-INFO
[1.618s] writing dependency_links to robo1_haje.egg-info/dependency_links.txt
[1.618s] writing top-level names to robo1_haje.egg-info/top_level.txt
[1.618s] writing manifest file 'robo1_haje.egg-info/SOURCES.txt'
[1.619s] reading manifest file 'robo1_haje.egg-info/SOURCES.txt'
[1.620s] writing manifest file 'robo1_haje.egg-info/SOURCES.txt'
[1.640s] [ 50%] Built target ament_cmake_python_build_robo1_haje_egg
[10.478s] [100%] [32m[1mLinking CXX executable tree_detector[0m
[11.229s] [100%] Built target tree_detector
[11.239s] Invoked command in '/home/eleanorlow/robo1/src/Robo1_HAJE/build/robo1_haje' returned '0': CMAKE_PREFIX_PATH=/home/eleanorlow/robo1/install/robo1_haje:/opt/ros/humble /usr/bin/cmake --build /home/eleanorlow/robo1/src/Robo1_HAJE/build/robo1_haje -- -j8 -l8
[11.245s] Invoking command in '/home/eleanorlow/robo1/src/Robo1_HAJE/build/robo1_haje': CMAKE_PREFIX_PATH=/home/eleanorlow/robo1/install/robo1_haje:/opt/ros/humble /usr/bin/cmake --install /home/eleanorlow/robo1/src/Robo1_HAJE/build/robo1_haje
[11.251s] -- Install configuration: ""
[11.251s] -- Execute custom install script
[11.251s] -- Symlinking: /home/eleanorlow/robo1/src/Robo1_HAJE/install/robo1_haje/share/robo1_haje/environment/pythonpath.sh
[11.258s] -- Symlinking: /home/eleanorlow/robo1/src/Robo1_HAJE/install/robo1_haje/share/robo1_haje/environment/pythonpath.dsv
[11.264s] -- Symlinking: /home/eleanorlow/robo1/src/Robo1_HAJE/install/robo1_haje/local/lib/python3.10/dist-packages/robo1_haje-1.0.3-py3.10.egg-info/PKG-INFO
[11.271s] -- Symlinking: /home/eleanorlow/robo1/src/Robo1_HAJE/install/robo1_haje/local/lib/python3.10/dist-packages/robo1_haje-1.0.3-py3.10.egg-info/SOURCES.txt
[11.277s] -- Symlinking: /home/eleanorlow/robo1/src/Robo1_HAJE/install/robo1_haje/local/lib/python3.10/dist-packages/robo1_haje-1.0.3-py3.10.egg-info/dependency_links.txt
[11.284s] -- Symlinking: /home/eleanorlow/robo1/src/Robo1_HAJE/install/robo1_haje/local/lib/python3.10/dist-packages/robo1_haje-1.0.3-py3.10.egg-info/top_level.txt
[11.290s] -- Symlinking: /home/eleanorlow/robo1/src/Robo1_HAJE/install/robo1_haje/local/lib/python3.10/dist-packages/robo1_haje/__init__.py
[11.297s] -- Symlinking: /home/eleanorlow/robo1/src/Robo1_HAJE/install/robo1_haje/local/lib/python3.10/dist-packages/robo1_haje/fireRiskCreateMap.py
[11.302s] -- Symlinking: /home/eleanorlow/robo1/src/Robo1_HAJE/install/robo1_haje/local/lib/python3.10/dist-packages/robo1_haje/fireriskMap.py
[11.308s] -- Symlinking: /home/eleanorlow/robo1/src/Robo1_HAJE/install/robo1_haje/local/lib/python3.10/dist-packages/robo1_haje/movement_node.py
[11.314s] -- Symlinking: /home/eleanorlow/robo1/src/Robo1_HAJE/install/robo1_haje/lib/robo1_haje/movement_node.py
[11.320s] -- Symlinking: /home/eleanorlow/robo1/src/Robo1_HAJE/install/robo1_haje/lib/robo1_haje/fireRiskCreateMap.py
[11.326s] -- Symlinking: /home/eleanorlow/robo1/src/Robo1_HAJE/install/robo1_haje/lib/robo1_haje/tree_detector
[11.332s] -- Symlinking: /home/eleanorlow/robo1/src/Robo1_HAJE/install/robo1_haje/share/robo1_haje/config/drone.rviz
[11.337s] -- Symlinking: /home/eleanorlow/robo1/src/Robo1_HAJE/install/robo1_haje/share/robo1_haje/config/gazebo_bridge.yaml
[11.343s] -- Symlinking: /home/eleanorlow/robo1/src/Robo1_HAJE/install/robo1_haje/share/robo1_haje/config/movement_params.yaml
[11.349s] -- Symlinking: /home/eleanorlow/robo1/src/Robo1_HAJE/install/robo1_haje/share/robo1_haje/config/nav2_params.yaml
[11.355s] -- Symlinking: /home/eleanorlow/robo1/src/Robo1_HAJE/install/robo1_haje/share/robo1_haje/config/robot_localization.yaml
[11.360s] -- Symlinking: /home/eleanorlow/robo1/src/Robo1_HAJE/install/robo1_haje/share/robo1_haje/config/slam_params.yaml
[11.367s] -- Symlinking: /home/eleanorlow/robo1/src/Robo1_HAJE/install/robo1_haje/share/robo1_haje/launch/drone_ignition.launch.py
[11.374s] -- Symlinking: /home/eleanorlow/robo1/src/Robo1_HAJE/install/robo1_haje/share/robo1_haje/launch/drone_navigation.launch.py
[11.380s] -- Symlinking: /home/eleanorlow/robo1/src/Robo1_HAJE/install/robo1_haje/share/robo1_haje/launch/launch.py
[11.386s] -- Symlinking: /home/eleanorlow/robo1/src/Robo1_HAJE/install/robo1_haje/share/robo1_haje/launch/launch_2.py
[11.392s] -- Symlinking: /home/eleanorlow/robo1/src/Robo1_HAJE/install/robo1_haje/share/robo1_haje/launch/sim.launch.py
[11.399s] -- Symlinking: /home/eleanorlow/robo1/src/Robo1_HAJE/install/robo1_haje/share/robo1_haje/models/bush_3/meshes/Summer_B.jpg
[11.406s] -- Symlinking: /home/eleanorlow/robo1/src/Robo1_HAJE/install/robo1_haje/share/robo1_haje/models/bush_3/meshes/bush_3.mtl
[11.412s] -- Symlinking: /home/eleanorlow/robo1/src/Robo1_HAJE/install/robo1_haje/share/robo1_haje/models/bush_3/meshes/bush_3.obj
[11.420s] -- Symlinking: /home/eleanorlow/robo1/src/Robo1_HAJE/install/robo1_haje/share/robo1_haje/models/bush_3/model.config
[11.426s] -- Symlinking: /home/eleanorlow/robo1/src/Robo1_HAJE/install/robo1_haje/share/robo1_haje/models/bush_3/model.sdf
[11.434s] -- Symlinking: /home/eleanorlow/robo1/src/Robo1_HAJE/install/robo1_haje/share/robo1_haje/models/forest_plane/materials/textures/empty_grass.png
[11.441s] -- Symlinking: /home/eleanorlow/robo1/src/Robo1_HAJE/install/robo1_haje/share/robo1_haje/models/forest_plane/materials/textures/forest_overhead.png
[11.447s] -- Symlinking: /home/eleanorlow/robo1/src/Robo1_HAJE/install/robo1_haje/share/robo1_haje/models/forest_plane/materials/textures/leaf_litter.png
[11.452s] -- Symlinking: /home/eleanorlow/robo1/src/Robo1_HAJE/install/robo1_haje/share/robo1_haje/models/forest_plane/model.config
[11.458s] -- Symlinking: /home/eleanorlow/robo1/src/Robo1_HAJE/install/robo1_haje/share/robo1_haje/models/forest_plane/model.sdf
[11.464s] -- Symlinking: /home/eleanorlow/robo1/src/Robo1_HAJE/install/robo1_haje/share/robo1_haje/models/forest_wall/materials/textures/forest_wall.png
[11.470s] -- Symlinking: /home/eleanorlow/robo1/src/Robo1_HAJE/install/robo1_haje/share/robo1_haje/models/forest_wall/materials/textures/forest_wall_transparent.png
[11.476s] -- Symlinking: /home/eleanorlow/robo1/src/Robo1_HAJE/install/robo1_haje/share/robo1_haje/models/forest_wall/materials/textures/forest_wall_transparent_small.png
[11.482s] -- Symlinking: /home/eleanorlow/robo1/src/Robo1_HAJE/install/robo1_haje/share/robo1_haje/models/forest_wall/model.config
[11.488s] -- Symlinking: /home/eleanorlow/robo1/src/Robo1_HAJE/install/robo1_haje/share/robo1_haje/models/forest_wall/model.sdf
[11.494s] -- Symlinking: /home/eleanorlow/robo1/src/Robo1_HAJE/install/robo1_haje/share/robo1_haje/models/grass_plane/materials/textures/empty_grass.png
[11.500s] -- Symlinking: /home/eleanorlow/robo1/src/Robo1_HAJE/install/robo1_haje/share/robo1_haje/models/grass_plane/model.config
[11.505s] -- Symlinking: /home/eleanorlow/robo1/src/Robo1_HAJE/install/robo1_haje/share/robo1_haje/models/grass_plane/model.sdf
[11.511s] -- Symlinking: /home/eleanorlow/robo1/src/Robo1_HAJE/install/robo1_haje/share/robo1_haje/models/palm_tree/meshes/model/__Wood_Lumber_ButtJoined_.jpg
[11.519s] -- Symlinking: /home/eleanorlow/robo1/src/Robo1_HAJE/install/robo1_haje/share/robo1_haje/models/palm_tree/meshes/palm_tree.dae
[11.525s] -- Symlinking: /home/eleanorlow/robo1/src/Robo1_HAJE/install/robo1_haje/share/robo1_haje/models/palm_tree/model.config
[11.532s] -- Symlinking: /home/eleanorlow/robo1/src/Robo1_HAJE/install/robo1_haje/share/robo1_haje/models/palm_tree/model.sdf
[11.537s] -- Symlinking: /home/eleanorlow/robo1/src/Robo1_HAJE/install/robo1_haje/share/robo1_haje/models/tree_1/meshes/Sonnerat.jpg
[11.543s] -- Symlinking: /home/eleanorlow/robo1/src/Robo1_HAJE/install/robo1_haje/share/robo1_haje/models/tree_1/meshes/tree_1.mtl
[11.549s] -- Symlinking: /home/eleanorlow/robo1/src/Robo1_HAJE/install/robo1_haje/share/robo1_haje/models/tree_1/meshes/tree_1.obj
[11.555s] -- Symlinking: /home/eleanorlow/robo1/src/Robo1_HAJE/install/robo1_haje/share/robo1_haje/models/tree_1/model.config
[11.561s] -- Symlinking: /home/eleanorlow/robo1/src/Robo1_HAJE/install/robo1_haje/share/robo1_haje/models/tree_1/model.sdf
[11.569s] -- Symlinking: /home/eleanorlow/robo1/src/Robo1_HAJE/install/robo1_haje/share/robo1_haje/models/tree_2/meshes/Mossy_Tr.jpg
[11.575s] -- Symlinking: /home/eleanorlow/robo1/src/Robo1_HAJE/install/robo1_haje/share/robo1_haje/models/tree_2/meshes/Walnut_L.jpg
[11.583s] -- Symlinking: /home/eleanorlow/robo1/src/Robo1_HAJE/install/robo1_haje/share/robo1_haje/models/tree_2/meshes/tree_2.mtl
[11.591s] -- Symlinking: /home/eleanorlow/robo1/src/Robo1_HAJE/install/robo1_haje/share/robo1_haje/models/tree_2/meshes/tree_2.obj
[11.597s] -- Symlinking: /home/eleanorlow/robo1/src/Robo1_HAJE/install/robo1_haje/share/robo1_haje/models/tree_2/model.config
[11.603s] -- Symlinking: /home/eleanorlow/robo1/src/Robo1_HAJE/install/robo1_haje/share/robo1_haje/models/tree_2/model.sdf
[11.609s] -- Symlinking: /home/eleanorlow/robo1/src/Robo1_HAJE/install/robo1_haje/share/robo1_haje/urdf/common_properties.urdf.xacro
[11.614s] -- Symlinking: /home/eleanorlow/robo1/src/Robo1_HAJE/install/robo1_haje/share/robo1_haje/urdf/drone.gazebo.xacro
[11.620s] -- Symlinking: /home/eleanorlow/robo1/src/Robo1_HAJE/install/robo1_haje/share/robo1_haje/urdf/drone.urdf.xacro
[11.626s] -- Symlinking: /home/eleanorlow/robo1/src/Robo1_HAJE/install/robo1_haje/share/robo1_haje/urdf/meshes/hull.dae
[11.632s] -- Symlinking: /home/eleanorlow/robo1/src/Robo1_HAJE/install/robo1_haje/share/robo1_haje/urdf/meshes/propeller_fl.dae
[11.638s] -- Symlinking: /home/eleanorlow/robo1/src/Robo1_HAJE/install/robo1_haje/share/robo1_haje/urdf/meshes/propeller_fr.dae
[11.643s] -- Symlinking: /home/eleanorlow/robo1/src/Robo1_HAJE/install/robo1_haje/share/robo1_haje/urdf/meshes/propeller_rl.dae
[11.649s] -- Symlinking: /home/eleanorlow/robo1/src/Robo1_HAJE/install/robo1_haje/share/robo1_haje/urdf/meshes/propeller_rr.dae
[11.655s] -- Symlinking: /home/eleanorlow/robo1/src/Robo1_HAJE/install/robo1_haje/share/robo1_haje/urdf/model.config
[11.660s] -- Symlinking: /home/eleanorlow/robo1/src/Robo1_HAJE/install/robo1_haje/share/robo1_haje/urdf/model.sdf
[11.667s] -- Symlinking: /home/eleanorlow/robo1/src/Robo1_HAJE/install/robo1_haje/share/robo1_haje/worlds/large_demo.sdf
[11.673s] -- Symlinking: /home/eleanorlow/robo1/src/Robo1_HAJE/install/robo1_haje/share/robo1_haje/worlds/simple_trees.sdf
[11.678s] -- Symlinking: /home/eleanorlow/robo1/src/Robo1_HAJE/install/robo1_haje/share/robo1_haje/src/Detection.cpp
[11.684s] -- Symlinking: /home/eleanorlow/robo1/src/Robo1_HAJE/install/robo1_haje/share/robo1_haje/src/Detection.h
[11.690s] -- Symlinking: /home/eleanorlow/robo1/src/Robo1_HAJE/install/robo1_haje/share/robo1_haje/src/__pycache__/fireRiskgraph.cpython-310.pyc
[11.696s] -- Symlinking: /home/eleanorlow/robo1/src/Robo1_HAJE/install/robo1_haje/share/robo1_haje/src/__pycache__/fireriskMap.cpython-310.pyc
[11.702s] -- Symlinking: /home/eleanorlow/robo1/src/Robo1_HAJE/install/robo1_haje/share/ament_index/resource_index/package_run_dependencies/robo1_haje
[11.708s] -- Symlinking: /home/eleanorlow/robo1/src/Robo1_HAJE/install/robo1_haje/share/ament_index/resource_index/parent_prefix_path/robo1_haje
[11.714s] -- Symlinking: /home/eleanorlow/robo1/src/Robo1_HAJE/install/robo1_haje/share/robo1_haje/environment/ament_prefix_path.sh
[11.720s] -- Symlinking: /home/eleanorlow/robo1/src/Robo1_HAJE/install/robo1_haje/share/robo1_haje/environment/ament_prefix_path.dsv
[11.726s] -- Symlinking: /home/eleanorlow/robo1/src/Robo1_HAJE/install/robo1_haje/share/robo1_haje/environment/path.sh
[11.732s] -- Symlinking: /home/eleanorlow/robo1/src/Robo1_HAJE/install/robo1_haje/share/robo1_haje/environment/path.dsv
[11.738s] -- Symlinking: /home/eleanorlow/robo1/src/Robo1_HAJE/install/robo1_haje/share/robo1_haje/local_setup.bash
[11.744s] -- Symlinking: /home/eleanorlow/robo1/src/Robo1_HAJE/install/robo1_haje/share/robo1_haje/local_setup.sh
[11.750s] -- Symlinking: /home/eleanorlow/robo1/src/Robo1_HAJE/install/robo1_haje/share/robo1_haje/local_setup.zsh
[11.756s] -- Symlinking: /home/eleanorlow/robo1/src/Robo1_HAJE/install/robo1_haje/share/robo1_haje/local_setup.dsv
[11.762s] -- Symlinking: /home/eleanorlow/robo1/src/Robo1_HAJE/install/robo1_haje/share/robo1_haje/package.dsv
[11.768s] -- Symlinking: /home/eleanorlow/robo1/src/Robo1_HAJE/install/robo1_haje/share/ament_index/resource_index/packages/robo1_haje
[11.774s] -- Symlinking: /home/eleanorlow/robo1/src/Robo1_HAJE/install/robo1_haje/share/robo1_haje/cmake/robo1_hajeConfig.cmake
[11.780s] -- Symlinking: /home/eleanorlow/robo1/src/Robo1_HAJE/install/robo1_haje/share/robo1_haje/cmake/robo1_hajeConfig-version.cmake
[11.786s] -- Symlinking: /home/eleanorlow/robo1/src/Robo1_HAJE/install/robo1_haje/share/robo1_haje/package.xml
[11.818s] Listing '/home/eleanorlow/robo1/src/Robo1_HAJE/install/robo1_haje/local/lib/python3.10/dist-packages/robo1_haje'...
[11.818s] Compiling '/home/eleanorlow/robo1/src/Robo1_HAJE/install/robo1_haje/local/lib/python3.10/dist-packages/robo1_haje/__init__.py'...
[11.818s] Compiling '/home/eleanorlow/robo1/src/Robo1_HAJE/install/robo1_haje/local/lib/python3.10/dist-packages/robo1_haje/fireRiskCreateMap.py'...
[11.818s] Compiling '/home/eleanorlow/robo1/src/Robo1_HAJE/install/robo1_haje/local/lib/python3.10/dist-packages/robo1_haje/fireriskMap.py'...
[11.818s] Compiling '/home/eleanorlow/robo1/src/Robo1_HAJE/install/robo1_haje/local/lib/python3.10/dist-packages/robo1_haje/movement_node.py'...
[11.823s] Invoked command in '/home/eleanorlow/robo1/src/Robo1_HAJE/build/robo1_haje' returned '0': CMAKE_PREFIX_PATH=/home/eleanorlow/robo1/install/robo1_haje:/opt/ros/humble /usr/bin/cmake --install /home/eleanorlow/robo1/src/Robo1_HAJE/build/robo1_haje
