[0.072s] DEBUG:colcon:Command line arguments: ['/usr/bin/colcon', 'build']
[0.072s] DEBUG:colcon:Parsed command line arguments: Namespace(log_base=None, log_level=None, verb_name='build', build_base='build', install_base='install', merge_install=False, symlink_install=False, test_result_base=None, continue_on_error=False, executor='parallel', parallel_workers=8, event_handlers=None, ignore_user_meta=False, metas=['./colcon.meta'], base_paths=['.'], packages_ignore=None, packages_ignore_regex=None, paths=None, packages_up_to=None, packages_up_to_regex=None, packages_above=None, packages_above_and_dependencies=None, packages_above_depth=None, packages_select_by_dep=None, packages_skip_by_dep=None, packages_skip_up_to=None, packages_select_build_failed=False, packages_skip_build_finished=False, packages_select_test_failures=False, packages_skip_test_passed=False, packages_select=None, packages_skip=None, packages_select_regex=None, packages_skip_regex=None, packages_start=None, packages_end=None, allow_overriding=[], cmake_args=None, cmake_target=None, cmake_target_skip_unavailable=False, cmake_clean_cache=False, cmake_clean_first=False, cmake_force_configure=False, ament_cmake_args=None, catkin_cmake_args=None, catkin_skip_building_tests=False, mixin_files=None, mixin=None, verb_parser=<colcon_mixin.mixin.mixin_argument.MixinArgumentDecorator object at 0x7f42378623e0>, verb_extension=<colcon_core.verb.build.BuildVerb object at 0x7f4237861930>, main=<bound method BuildVerb.main of <colcon_core.verb.build.BuildVerb object at 0x7f4237861930>>, mixin_verb=('build',))
[0.180s] Level 1:colcon.colcon_core.package_discovery:discover_packages(colcon_meta) check parameters
[0.180s] Level 1:colcon.colcon_core.package_discovery:discover_packages(recursive) check parameters
[0.180s] Level 1:colcon.colcon_core.package_discovery:discover_packages(ignore) check parameters
[0.180s] Level 1:colcon.colcon_core.package_discovery:discover_packages(path) check parameters
[0.180s] Level 1:colcon.colcon_core.package_discovery:discover_packages(colcon_meta) discover
[0.180s] Level 1:colcon.colcon_core.package_discovery:discover_packages(recursive) discover
[0.180s] INFO:colcon.colcon_core.package_discovery:Crawling recursively for packages in '/home/eleanorlow/robo1/Robo1_HAJE/models'
[0.180s] Level 1:colcon.colcon_core.package_identification:_identify(.) by extensions ['ignore', 'ignore_ament_install']
[0.180s] Level 1:colcon.colcon_core.package_identification:_identify(.) by extension 'ignore'
[0.180s] Level 1:colcon.colcon_core.package_identification:_identify(.) by extension 'ignore_ament_install'
[0.180s] Level 1:colcon.colcon_core.package_identification:_identify(.) by extensions ['colcon_pkg']
[0.180s] Level 1:colcon.colcon_core.package_identification:_identify(.) by extension 'colcon_pkg'
[0.180s] Level 1:colcon.colcon_core.package_identification:_identify(.) by extensions ['colcon_meta']
[0.180s] Level 1:colcon.colcon_core.package_identification:_identify(.) by extension 'colcon_meta'
[0.180s] Level 1:colcon.colcon_core.package_identification:_identify(.) by extensions ['ros']
[0.180s] Level 1:colcon.colcon_core.package_identification:_identify(.) by extension 'ros'
[0.188s] Level 1:colcon.colcon_core.package_identification:_identify(.) by extensions ['cmake', 'python']
[0.188s] Level 1:colcon.colcon_core.package_identification:_identify(.) by extension 'cmake'
[0.188s] Level 1:colcon.colcon_core.package_identification:_identify(.) by extension 'python'
[0.188s] Level 1:colcon.colcon_core.package_identification:_identify(.) by extensions ['python_setup_py']
[0.188s] Level 1:colcon.colcon_core.package_identification:_identify(.) by extension 'python_setup_py'
[0.188s] Level 1:colcon.colcon_core.package_identification:_identify(build) by extensions ['ignore', 'ignore_ament_install']
[0.188s] Level 1:colcon.colcon_core.package_identification:_identify(build) by extension 'ignore'
[0.188s] Level 1:colcon.colcon_core.package_identification:_identify(build) ignored
[0.188s] Level 1:colcon.colcon_core.package_identification:_identify(install) by extensions ['ignore', 'ignore_ament_install']
[0.188s] Level 1:colcon.colcon_core.package_identification:_identify(install) by extension 'ignore'
[0.188s] Level 1:colcon.colcon_core.package_identification:_identify(install) ignored
[0.188s] Level 1:colcon.colcon_core.package_identification:_identify(log) by extensions ['ignore', 'ignore_ament_install']
[0.188s] Level 1:colcon.colcon_core.package_identification:_identify(log) by extension 'ignore'
[0.188s] Level 1:colcon.colcon_core.package_identification:_identify(log) ignored
[0.188s] Level 1:colcon.colcon_core.package_identification:_identify(project_gazebo) by extensions ['ignore', 'ignore_ament_install']
[0.188s] Level 1:colcon.colcon_core.package_identification:_identify(project_gazebo) by extension 'ignore'
[0.188s] Level 1:colcon.colcon_core.package_identification:_identify(project_gazebo) by extension 'ignore_ament_install'
[0.188s] Level 1:colcon.colcon_core.package_identification:_identify(project_gazebo) by extensions ['colcon_pkg']
[0.189s] Level 1:colcon.colcon_core.package_identification:_identify(project_gazebo) by extension 'colcon_pkg'
[0.189s] Level 1:colcon.colcon_core.package_identification:_identify(project_gazebo) by extensions ['colcon_meta']
[0.189s] Level 1:colcon.colcon_core.package_identification:_identify(project_gazebo) by extension 'colcon_meta'
[0.189s] Level 1:colcon.colcon_core.package_identification:_identify(project_gazebo) by extensions ['ros']
[0.189s] Level 1:colcon.colcon_core.package_identification:_identify(project_gazebo) by extension 'ros'
[0.189s] Level 1:colcon.colcon_core.package_identification:_identify(project_gazebo) by extensions ['cmake', 'python']
[0.189s] Level 1:colcon.colcon_core.package_identification:_identify(project_gazebo) by extension 'cmake'
[0.189s] Level 1:colcon.colcon_core.package_identification:_identify(project_gazebo) by extension 'python'
[0.189s] Level 1:colcon.colcon_core.package_identification:_identify(project_gazebo) by extensions ['python_setup_py']
[0.189s] Level 1:colcon.colcon_core.package_identification:_identify(project_gazebo) by extension 'python_setup_py'
[0.189s] Level 1:colcon.colcon_core.package_identification:_identify(project_gazebo/build) by extensions ['ignore', 'ignore_ament_install']
[0.189s] Level 1:colcon.colcon_core.package_identification:_identify(project_gazebo/build) by extension 'ignore'
[0.189s] Level 1:colcon.colcon_core.package_identification:_identify(project_gazebo/build) ignored
[0.189s] Level 1:colcon.colcon_core.package_identification:_identify(project_gazebo/config) by extensions ['ignore', 'ignore_ament_install']
[0.189s] Level 1:colcon.colcon_core.package_identification:_identify(project_gazebo/config) by extension 'ignore'
[0.189s] Level 1:colcon.colcon_core.package_identification:_identify(project_gazebo/config) by extension 'ignore_ament_install'
[0.189s] Level 1:colcon.colcon_core.package_identification:_identify(project_gazebo/config) by extensions ['colcon_pkg']
[0.189s] Level 1:colcon.colcon_core.package_identification:_identify(project_gazebo/config) by extension 'colcon_pkg'
[0.189s] Level 1:colcon.colcon_core.package_identification:_identify(project_gazebo/config) by extensions ['colcon_meta']
[0.189s] Level 1:colcon.colcon_core.package_identification:_identify(project_gazebo/config) by extension 'colcon_meta'
[0.189s] Level 1:colcon.colcon_core.package_identification:_identify(project_gazebo/config) by extensions ['ros']
[0.189s] Level 1:colcon.colcon_core.package_identification:_identify(project_gazebo/config) by extension 'ros'
[0.189s] Level 1:colcon.colcon_core.package_identification:_identify(project_gazebo/config) by extensions ['cmake', 'python']
[0.189s] Level 1:colcon.colcon_core.package_identification:_identify(project_gazebo/config) by extension 'cmake'
[0.189s] Level 1:colcon.colcon_core.package_identification:_identify(project_gazebo/config) by extension 'python'
[0.189s] Level 1:colcon.colcon_core.package_identification:_identify(project_gazebo/config) by extensions ['python_setup_py']
[0.189s] Level 1:colcon.colcon_core.package_identification:_identify(project_gazebo/config) by extension 'python_setup_py'
[0.189s] Level 1:colcon.colcon_core.package_identification:_identify(project_gazebo/config_ground_station) by extensions ['ignore', 'ignore_ament_install']
[0.189s] Level 1:colcon.colcon_core.package_identification:_identify(project_gazebo/config_ground_station) by extension 'ignore'
[0.189s] Level 1:colcon.colcon_core.package_identification:_identify(project_gazebo/config_ground_station) by extension 'ignore_ament_install'
[0.189s] Level 1:colcon.colcon_core.package_identification:_identify(project_gazebo/config_ground_station) by extensions ['colcon_pkg']
[0.189s] Level 1:colcon.colcon_core.package_identification:_identify(project_gazebo/config_ground_station) by extension 'colcon_pkg'
[0.189s] Level 1:colcon.colcon_core.package_identification:_identify(project_gazebo/config_ground_station) by extensions ['colcon_meta']
[0.189s] Level 1:colcon.colcon_core.package_identification:_identify(project_gazebo/config_ground_station) by extension 'colcon_meta'
[0.189s] Level 1:colcon.colcon_core.package_identification:_identify(project_gazebo/config_ground_station) by extensions ['ros']
[0.190s] Level 1:colcon.colcon_core.package_identification:_identify(project_gazebo/config_ground_station) by extension 'ros'
[0.190s] Level 1:colcon.colcon_core.package_identification:_identify(project_gazebo/config_ground_station) by extensions ['cmake', 'python']
[0.190s] Level 1:colcon.colcon_core.package_identification:_identify(project_gazebo/config_ground_station) by extension 'cmake'
[0.190s] Level 1:colcon.colcon_core.package_identification:_identify(project_gazebo/config_ground_station) by extension 'python'
[0.190s] Level 1:colcon.colcon_core.package_identification:_identify(project_gazebo/config_ground_station) by extensions ['python_setup_py']
[0.190s] Level 1:colcon.colcon_core.package_identification:_identify(project_gazebo/config_ground_station) by extension 'python_setup_py'
[0.190s] Level 1:colcon.colcon_core.package_identification:_identify(project_gazebo/install) by extensions ['ignore', 'ignore_ament_install']
[0.190s] Level 1:colcon.colcon_core.package_identification:_identify(project_gazebo/install) by extension 'ignore'
[0.190s] Level 1:colcon.colcon_core.package_identification:_identify(project_gazebo/install) ignored
[0.190s] Level 1:colcon.colcon_core.package_identification:_identify(project_gazebo/log) by extensions ['ignore', 'ignore_ament_install']
[0.190s] Level 1:colcon.colcon_core.package_identification:_identify(project_gazebo/log) by extension 'ignore'
[0.190s] Level 1:colcon.colcon_core.package_identification:_identify(project_gazebo/log) ignored
[0.190s] Level 1:colcon.colcon_core.package_identification:_identify(project_gazebo/rosbag) by extensions ['ignore', 'ignore_ament_install']
[0.190s] Level 1:colcon.colcon_core.package_identification:_identify(project_gazebo/rosbag) by extension 'ignore'
[0.190s] Level 1:colcon.colcon_core.package_identification:_identify(project_gazebo/rosbag) by extension 'ignore_ament_install'
[0.190s] Level 1:colcon.colcon_core.package_identification:_identify(project_gazebo/rosbag) by extensions ['colcon_pkg']
[0.190s] Level 1:colcon.colcon_core.package_identification:_identify(project_gazebo/rosbag) by extension 'colcon_pkg'
[0.190s] Level 1:colcon.colcon_core.package_identification:_identify(project_gazebo/rosbag) by extensions ['colcon_meta']
[0.190s] Level 1:colcon.colcon_core.package_identification:_identify(project_gazebo/rosbag) by extension 'colcon_meta'
[0.190s] Level 1:colcon.colcon_core.package_identification:_identify(project_gazebo/rosbag) by extensions ['ros']
[0.190s] Level 1:colcon.colcon_core.package_identification:_identify(project_gazebo/rosbag) by extension 'ros'
[0.190s] Level 1:colcon.colcon_core.package_identification:_identify(project_gazebo/rosbag) by extensions ['cmake', 'python']
[0.190s] Level 1:colcon.colcon_core.package_identification:_identify(project_gazebo/rosbag) by extension 'cmake'
[0.190s] Level 1:colcon.colcon_core.package_identification:_identify(project_gazebo/rosbag) by extension 'python'
[0.190s] Level 1:colcon.colcon_core.package_identification:_identify(project_gazebo/rosbag) by extensions ['python_setup_py']
[0.190s] Level 1:colcon.colcon_core.package_identification:_identify(project_gazebo/rosbag) by extension 'python_setup_py'
[0.190s] Level 1:colcon.colcon_core.package_identification:_identify(project_gazebo/tmuxinator) by extensions ['ignore', 'ignore_ament_install']
[0.190s] Level 1:colcon.colcon_core.package_identification:_identify(project_gazebo/tmuxinator) by extension 'ignore'
[0.190s] Level 1:colcon.colcon_core.package_identification:_identify(project_gazebo/tmuxinator) by extension 'ignore_ament_install'
[0.190s] Level 1:colcon.colcon_core.package_identification:_identify(project_gazebo/tmuxinator) by extensions ['colcon_pkg']
[0.190s] Level 1:colcon.colcon_core.package_identification:_identify(project_gazebo/tmuxinator) by extension 'colcon_pkg'
[0.190s] Level 1:colcon.colcon_core.package_identification:_identify(project_gazebo/tmuxinator) by extensions ['colcon_meta']
[0.190s] Level 1:colcon.colcon_core.package_identification:_identify(project_gazebo/tmuxinator) by extension 'colcon_meta'
[0.190s] Level 1:colcon.colcon_core.package_identification:_identify(project_gazebo/tmuxinator) by extensions ['ros']
[0.191s] Level 1:colcon.colcon_core.package_identification:_identify(project_gazebo/tmuxinator) by extension 'ros'
[0.191s] Level 1:colcon.colcon_core.package_identification:_identify(project_gazebo/tmuxinator) by extensions ['cmake', 'python']
[0.191s] Level 1:colcon.colcon_core.package_identification:_identify(project_gazebo/tmuxinator) by extension 'cmake'
[0.191s] Level 1:colcon.colcon_core.package_identification:_identify(project_gazebo/tmuxinator) by extension 'python'
[0.191s] Level 1:colcon.colcon_core.package_identification:_identify(project_gazebo/tmuxinator) by extensions ['python_setup_py']
[0.191s] Level 1:colcon.colcon_core.package_identification:_identify(project_gazebo/tmuxinator) by extension 'python_setup_py'
[0.191s] Level 1:colcon.colcon_core.package_identification:_identify(project_gazebo/trees) by extensions ['ignore', 'ignore_ament_install']
[0.191s] Level 1:colcon.colcon_core.package_identification:_identify(project_gazebo/trees) by extension 'ignore'
[0.191s] Level 1:colcon.colcon_core.package_identification:_identify(project_gazebo/trees) by extension 'ignore_ament_install'
[0.191s] Level 1:colcon.colcon_core.package_identification:_identify(project_gazebo/trees) by extensions ['colcon_pkg']
[0.191s] Level 1:colcon.colcon_core.package_identification:_identify(project_gazebo/trees) by extension 'colcon_pkg'
[0.191s] Level 1:colcon.colcon_core.package_identification:_identify(project_gazebo/trees) by extensions ['colcon_meta']
[0.191s] Level 1:colcon.colcon_core.package_identification:_identify(project_gazebo/trees) by extension 'colcon_meta'
[0.191s] Level 1:colcon.colcon_core.package_identification:_identify(project_gazebo/trees) by extensions ['ros']
[0.191s] Level 1:colcon.colcon_core.package_identification:_identify(project_gazebo/trees) by extension 'ros'
[0.191s] Level 1:colcon.colcon_core.package_identification:_identify(project_gazebo/trees) by extensions ['cmake', 'python']
[0.191s] Level 1:colcon.colcon_core.package_identification:_identify(project_gazebo/trees) by extension 'cmake'
[0.191s] Level 1:colcon.colcon_core.package_identification:_identify(project_gazebo/trees) by extension 'python'
[0.191s] Level 1:colcon.colcon_core.package_identification:_identify(project_gazebo/trees) by extensions ['python_setup_py']
[0.191s] Level 1:colcon.colcon_core.package_identification:_identify(project_gazebo/trees) by extension 'python_setup_py'
[0.191s] Level 1:colcon.colcon_core.package_identification:_identify(project_gazebo/utils) by extensions ['ignore', 'ignore_ament_install']
[0.191s] Level 1:colcon.colcon_core.package_identification:_identify(project_gazebo/utils) by extension 'ignore'
[0.191s] Level 1:colcon.colcon_core.package_identification:_identify(project_gazebo/utils) by extension 'ignore_ament_install'
[0.191s] Level 1:colcon.colcon_core.package_identification:_identify(project_gazebo/utils) by extensions ['colcon_pkg']
[0.191s] Level 1:colcon.colcon_core.package_identification:_identify(project_gazebo/utils) by extension 'colcon_pkg'
[0.191s] Level 1:colcon.colcon_core.package_identification:_identify(project_gazebo/utils) by extensions ['colcon_meta']
[0.191s] Level 1:colcon.colcon_core.package_identification:_identify(project_gazebo/utils) by extension 'colcon_meta'
[0.191s] Level 1:colcon.colcon_core.package_identification:_identify(project_gazebo/utils) by extensions ['ros']
[0.191s] Level 1:colcon.colcon_core.package_identification:_identify(project_gazebo/utils) by extension 'ros'
[0.191s] Level 1:colcon.colcon_core.package_identification:_identify(project_gazebo/utils) by extensions ['cmake', 'python']
[0.191s] Level 1:colcon.colcon_core.package_identification:_identify(project_gazebo/utils) by extension 'cmake'
[0.191s] Level 1:colcon.colcon_core.package_identification:_identify(project_gazebo/utils) by extension 'python'
[0.191s] Level 1:colcon.colcon_core.package_identification:_identify(project_gazebo/utils) by extensions ['python_setup_py']
[0.191s] Level 1:colcon.colcon_core.package_identification:_identify(project_gazebo/utils) by extension 'python_setup_py'
[0.192s] Level 1:colcon.colcon_core.package_discovery:discover_packages(recursive) using defaults
[0.192s] Level 1:colcon.colcon_core.package_discovery:discover_packages(ignore) discover
[0.192s] Level 1:colcon.colcon_core.package_discovery:discover_packages(ignore) using defaults
[0.192s] Level 1:colcon.colcon_core.package_discovery:discover_packages(path) discover
[0.192s] Level 1:colcon.colcon_core.package_discovery:discover_packages(path) using defaults
[0.213s] Level 1:colcon.colcon_core.package_discovery:discover_packages(prefix_path) check parameters
[0.213s] Level 1:colcon.colcon_core.package_discovery:discover_packages(prefix_path) discover
[0.214s] DEBUG:colcon.colcon_installed_package_information.package_discovery:Found 3 installed packages in /home/eleanorlow/robo1/install
[0.214s] DEBUG:colcon.colcon_installed_package_information.package_discovery:Found 3 installed packages in /home/eleanorlow/spcrob/ros_ws/install
[0.215s] DEBUG:colcon.colcon_installed_package_information.package_discovery:Found 1 installed packages in /home/eleanorlow/spcrob/pythonTutorial/colcon_ws/install
[0.215s] DEBUG:colcon.colcon_installed_package_information.package_discovery:Found 328 installed packages in /opt/ros/humble
[0.217s] Level 1:colcon.colcon_core.package_discovery:discover_packages(prefix_path) using defaults
[0.243s] INFO:colcon.colcon_core.executor:Executing jobs using 'parallel' executor
[0.244s] DEBUG:colcon.colcon_parallel_executor.executor.parallel:run_until_complete
[0.245s] DEBUG:colcon.colcon_parallel_executor.executor.parallel:closing loop
[0.245s] DEBUG:colcon.colcon_parallel_executor.executor.parallel:loop closed
[0.245s] DEBUG:colcon.colcon_parallel_executor.executor.parallel:run_until_complete finished with '0'
[0.245s] DEBUG:colcon.colcon_core.event_reactor:joining thread
[0.248s] INFO:colcon.colcon_core.plugin_system:Skipping extension 'colcon_notification.desktop_notification.terminal_notifier': Not used on non-Darwin systems
[0.248s] INFO:colcon.colcon_core.plugin_system:Skipping extension 'colcon_notification.desktop_notification.win32': Not used on non-Windows systems
[0.248s] INFO:colcon.colcon_notification.desktop_notification:Sending desktop notification using 'notify2'
[0.256s] DEBUG:colcon.colcon_core.event_reactor:joined thread
[0.257s] INFO:colcon.colcon_core.plugin_system:Skipping extension 'colcon_core.shell.bat': Not used on non-Windows systems
[0.258s] INFO:colcon.colcon_core.shell:Creating prefix script '/home/eleanorlow/robo1/Robo1_HAJE/models/install/local_setup.ps1'
[0.258s] INFO:colcon.colcon_core.shell:Creating prefix util module '/home/eleanorlow/robo1/Robo1_HAJE/models/install/_local_setup_util_ps1.py'
[0.260s] INFO:colcon.colcon_core.shell:Creating prefix chain script '/home/eleanorlow/robo1/Robo1_HAJE/models/install/setup.ps1'
[0.260s] INFO:colcon.colcon_core.shell:Creating prefix script '/home/eleanorlow/robo1/Robo1_HAJE/models/install/local_setup.sh'
[0.261s] INFO:colcon.colcon_core.shell:Creating prefix util module '/home/eleanorlow/robo1/Robo1_HAJE/models/install/_local_setup_util_sh.py'
[0.261s] INFO:colcon.colcon_core.shell:Creating prefix chain script '/home/eleanorlow/robo1/Robo1_HAJE/models/install/setup.sh'
[0.262s] INFO:colcon.colcon_core.shell:Creating prefix script '/home/eleanorlow/robo1/Robo1_HAJE/models/install/local_setup.bash'
[0.262s] INFO:colcon.colcon_core.shell:Creating prefix chain script '/home/eleanorlow/robo1/Robo1_HAJE/models/install/setup.bash'
[0.263s] INFO:colcon.colcon_core.shell:Creating prefix script '/home/eleanorlow/robo1/Robo1_HAJE/models/install/local_setup.zsh'
[0.263s] INFO:colcon.colcon_core.shell:Creating prefix chain script '/home/eleanorlow/robo1/Robo1_HAJE/models/install/setup.zsh'
